Loading plugins phase: Elapsed time ==> 0s.749ms
<CYPRESSTAG name="CyDsfit arguments...">
cydsfit arguments: -.fdsnotice -.fdswarpdepfile=warp_dependencies.txt -.fdselabdepfile=elab_dependencies.txt -.fdsbldfile=generated_files.txt -.fdsreffile=referenced_files.txt -p C:\Anyboard\anyboardjs\firmware\CyPawn\Pawn_PSoC4200\Pawn_PSoC4200.cydsn\Pawn_PSoC4200.cyprj -d CY8C4247LQI-BL483 -s C:\Anyboard\anyboardjs\firmware\CyPawn\Pawn_PSoC4200\Pawn_PSoC4200.cydsn\Generated_Source\PSoC4 -- -yv2 -q10 -ygs -o2 -v3 -.fftcfgtype=LE</CYPRESSTAG>
<CYPRESSTAG name="Design elaboration results...">
</CYPRESSTAG>
Elaboration phase: Elapsed time ==> 14s.256ms
<CYPRESSTAG name="HDL generation results...">
</CYPRESSTAG>
HDL generation phase: Elapsed time ==> 0s.171ms
<CYPRESSTAG name="Synthesis results...">

     | | | | | | |
   _________________
  -|               |-
  -|               |-
  -|               |-
  -|    CYPRESS    |-
  -|               |-
  -|               |-   Warp Verilog Synthesis Compiler: Version 6.3 IR 41
  -|               |-   Copyright (C) 1991-2001 Cypress Semiconductor
   |_______________|
     | | | | | | |

======================================================================
Compiling:  Pawn_PSoC4200.v
Program  :   C:\Program Files (x86)\Cypress\PSoC Creator\4.0\PSoC Creator\warp\bin\warp.exe
Options  :    -yv2 -q10 -ygs -o2 -v3 -.fftcfgtype=LE -ya -.fftprj=C:\Anyboard\anyboardjs\firmware\CyPawn\Pawn_PSoC4200\Pawn_PSoC4200.cydsn\Pawn_PSoC4200.cyprj -dcpsoc3 Pawn_PSoC4200.v -verilog
======================================================================

======================================================================
Compiling:  Pawn_PSoC4200.v
Program  :   C:\Program Files (x86)\Cypress\PSoC Creator\4.0\PSoC Creator\warp\bin\warp.exe
Options  :    -yv2 -q10 -ygs -o2 -v3 -.fftcfgtype=LE -ya -.fftprj=C:\Anyboard\anyboardjs\firmware\CyPawn\Pawn_PSoC4200\Pawn_PSoC4200.cydsn\Pawn_PSoC4200.cyprj -dcpsoc3 Pawn_PSoC4200.v -verilog
======================================================================

======================================================================
Compiling:  Pawn_PSoC4200.v
Program  :   vlogfe
Options  :    -yv2 -q10 -ygs -o2 -v3 -.fftcfgtype=LE -ya -.fftprj=C:\Anyboard\anyboardjs\firmware\CyPawn\Pawn_PSoC4200\Pawn_PSoC4200.cydsn\Pawn_PSoC4200.cyprj -dcpsoc3 -verilog Pawn_PSoC4200.v
======================================================================

vlogfe V6.3 IR 41:  Verilog parser
Thu Jan 19 19:53:20 2017


======================================================================
Compiling:  Pawn_PSoC4200.v
Program  :   vpp
Options  :    -yv2 -q10 Pawn_PSoC4200.v
======================================================================

vpp V6.3 IR 41:  Verilog Pre-Processor
Thu Jan 19 19:53:20 2017

Flattening file 'C:\Program Files (x86)\Cypress\PSoC Creator\4.0\PSoC Creator\psoc\content\cyprimitives\CyPrimitives.cylib\ZeroTerminal\ZeroTerminal.v'
Flattening file 'C:\Program Files (x86)\Cypress\PSoC Creator\4.0\PSoC Creator\psoc\content\cyprimitives\CyPrimitives.cylib\or_v1_0\or_v1_0.v'
Flattening file 'C:\Program Files (x86)\Cypress\PSoC Creator\4.0\PSoC Creator\psoc\content\cyprimitives\CyPrimitives.cylib\cy_analog_virtualmux_v1_0\cy_analog_virtualmux_v1_0.v'
Flattening file 'C:\Program Files (x86)\Cypress\PSoC Creator\4.0\PSoC Creator\psoc\content\cycomponentlibrary\CyComponentLibrary.cylib\Bus_Connect_v2_40\Bus_Connect_v2_40.v'
Flattening file 'C:\Program Files (x86)\Cypress\PSoC Creator\4.0\PSoC Creator\warp\lib\common\cypress.v'
Flattening file 'C:\Program Files (x86)\Cypress\PSoC Creator\4.0\PSoC Creator\warp\lib\common\cy_psoc3_inc.v'
Flattening file 'C:\Program Files (x86)\Cypress\PSoC Creator\4.0\PSoC Creator\psoc\content\cyprimitives\CyPrimitives.cylib\cy_virtualmux_v1_0\cy_virtualmux_v1_0.v'
Flattening file 'C:\Program Files (x86)\Cypress\PSoC Creator\4.0\PSoC Creator\psoc\content\cyprimitives\CyPrimitives.cylib\cy_constant_v1_0\cy_constant_v1_0.v'

vpp:  No errors.

Library 'work' => directory 'lcpsoc3'
General_symbol_table
General_symbol_table
Linking 'C:\Program Files (x86)\Cypress\PSoC Creator\4.0\PSoC Creator\warp\lib\common\std.vhd'.
Linking 'C:\Program Files (x86)\Cypress\PSoC Creator\4.0\PSoC Creator\warp\lib\common\cypress.vhd'.
Linking 'C:\Program Files (x86)\Cypress\PSoC Creator\4.0\PSoC Creator\warp\lib\common\work\cypress.vif'.
Linking 'C:\Program Files (x86)\Cypress\PSoC Creator\4.0\PSoC Creator\warp\lib\ieee\work\stdlogic.vif'.
Linking 'C:\Program Files (x86)\Cypress\PSoC Creator\4.0\PSoC Creator\warp\lib\common\stdlogic\lpmpkg.vif'.
Linking 'C:\Program Files (x86)\Cypress\PSoC Creator\4.0\PSoC Creator\warp\lib\common\stdlogic\rtlpkg.vif'.
Linking 'C:\Program Files (x86)\Cypress\PSoC Creator\4.0\PSoC Creator\warp\lib\common\stdlogic\mod_cnst.vif'.
Linking 'C:\Program Files (x86)\Cypress\PSoC Creator\4.0\PSoC Creator\warp\lib\common\stdlogic\mod_mthv.vif'.
Linking 'C:\Program Files (x86)\Cypress\PSoC Creator\4.0\PSoC Creator\warp\lib\common\stdlogic\mod_genv.vif'.
Using control file 'Pawn_PSoC4200.ctl'.

vlogfe:  No errors.


======================================================================
Compiling:  Pawn_PSoC4200.v
Program  :   tovif
Options  :    -yv2 -q10 -ygs -o2 -v3 -.fftcfgtype=LE -ya -.fftprj=C:\Anyboard\anyboardjs\firmware\CyPawn\Pawn_PSoC4200\Pawn_PSoC4200.cydsn\Pawn_PSoC4200.cyprj -dcpsoc3 -verilog Pawn_PSoC4200.v
======================================================================

tovif V6.3 IR 41:  High-level synthesis
Thu Jan 19 19:53:20 2017

Linking 'C:\Program Files (x86)\Cypress\PSoC Creator\4.0\PSoC Creator\warp\lib\common\std.vhd'.
Linking 'C:\Program Files (x86)\Cypress\PSoC Creator\4.0\PSoC Creator\warp\lib\common\cypress.vhd'.
Linking 'C:\Program Files (x86)\Cypress\PSoC Creator\4.0\PSoC Creator\warp\lib\common\work\cypress.vif'.
Linking 'C:\Program Files (x86)\Cypress\PSoC Creator\4.0\PSoC Creator\warp\lib\ieee\work\stdlogic.vif'.
Linking 'C:\Program Files (x86)\Cypress\PSoC Creator\4.0\PSoC Creator\warp\lib\common\stdlogic\lpmpkg.vif'.
Linking 'C:\Program Files (x86)\Cypress\PSoC Creator\4.0\PSoC Creator\warp\lib\common\stdlogic\rtlpkg.vif'.
Linking 'C:\Program Files (x86)\Cypress\PSoC Creator\4.0\PSoC Creator\warp\lib\common\stdlogic\mod_cnst.vif'.
Linking 'C:\Program Files (x86)\Cypress\PSoC Creator\4.0\PSoC Creator\warp\lib\common\stdlogic\mod_mthv.vif'.
Linking 'C:\Program Files (x86)\Cypress\PSoC Creator\4.0\PSoC Creator\warp\lib\common\stdlogic\mod_genv.vif'.
Linking 'C:\Anyboard\anyboardjs\firmware\CyPawn\Pawn_PSoC4200\Pawn_PSoC4200.cydsn\codegentemp\Pawn_PSoC4200.ctl'.
Linking 'C:\Program Files (x86)\Cypress\PSoC Creator\4.0\PSoC Creator\psoc\content\cyprimitives\CyPrimitives.cylib\ZeroTerminal\ZeroTerminal.v'.
Linking 'C:\Anyboard\anyboardjs\firmware\CyPawn\Pawn_PSoC4200\Pawn_PSoC4200.cydsn\codegentemp\Pawn_PSoC4200.v'.
Linking 'C:\Program Files (x86)\Cypress\PSoC Creator\4.0\PSoC Creator\psoc\content\cyprimitives\CyPrimitives.cylib\or_v1_0\or_v1_0.v'.
Linking 'C:\Program Files (x86)\Cypress\PSoC Creator\4.0\PSoC Creator\psoc\content\cyprimitives\CyPrimitives.cylib\cy_analog_virtualmux_v1_0\cy_analog_virtualmux_v1_0.v'.
Linking 'C:\Program Files (x86)\Cypress\PSoC Creator\4.0\PSoC Creator\psoc\content\cycomponentlibrary\CyComponentLibrary.cylib\Bus_Connect_v2_40\Bus_Connect_v2_40.v'.
Linking 'C:\Program Files (x86)\Cypress\PSoC Creator\4.0\PSoC Creator\warp\lib\common\cypress.v'.
Linking 'C:\Program Files (x86)\Cypress\PSoC Creator\4.0\PSoC Creator\warp\lib\common\cy_psoc3_inc.v'.
Linking 'C:\Program Files (x86)\Cypress\PSoC Creator\4.0\PSoC Creator\psoc\content\cyprimitives\CyPrimitives.cylib\cy_virtualmux_v1_0\cy_virtualmux_v1_0.v'.
Linking 'C:\Program Files (x86)\Cypress\PSoC Creator\4.0\PSoC Creator\psoc\content\cyprimitives\CyPrimitives.cylib\cy_constant_v1_0\cy_constant_v1_0.v'.

tovif:  No errors.


======================================================================
Compiling:  Pawn_PSoC4200.v
Program  :   topld
Options  :    -yv2 -q10 -ygs -o2 -v3 -.fftcfgtype=LE -ya -.fftprj=C:\Anyboard\anyboardjs\firmware\CyPawn\Pawn_PSoC4200\Pawn_PSoC4200.cydsn\Pawn_PSoC4200.cyprj -dcpsoc3 -verilog Pawn_PSoC4200.v
======================================================================

topld V6.3 IR 41:  Synthesis and optimization
Thu Jan 19 19:53:20 2017

Linking 'C:\Program Files (x86)\Cypress\PSoC Creator\4.0\PSoC Creator\warp\lib\common\std.vhd'.
Linking 'C:\Program Files (x86)\Cypress\PSoC Creator\4.0\PSoC Creator\warp\lib\common\cypress.vhd'.
Linking 'C:\Program Files (x86)\Cypress\PSoC Creator\4.0\PSoC Creator\warp\lib\common\work\cypress.vif'.
Linking 'C:\Program Files (x86)\Cypress\PSoC Creator\4.0\PSoC Creator\warp\lib\ieee\work\stdlogic.vif'.
Linking 'C:\Program Files (x86)\Cypress\PSoC Creator\4.0\PSoC Creator\warp\lib\common\stdlogic\lpmpkg.vif'.
Linking 'C:\Program Files (x86)\Cypress\PSoC Creator\4.0\PSoC Creator\warp\lib\common\stdlogic\rtlpkg.vif'.
Linking 'C:\Program Files (x86)\Cypress\PSoC Creator\4.0\PSoC Creator\warp\lib\common\stdlogic\mod_cnst.vif'.
Linking 'C:\Program Files (x86)\Cypress\PSoC Creator\4.0\PSoC Creator\warp\lib\common\stdlogic\mod_mthv.vif'.
Linking 'C:\Program Files (x86)\Cypress\PSoC Creator\4.0\PSoC Creator\warp\lib\common\stdlogic\mod_genv.vif'.
Linking 'C:\Anyboard\anyboardjs\firmware\CyPawn\Pawn_PSoC4200\Pawn_PSoC4200.cydsn\codegentemp\Pawn_PSoC4200.ctl'.
Linking 'C:\Program Files (x86)\Cypress\PSoC Creator\4.0\PSoC Creator\psoc\content\cyprimitives\CyPrimitives.cylib\ZeroTerminal\ZeroTerminal.v'.
Linking 'C:\Anyboard\anyboardjs\firmware\CyPawn\Pawn_PSoC4200\Pawn_PSoC4200.cydsn\codegentemp\Pawn_PSoC4200.v'.
Linking 'C:\Program Files (x86)\Cypress\PSoC Creator\4.0\PSoC Creator\psoc\content\cyprimitives\CyPrimitives.cylib\or_v1_0\or_v1_0.v'.
Linking 'C:\Program Files (x86)\Cypress\PSoC Creator\4.0\PSoC Creator\psoc\content\cyprimitives\CyPrimitives.cylib\cy_analog_virtualmux_v1_0\cy_analog_virtualmux_v1_0.v'.
Linking 'C:\Program Files (x86)\Cypress\PSoC Creator\4.0\PSoC Creator\psoc\content\cycomponentlibrary\CyComponentLibrary.cylib\Bus_Connect_v2_40\Bus_Connect_v2_40.v'.
Linking 'C:\Program Files (x86)\Cypress\PSoC Creator\4.0\PSoC Creator\warp\lib\common\cypress.v'.
Linking 'C:\Program Files (x86)\Cypress\PSoC Creator\4.0\PSoC Creator\warp\lib\common\cy_psoc3_inc.v'.
Linking 'C:\Program Files (x86)\Cypress\PSoC Creator\4.0\PSoC Creator\psoc\content\cyprimitives\CyPrimitives.cylib\cy_virtualmux_v1_0\cy_virtualmux_v1_0.v'.
Linking 'C:\Program Files (x86)\Cypress\PSoC Creator\4.0\PSoC Creator\psoc\content\cyprimitives\CyPrimitives.cylib\cy_constant_v1_0\cy_constant_v1_0.v'.
Linking 'C:\Program Files (x86)\Cypress\PSoC Creator\4.0\PSoC Creator\warp\lib\lcpsoc3\stdlogic\cpsoc3.vif'.

----------------------------------------------------------
Detecting unused logic.
----------------------------------------------------------
    User names
	\ADC_SAR_Seq_1:Net_3125\
	\ADC_SAR_Seq_1:Net_3126\
	\I2C:Net_1257\
	\I2C:uncfg_rx_irq\
	\I2C:Net_1099\
	\I2C:Net_1258\
	Net_4064
	Net_4065
	Net_4074
	Net_4075
	Net_4076
	Net_4077
	Net_4078
	Net_4079
	Net_4080
	Net_4082
	\BLE:Net_55\


Deleted 17 User equations/components.
Deleted 0 Synthesized equations/components.

------------------------------------------------------
Alias Detection
------------------------------------------------------
Aliasing \ADC_SAR_Seq_1:Net_3106\ to \ADC_SAR_Seq_1:Net_3107\
Aliasing \ADC_SAR_Seq_1:Net_3105\ to \ADC_SAR_Seq_1:Net_3107\
Aliasing \ADC_SAR_Seq_1:Net_3104\ to \ADC_SAR_Seq_1:Net_3107\
Aliasing \ADC_SAR_Seq_1:Net_3103\ to \ADC_SAR_Seq_1:Net_3107\
Aliasing \ADC_SAR_Seq_1:Net_3207_1\ to \ADC_SAR_Seq_1:Net_3107\
Aliasing \ADC_SAR_Seq_1:Net_3207_0\ to \ADC_SAR_Seq_1:Net_3107\
Aliasing \ADC_SAR_Seq_1:Net_3235\ to \ADC_SAR_Seq_1:Net_3107\
Aliasing \I2C:select_s_wire\ to \ADC_SAR_Seq_1:Net_3107\
Aliasing \I2C:rx_wire\ to \ADC_SAR_Seq_1:Net_3107\
Aliasing \I2C:sclk_s_wire\ to \ADC_SAR_Seq_1:Net_3107\
Aliasing \I2C:mosi_s_wire\ to \ADC_SAR_Seq_1:Net_3107\
Aliasing \I2C:miso_m_wire\ to \ADC_SAR_Seq_1:Net_3107\
Aliasing zero to \ADC_SAR_Seq_1:Net_3107\
Aliasing one to \I2C:tmpOE__sda_net_0\
Aliasing \I2C:tmpOE__scl_net_0\ to \I2C:tmpOE__sda_net_0\
Aliasing \I2C:cts_wire\ to \ADC_SAR_Seq_1:Net_3107\
Aliasing tmpOE__LED_B_net_0 to \I2C:tmpOE__sda_net_0\
Aliasing tmpOE__LED_G_net_0 to \I2C:tmpOE__sda_net_0\
Aliasing tmpOE__BTN_net_0 to \I2C:tmpOE__sda_net_0\
Aliasing tmpOE__LED_R_net_0 to \I2C:tmpOE__sda_net_0\
Aliasing tmpOE__LED_W_net_0 to \I2C:tmpOE__sda_net_0\
Aliasing tmpOE__ACC_X_net_0 to \I2C:tmpOE__sda_net_0\
Aliasing tmpOE__ACC_Y_net_0 to \I2C:tmpOE__sda_net_0\
Aliasing tmpOE__ACC_Z_net_0 to \I2C:tmpOE__sda_net_0\
Aliasing tmpOE__BAT_CELL_net_0 to \I2C:tmpOE__sda_net_0\
Aliasing tmpOE__LED_R_1_net_0 to \I2C:tmpOE__sda_net_0\
Aliasing tmpOE__LED_G_1_net_0 to \I2C:tmpOE__sda_net_0\
Aliasing tmpOE__LED_B_1_net_0 to \I2C:tmpOE__sda_net_0\
Removing Lhs of wire \ADC_SAR_Seq_1:Net_3106\[79] = \ADC_SAR_Seq_1:Net_3107\[78]
Removing Lhs of wire \ADC_SAR_Seq_1:Net_3105\[80] = \ADC_SAR_Seq_1:Net_3107\[78]
Removing Lhs of wire \ADC_SAR_Seq_1:Net_3104\[81] = \ADC_SAR_Seq_1:Net_3107\[78]
Removing Lhs of wire \ADC_SAR_Seq_1:Net_3103\[82] = \ADC_SAR_Seq_1:Net_3107\[78]
Removing Lhs of wire \ADC_SAR_Seq_1:Net_17\[131] = \ADC_SAR_Seq_1:Net_1845\[2]
Removing Lhs of wire \ADC_SAR_Seq_1:Net_3207_1\[153] = \ADC_SAR_Seq_1:Net_3107\[78]
Removing Lhs of wire \ADC_SAR_Seq_1:Net_3207_0\[154] = \ADC_SAR_Seq_1:Net_3107\[78]
Removing Lhs of wire \ADC_SAR_Seq_1:Net_3235\[155] = \ADC_SAR_Seq_1:Net_3107\[78]
Removing Lhs of wire \I2C:select_s_wire\[223] = \ADC_SAR_Seq_1:Net_3107\[78]
Removing Lhs of wire \I2C:rx_wire\[224] = \ADC_SAR_Seq_1:Net_3107\[78]
Removing Lhs of wire \I2C:Net_1170\[227] = \I2C:Net_847\[222]
Removing Lhs of wire \I2C:sclk_s_wire\[228] = \ADC_SAR_Seq_1:Net_3107\[78]
Removing Lhs of wire \I2C:mosi_s_wire\[229] = \ADC_SAR_Seq_1:Net_3107\[78]
Removing Lhs of wire \I2C:miso_m_wire\[230] = \ADC_SAR_Seq_1:Net_3107\[78]
Removing Rhs of wire zero[233] = \ADC_SAR_Seq_1:Net_3107\[78]
Removing Rhs of wire one[237] = \I2C:tmpOE__sda_net_0\[232]
Removing Lhs of wire \I2C:tmpOE__scl_net_0\[240] = one[237]
Removing Lhs of wire \I2C:cts_wire\[249] = zero[233]
Removing Lhs of wire tmpOE__LED_B_net_0[281] = one[237]
Removing Lhs of wire tmpOE__LED_G_net_0[287] = one[237]
Removing Lhs of wire tmpOE__BTN_net_0[293] = one[237]
Removing Lhs of wire tmpOE__LED_R_net_0[299] = one[237]
Removing Lhs of wire tmpOE__LED_W_net_0[305] = one[237]
Removing Lhs of wire tmpOE__ACC_X_net_0[311] = one[237]
Removing Lhs of wire tmpOE__ACC_Y_net_0[318] = one[237]
Removing Lhs of wire tmpOE__ACC_Z_net_0[325] = one[237]
Removing Lhs of wire tmpOE__BAT_CELL_net_0[332] = one[237]
Removing Lhs of wire tmpOE__LED_R_1_net_0[375] = one[237]
Removing Lhs of wire tmpOE__LED_G_1_net_0[381] = one[237]
Removing Lhs of wire tmpOE__LED_B_1_net_0[387] = one[237]

------------------------------------------------------
Aliased 0 equations, 30 wires.
------------------------------------------------------

----------------------------------------------------------
Circuit simplification
----------------------------------------------------------

Substituting virtuals - pass 1:


----------------------------------------------------------
Circuit simplification results:

	Expanded 0 signals.
	Turned 0 signals into soft nodes.
	Maximum default expansion cost was set at 3.
----------------------------------------------------------

topld:  No errors.

CYPRESS_DIR    : C:\Program Files (x86)\Cypress\PSoC Creator\4.0\PSoC Creator\warp
Warp Program   : C:\Program Files (x86)\Cypress\PSoC Creator\4.0\PSoC Creator\warp\bin\warp.exe
Warp Arguments : -yv2 -q10 -ygs -o2 -v3 -.fftcfgtype=LE -ya -.fftprj=C:\Anyboard\anyboardjs\firmware\CyPawn\Pawn_PSoC4200\Pawn_PSoC4200.cydsn\Pawn_PSoC4200.cyprj -dcpsoc3 Pawn_PSoC4200.v -verilog
</CYPRESSTAG>
Warp synthesis phase: Elapsed time ==> 0s.893ms
<CYPRESSTAG name="Fitter results...">
<CYPRESSTAG name="Fitter startup details...">
cyp3fit: V4.0.0.432, Family: PSoC3, Started at: Thursday, 19 January 2017 19:53:20
Options: -yv2 -q10 -ygs -o2 -v3 -.fftcfgtype=LE -ya -.fftprj=C:\Anyboard\anyboardjs\firmware\CyPawn\Pawn_PSoC4200\Pawn_PSoC4200.cydsn\Pawn_PSoC4200.cyprj -d CY8C4247LQI-BL483 Pawn_PSoC4200.v -verilog
</CYPRESSTAG>
<CYPRESSTAG name="Design parsing">
Design parsing phase: Elapsed time ==> 0s.025ms
</CYPRESSTAG>
<CYPRESSTAG name="Tech Mapping">
<CYPRESSTAG name="Initial Mapping" icon="FILE_RPT_TECHM">
Assigning clock BLE_LFCLK to clock LFCLK because it is a pass-through
<CYPRESSTAG name="Global Clock Selection" icon="FILE_RPT_TECHM">
    Fixed Function Clock 6: Automatic-assigning  clock 'ADC_SAR_Seq_1_intClock'. Signal=\ADC_SAR_Seq_1:Net_1845_ff6\
    Fixed Function Clock 1: Automatic-assigning  clock 'I2C_SCBCLK'. Signal=\I2C:Net_847_ff1\
<CYPRESSTAG name="UDB Clock/Enable Remapping Results">
</CYPRESSTAG>
</CYPRESSTAG>

Removing unused cells resulting from optimization
Done removing unused cells.
<CYPRESSTAG name="Duplicate Macrocell detection">
</CYPRESSTAG>
</CYPRESSTAG>
<CYPRESSTAG name="Duplicate Macrocell detection">
</CYPRESSTAG>
<CYPRESSTAG name="Design Equations" icon="FILE_RPT_EQUATION">

------------------------------------------------------------
Design Equations
------------------------------------------------------------
    <CYPRESSTAG name="Pin listing">

    ------------------------------------------------------------
    Pin listing
    ------------------------------------------------------------

    Pin : Name = \I2C:sda(0)\
        Attributes:
            In Group/Port: True
            In Sync Option: NOSYNC
            Out Sync Option: NOSYNC
            Interrupt generated: False
            Interrupt mode: NONE
            Drive mode: OPEN_DRAIN_LO
            VTrip: CMOS
            Slew: FAST
            Input Sync needed: False
            Output Sync needed: False
            SC shield enabled: False
            POR State: ANY
            LCD Mode: COMMON
            Register Mode: RegComb
            CaSense Mode: NEITHER
            Treat as pin: True
            Is OE Registered: False
            Uses Analog: False
            Can contain Digital: True
            Is SIO: False
            SIO Output Buf: NONREGULATED
            SIO Input Buf: SINGLE_ENDED
            SIO HiFreq: LOW
            SIO Hyst: DISABLED
            SIO Vtrip: MULTIPLIER_0_5
            SIO Multiplier Index: 0
            SIO RefSel: VCC_IO
            Required Capabilitites: DIGITAL
            Initial Value: 1
            IO Voltage: 0
        PORT MAP (
            pa_out => \I2C:sda(0)\__PA ,
            fb => \I2C:sda_wire\ ,
            pad => \I2C:sda(0)_PAD\ );
        Properties:
        {
        }

    Pin : Name = \I2C:scl(0)\
        Attributes:
            In Group/Port: True
            In Sync Option: NOSYNC
            Out Sync Option: NOSYNC
            Interrupt generated: False
            Interrupt mode: NONE
            Drive mode: OPEN_DRAIN_LO
            VTrip: CMOS
            Slew: FAST
            Input Sync needed: False
            Output Sync needed: False
            SC shield enabled: False
            POR State: ANY
            LCD Mode: COMMON
            Register Mode: RegComb
            CaSense Mode: NEITHER
            Treat as pin: True
            Is OE Registered: False
            Uses Analog: False
            Can contain Digital: True
            Is SIO: False
            SIO Output Buf: NONREGULATED
            SIO Input Buf: SINGLE_ENDED
            SIO HiFreq: LOW
            SIO Hyst: DISABLED
            SIO Vtrip: MULTIPLIER_0_5
            SIO Multiplier Index: 0
            SIO RefSel: VCC_IO
            Required Capabilitites: DIGITAL
            Initial Value: 1
            IO Voltage: 0
        PORT MAP (
            pa_out => \I2C:scl(0)\__PA ,
            fb => \I2C:scl_wire\ ,
            pad => \I2C:scl(0)_PAD\ );
        Properties:
        {
        }

    Pin : Name = LED_B(0)
        Attributes:
            In Group/Port: True
            In Sync Option: AUTO
            Out Sync Option: NOSYNC
            Interrupt generated: False
            Interrupt mode: NONE
            Drive mode: CMOS_OUT
            VTrip: EITHER
            Slew: FAST
            Input Sync needed: False
            Output Sync needed: False
            SC shield enabled: False
            POR State: ANY
            LCD Mode: COMMON
            Register Mode: RegComb
            CaSense Mode: NEITHER
            Treat as pin: True
            Is OE Registered: False
            Uses Analog: False
            Can contain Digital: True
            Is SIO: False
            SIO Output Buf: NONREGULATED
            SIO Input Buf: SINGLE_ENDED
            SIO HiFreq: LOW
            SIO Hyst: DISABLED
            SIO Vtrip: MULTIPLIER_0_5
            SIO Multiplier Index: 0
            SIO RefSel: VCC_IO
            Required Capabilitites: DIGITAL
            Initial Value: 1
            IO Voltage: 0
        PORT MAP (
            pa_out => LED_B(0)__PA ,
            pad => LED_B(0)_PAD );
        Properties:
        {
        }

    Pin : Name = LED_G(0)
        Attributes:
            In Group/Port: True
            In Sync Option: AUTO
            Out Sync Option: NOSYNC
            Interrupt generated: False
            Interrupt mode: NONE
            Drive mode: CMOS_OUT
            VTrip: EITHER
            Slew: FAST
            Input Sync needed: False
            Output Sync needed: False
            SC shield enabled: False
            POR State: ANY
            LCD Mode: COMMON
            Register Mode: RegComb
            CaSense Mode: NEITHER
            Treat as pin: True
            Is OE Registered: False
            Uses Analog: False
            Can contain Digital: True
            Is SIO: False
            SIO Output Buf: NONREGULATED
            SIO Input Buf: SINGLE_ENDED
            SIO HiFreq: LOW
            SIO Hyst: DISABLED
            SIO Vtrip: MULTIPLIER_0_5
            SIO Multiplier Index: 0
            SIO RefSel: VCC_IO
            Required Capabilitites: DIGITAL
            Initial Value: 1
            IO Voltage: 0
        PORT MAP (
            pa_out => LED_G(0)__PA ,
            pad => LED_G(0)_PAD );
        Properties:
        {
        }

    Pin : Name = BTN(0)
        Attributes:
            In Group/Port: True
            In Sync Option: NOSYNC
            Out Sync Option: AUTO
            Interrupt generated: True
            Interrupt mode: FALLING
            Drive mode: RES_PULL_UP
            VTrip: CMOS
            Slew: FAST
            Input Sync needed: False
            Output Sync needed: False
            SC shield enabled: False
            POR State: ANY
            LCD Mode: COMMON
            Register Mode: RegComb
            CaSense Mode: NEITHER
            Treat as pin: False
            Is OE Registered: False
            Uses Analog: False
            Can contain Digital: True
            Is SIO: False
            SIO Output Buf: NONREGULATED
            SIO Input Buf: SINGLE_ENDED
            SIO HiFreq: LOW
            SIO Hyst: DISABLED
            SIO Vtrip: MULTIPLIER_0_5
            SIO Multiplier Index: 0
            SIO RefSel: VCC_IO
            Required Capabilitites: DIGITAL, PORT_INTERRUPT
            Initial Value: 1
            IO Voltage: 0
        PORT MAP (
            pa_out => BTN(0)__PA ,
            pad => BTN(0)_PAD );
        Properties:
        {
        }

    Pin : Name = LED_R(0)
        Attributes:
            In Group/Port: True
            In Sync Option: AUTO
            Out Sync Option: NOSYNC
            Interrupt generated: False
            Interrupt mode: NONE
            Drive mode: CMOS_OUT
            VTrip: EITHER
            Slew: FAST
            Input Sync needed: False
            Output Sync needed: False
            SC shield enabled: False
            POR State: ANY
            LCD Mode: COMMON
            Register Mode: RegComb
            CaSense Mode: NEITHER
            Treat as pin: True
            Is OE Registered: False
            Uses Analog: False
            Can contain Digital: True
            Is SIO: False
            SIO Output Buf: NONREGULATED
            SIO Input Buf: SINGLE_ENDED
            SIO HiFreq: LOW
            SIO Hyst: DISABLED
            SIO Vtrip: MULTIPLIER_0_5
            SIO Multiplier Index: 0
            SIO RefSel: VCC_IO
            Required Capabilitites: DIGITAL
            Initial Value: 1
            IO Voltage: 0
        PORT MAP (
            pa_out => LED_R(0)__PA ,
            pad => LED_R(0)_PAD );
        Properties:
        {
        }

    Pin : Name = LED_W(0)
        Attributes:
            In Group/Port: True
            In Sync Option: AUTO
            Out Sync Option: NOSYNC
            Interrupt generated: False
            Interrupt mode: NONE
            Drive mode: OPEN_DRAIN_LO
            VTrip: EITHER
            Slew: FAST
            Input Sync needed: False
            Output Sync needed: False
            SC shield enabled: False
            POR State: ANY
            LCD Mode: COMMON
            Register Mode: RegComb
            CaSense Mode: NEITHER
            Treat as pin: True
            Is OE Registered: False
            Uses Analog: False
            Can contain Digital: True
            Is SIO: False
            SIO Output Buf: NONREGULATED
            SIO Input Buf: SINGLE_ENDED
            SIO HiFreq: LOW
            SIO Hyst: DISABLED
            SIO Vtrip: MULTIPLIER_0_5
            SIO Multiplier Index: 0
            SIO RefSel: VCC_IO
            Required Capabilitites: DIGITAL
            Initial Value: 0
            IO Voltage: 0
        PORT MAP (
            pa_out => LED_W(0)__PA ,
            pad => LED_W(0)_PAD );
        Properties:
        {
        }

    Pin : Name = ACC_X(0)
        Attributes:
            In Group/Port: True
            In Sync Option: AUTO
            Out Sync Option: AUTO
            Interrupt generated: False
            Interrupt mode: NONE
            Drive mode: HI_Z_ANALOG
            VTrip: EITHER
            Slew: FAST
            Input Sync needed: False
            Output Sync needed: False
            SC shield enabled: False
            POR State: ANY
            LCD Mode: COMMON
            Register Mode: RegComb
            CaSense Mode: NEITHER
            Treat as pin: True
            Is OE Registered: False
            Uses Analog: True
            Can contain Digital: False
            Is SIO: False
            SIO Output Buf: NONREGULATED
            SIO Input Buf: SINGLE_ENDED
            SIO HiFreq: LOW
            SIO Hyst: DISABLED
            SIO Vtrip: MULTIPLIER_0_5
            SIO Multiplier Index: 0
            SIO RefSel: VCC_IO
            Required Capabilitites: ANALOG
            Initial Value: 1
            IO Voltage: 0
        PORT MAP (
            pa_out => ACC_X(0)__PA ,
            analog_term => Net_4217 ,
            pad => ACC_X(0)_PAD );
        Properties:
        {
        }

    Pin : Name = ACC_Y(0)
        Attributes:
            In Group/Port: True
            In Sync Option: AUTO
            Out Sync Option: AUTO
            Interrupt generated: False
            Interrupt mode: NONE
            Drive mode: HI_Z_ANALOG
            VTrip: EITHER
            Slew: FAST
            Input Sync needed: False
            Output Sync needed: False
            SC shield enabled: False
            POR State: ANY
            LCD Mode: COMMON
            Register Mode: RegComb
            CaSense Mode: NEITHER
            Treat as pin: True
            Is OE Registered: False
            Uses Analog: True
            Can contain Digital: False
            Is SIO: False
            SIO Output Buf: NONREGULATED
            SIO Input Buf: SINGLE_ENDED
            SIO HiFreq: LOW
            SIO Hyst: DISABLED
            SIO Vtrip: MULTIPLIER_0_5
            SIO Multiplier Index: 0
            SIO RefSel: VCC_IO
            Required Capabilitites: ANALOG
            Initial Value: 1
            IO Voltage: 0
        PORT MAP (
            pa_out => ACC_Y(0)__PA ,
            analog_term => Net_4194 ,
            pad => ACC_Y(0)_PAD );
        Properties:
        {
        }

    Pin : Name = ACC_Z(0)
        Attributes:
            In Group/Port: True
            In Sync Option: AUTO
            Out Sync Option: AUTO
            Interrupt generated: False
            Interrupt mode: NONE
            Drive mode: HI_Z_ANALOG
            VTrip: EITHER
            Slew: FAST
            Input Sync needed: False
            Output Sync needed: False
            SC shield enabled: False
            POR State: ANY
            LCD Mode: COMMON
            Register Mode: RegComb
            CaSense Mode: NEITHER
            Treat as pin: True
            Is OE Registered: False
            Uses Analog: True
            Can contain Digital: False
            Is SIO: False
            SIO Output Buf: NONREGULATED
            SIO Input Buf: SINGLE_ENDED
            SIO HiFreq: LOW
            SIO Hyst: DISABLED
            SIO Vtrip: MULTIPLIER_0_5
            SIO Multiplier Index: 0
            SIO RefSel: VCC_IO
            Required Capabilitites: ANALOG
            Initial Value: 1
            IO Voltage: 0
        PORT MAP (
            pa_out => ACC_Z(0)__PA ,
            analog_term => Net_4192 ,
            pad => ACC_Z(0)_PAD );
        Properties:
        {
        }

    Pin : Name = BAT_CELL(0)
        Attributes:
            In Group/Port: True
            In Sync Option: AUTO
            Out Sync Option: AUTO
            Interrupt generated: False
            Interrupt mode: NONE
            Drive mode: HI_Z_ANALOG
            VTrip: EITHER
            Slew: FAST
            Input Sync needed: False
            Output Sync needed: False
            SC shield enabled: False
            POR State: ANY
            LCD Mode: COMMON
            Register Mode: RegComb
            CaSense Mode: NEITHER
            Treat as pin: True
            Is OE Registered: False
            Uses Analog: True
            Can contain Digital: False
            Is SIO: False
            SIO Output Buf: NONREGULATED
            SIO Input Buf: SINGLE_ENDED
            SIO HiFreq: LOW
            SIO Hyst: DISABLED
            SIO Vtrip: MULTIPLIER_0_5
            SIO Multiplier Index: 0
            SIO RefSel: VCC_IO
            Required Capabilitites: ANALOG
            Initial Value: 1
            IO Voltage: 0
        PORT MAP (
            pa_out => BAT_CELL(0)__PA ,
            analog_term => Net_4190 ,
            pad => BAT_CELL(0)_PAD );
        Properties:
        {
        }

    Pin : Name = LED_R_1(0)
        Attributes:
            In Group/Port: True
            In Sync Option: AUTO
            Out Sync Option: NOSYNC
            Interrupt generated: False
            Interrupt mode: NONE
            Drive mode: CMOS_OUT
            VTrip: EITHER
            Slew: FAST
            Input Sync needed: False
            Output Sync needed: False
            SC shield enabled: False
            POR State: ANY
            LCD Mode: COMMON
            Register Mode: RegComb
            CaSense Mode: NEITHER
            Treat as pin: True
            Is OE Registered: False
            Uses Analog: False
            Can contain Digital: True
            Is SIO: False
            SIO Output Buf: NONREGULATED
            SIO Input Buf: SINGLE_ENDED
            SIO HiFreq: LOW
            SIO Hyst: DISABLED
            SIO Vtrip: MULTIPLIER_0_5
            SIO Multiplier Index: 0
            SIO RefSel: VCC_IO
            Required Capabilitites: DIGITAL
            Initial Value: 1
            IO Voltage: 0
        PORT MAP (
            pa_out => LED_R_1(0)__PA ,
            pad => LED_R_1(0)_PAD );
        Properties:
        {
        }

    Pin : Name = LED_G_1(0)
        Attributes:
            In Group/Port: True
            In Sync Option: AUTO
            Out Sync Option: NOSYNC
            Interrupt generated: False
            Interrupt mode: NONE
            Drive mode: CMOS_OUT
            VTrip: EITHER
            Slew: FAST
            Input Sync needed: False
            Output Sync needed: False
            SC shield enabled: False
            POR State: ANY
            LCD Mode: COMMON
            Register Mode: RegComb
            CaSense Mode: NEITHER
            Treat as pin: True
            Is OE Registered: False
            Uses Analog: False
            Can contain Digital: True
            Is SIO: False
            SIO Output Buf: NONREGULATED
            SIO Input Buf: SINGLE_ENDED
            SIO HiFreq: LOW
            SIO Hyst: DISABLED
            SIO Vtrip: MULTIPLIER_0_5
            SIO Multiplier Index: 0
            SIO RefSel: VCC_IO
            Required Capabilitites: DIGITAL
            Initial Value: 1
            IO Voltage: 0
        PORT MAP (
            pa_out => LED_G_1(0)__PA ,
            pad => LED_G_1(0)_PAD );
        Properties:
        {
        }

    Pin : Name = LED_B_1(0)
        Attributes:
            In Group/Port: True
            In Sync Option: AUTO
            Out Sync Option: NOSYNC
            Interrupt generated: False
            Interrupt mode: NONE
            Drive mode: CMOS_OUT
            VTrip: EITHER
            Slew: FAST
            Input Sync needed: False
            Output Sync needed: False
            SC shield enabled: False
            POR State: ANY
            LCD Mode: COMMON
            Register Mode: RegComb
            CaSense Mode: NEITHER
            Treat as pin: True
            Is OE Registered: False
            Uses Analog: False
            Can contain Digital: True
            Is SIO: False
            SIO Output Buf: NONREGULATED
            SIO Input Buf: SINGLE_ENDED
            SIO HiFreq: LOW
            SIO Hyst: DISABLED
            SIO Vtrip: MULTIPLIER_0_5
            SIO Multiplier Index: 0
            SIO RefSel: VCC_IO
            Required Capabilitites: DIGITAL
            Initial Value: 1
            IO Voltage: 0
        PORT MAP (
            pa_out => LED_B_1(0)__PA ,
            pad => LED_B_1(0)_PAD );
        Properties:
        {
        }
    </CYPRESSTAG>
    <CYPRESSTAG name="Macrocell listing" icon="FILE_RPT_EQUATION">
    </CYPRESSTAG>
    <CYPRESSTAG name="Datapath listing">
    </CYPRESSTAG>
    <CYPRESSTAG name="Status register listing">
    </CYPRESSTAG>
    <CYPRESSTAG name="StatusI register listing">
    </CYPRESSTAG>
    <CYPRESSTAG name="Sync listing">
    </CYPRESSTAG>
    <CYPRESSTAG name="Control register listing">
    </CYPRESSTAG>
    <CYPRESSTAG name="Count7 listing">
    </CYPRESSTAG>
    <CYPRESSTAG name="DRQ listing">
    </CYPRESSTAG>
    <CYPRESSTAG name="Interrupt listing">

    ------------------------------------------------------------
    Interrupt listing
    ------------------------------------------------------------

    interrupt: Name =\ADC_SAR_Seq_1:IRQ\
        PORT MAP (
            interrupt => \ADC_SAR_Seq_1:Net_3112\ );
        Properties:
        {
            int_type = "10"
            is_nmi = 0
        }

    interrupt: Name =\I2C:SCB_IRQ\
        PORT MAP (
            interrupt => Net_4066 );
        Properties:
        {
            int_type = "10"
            is_nmi = 0
        }

    interrupt: Name =\BLE:bless_isr\
        PORT MAP (
            interrupt => \BLE:Net_15\ );
        Properties:
        {
            int_type = "10"
            is_nmi = 0
        }

    interrupt: Name =ADC_Done
        PORT MAP (
            interrupt => Net_4187 );
        Properties:
        {
            int_type = "10"
            is_nmi = 0
        }

    interrupt: Name =BTN_ISR
        PORT MAP (
            interrupt => Net_4143 );
        Properties:
        {
            int_type = "10"
            is_nmi = 0
        }
    </CYPRESSTAG>
</CYPRESSTAG>
<CYPRESSTAG name="Technology mapping summary" expanded>

------------------------------------------------------------
Technology mapping summary
------------------------------------------------------------

Resource Type                 : Used : Free :  Max :  % Used
============================================================
Digital Clocks                :    0 :    4 :    4 :  0.00 %
Interrupts                    :    5 :   27 :   32 : 15.63 %
IO                            :   18 :   20 :   38 : 47.37 %
Segment LCD                   :    0 :    1 :    1 :  0.00 %
CapSense                      :    0 :    1 :    1 :  0.00 %
Die Temp                      :    0 :    1 :    1 :  0.00 %
Serial Communication (SCB)    :    1 :    1 :    2 : 50.00 %
BLE                           :    1 :    0 :    1 : 100.00 %
Timer/Counter/PWM             :    0 :    4 :    4 :  0.00 %
UDB                           :      :      :      :        
  Macrocells                  :    0 :   32 :   32 :  0.00 %
  Unique P-terms              :    0 :   64 :   64 :  0.00 %
  Total P-terms               :    0 :      :      :        
  Datapath Cells              :    0 :    4 :    4 :  0.00 %
  Status Cells                :    0 :    4 :    4 :  0.00 %
  Control Cells               :    0 :    4 :    4 :  0.00 %
Comparator/Opamp              :    4 :    0 :    4 : 100.00 %
LP Comparator                 :    0 :    2 :    2 :  0.00 %
SAR ADC                       :    1 :    0 :    1 : 100.00 %
DAC                           :      :      :      :        
  7-bit IDAC                  :    0 :    1 :    1 :  0.00 %
  8-bit IDAC                  :    0 :    1 :    1 :  0.00 %
</CYPRESSTAG>
Technology Mapping: Elapsed time ==> 0s.021ms
Tech Mapping phase: Elapsed time ==> 0s.068ms
</CYPRESSTAG>
<CYPRESSTAG name="Analog Placement">
<CYPRESSTAG name="Analog Placement">
Elapsed time ==> 0.2107044s
</CYPRESSTAG>
Analog Placement phase: Elapsed time ==> 0s.478ms
</CYPRESSTAG>
<CYPRESSTAG name="Analog Routing">
<CYPRESSTAG name="Analog Routing">
Route success=True, Iterations=1 Elapsed=0.0113423 secs
</CYPRESSTAG>
Analog Routing phase: Elapsed time ==> 0s.013ms
</CYPRESSTAG>
<CYPRESSTAG name="Analog Code Generation">
============ Analog Final Answer Routes ============
Dump of CyAnalogRoutingResultsDB
Map of net to items {
  Net: Net_4190 {
    p1_7
    P1_P47
    amuxbusa_ctb
    AMUX_CTB_SAR_SWITCH_A_SR
    amuxbridge_ctb_sar_a
    AMUX_CTB_SAR_SWITCH_A_SL
    amuxbusa_sar
    PASS0_CTB0_A00
    PASS0_CTB0_oa0_vplus
  }
  Net: Net_4192 {
    p2_5
    PASS0_CTB0_A13
    PASS0_CTB0_oa1_vplus
  }
  Net: Net_4194 {
    p1_5
    PASS0_CTB1_A13
    PASS0_CTB1_oa1_vplus
  }
  Net: Net_4196 {
    PASS0_CTB1_oa0_vout1
    PASS0_CTB1_A81
    PASS0_CTB1_oa0_vminus
  }
  Net: Net_4217 {
    p1_0
    PASS0_CTB1_A20
    PASS0_CTB1_oa0_vplus
  }
  Net: Net_4248 {
    PASS0_CTB1_oa1_vout1
    PASS0_CTB1_A82
    PASS0_CTB1_oa1_vminus
  }
  Net: Net_4249 {
    PASS0_CTB0_oa1_vout1
    PASS0_CTB0_A82
    PASS0_CTB0_oa1_vminus
  }
  Net: Net_4250 {
    PASS0_CTB0_oa0_vout1
    PASS0_CTB0_A81
    PASS0_CTB0_oa0_vminus
  }
  Net: \ADC_SAR_Seq_1:Net_1851\ {
  }
  Net: \ADC_SAR_Seq_1:Net_3113\ {
  }
  Net: \ADC_SAR_Seq_1:Net_3227\ {
  }
  Net: \ADC_SAR_Seq_1:mux_bus_minus_0\ {
  }
  Net: \ADC_SAR_Seq_1:mux_bus_minus_1\ {
  }
  Net: \ADC_SAR_Seq_1:mux_bus_minus_2\ {
  }
  Net: \ADC_SAR_Seq_1:mux_bus_minus_3\ {
  }
  Net: \ADC_SAR_Seq_1:mux_bus_minus_4\ {
  }
  Net: \ADC_SAR_Seq_1:mux_bus_plus_4\ {
  }
  Net: \ADC_SAR_Seq_1:muxout_plus\ {
    PASS0_sarmux_vplus
  }
  Net: AMuxNet::\ADC_SAR_Seq_1:cy_psoc4_sarmux_8\_CYAMUXSIDE_A {
    PASS0_sarbus0
    PASS0_SARMUX0_sw22
    PASS0_CTB1_D51
    PASS0_CTB1_D52
    PASS0_CTB0_D52
    PASS0_CTB0_D51
  }
  Net: \ADC_SAR_Seq_1:muxout_minus\ {
    PASS0_sarmux_vminus
  }
  Net: AMuxNet::\ADC_SAR_Seq_1:cy_psoc4_sarmux_8\_CYAMUXSIDE_B {
  }
}
Map of item to net {
  p1_7                                             -> Net_4190
  P1_P47                                           -> Net_4190
  amuxbusa_ctb                                     -> Net_4190
  AMUX_CTB_SAR_SWITCH_A_SR                         -> Net_4190
  amuxbridge_ctb_sar_a                             -> Net_4190
  AMUX_CTB_SAR_SWITCH_A_SL                         -> Net_4190
  amuxbusa_sar                                     -> Net_4190
  PASS0_CTB0_A00                                   -> Net_4190
  PASS0_CTB0_oa0_vplus                             -> Net_4190
  p2_5                                             -> Net_4192
  PASS0_CTB0_A13                                   -> Net_4192
  PASS0_CTB0_oa1_vplus                             -> Net_4192
  p1_5                                             -> Net_4194
  PASS0_CTB1_A13                                   -> Net_4194
  PASS0_CTB1_oa1_vplus                             -> Net_4194
  PASS0_CTB1_oa0_vout1                             -> Net_4196
  PASS0_CTB1_A81                                   -> Net_4196
  PASS0_CTB1_oa0_vminus                            -> Net_4196
  p1_0                                             -> Net_4217
  PASS0_CTB1_A20                                   -> Net_4217
  PASS0_CTB1_oa0_vplus                             -> Net_4217
  PASS0_CTB1_oa1_vout1                             -> Net_4248
  PASS0_CTB1_A82                                   -> Net_4248
  PASS0_CTB1_oa1_vminus                            -> Net_4248
  PASS0_CTB0_oa1_vout1                             -> Net_4249
  PASS0_CTB0_A82                                   -> Net_4249
  PASS0_CTB0_oa1_vminus                            -> Net_4249
  PASS0_CTB0_oa0_vout1                             -> Net_4250
  PASS0_CTB0_A81                                   -> Net_4250
  PASS0_CTB0_oa0_vminus                            -> Net_4250
  PASS0_sarmux_vplus                               -> \ADC_SAR_Seq_1:muxout_plus\
  PASS0_sarbus0                                    -> AMuxNet::\ADC_SAR_Seq_1:cy_psoc4_sarmux_8\_CYAMUXSIDE_A
  PASS0_SARMUX0_sw22                               -> AMuxNet::\ADC_SAR_Seq_1:cy_psoc4_sarmux_8\_CYAMUXSIDE_A
  PASS0_CTB1_D51                                   -> AMuxNet::\ADC_SAR_Seq_1:cy_psoc4_sarmux_8\_CYAMUXSIDE_A
  PASS0_CTB1_D52                                   -> AMuxNet::\ADC_SAR_Seq_1:cy_psoc4_sarmux_8\_CYAMUXSIDE_A
  PASS0_CTB0_D52                                   -> AMuxNet::\ADC_SAR_Seq_1:cy_psoc4_sarmux_8\_CYAMUXSIDE_A
  PASS0_CTB0_D51                                   -> AMuxNet::\ADC_SAR_Seq_1:cy_psoc4_sarmux_8\_CYAMUXSIDE_A
  PASS0_sarmux_vminus                              -> \ADC_SAR_Seq_1:muxout_minus\
}
Mux Info {
  Mux: \ADC_SAR_Seq_1:cy_psoc4_sarmux_8\_CYAMUXSIDE_A {
     Mouth: \ADC_SAR_Seq_1:muxout_plus\
     Guts:  AMuxNet::\ADC_SAR_Seq_1:cy_psoc4_sarmux_8\_CYAMUXSIDE_A
     IsSingleSwitching: False
     IsStaticSwitching: False
     IsAtMostOneSwitch: True
    Arm: 0 {
      Net:   Net_4196
      Outer: PASS0_SARMUX0_sw22
      Inner: PASS0_CTB1_D51
      Path {
        PASS0_sarbus0
        PASS0_SARMUX0_sw22
        PASS0_CTB1_D51
        PASS0_CTB1_oa0_vout1
      }
    }
    Arm: 1 {
      Net:   Net_4248
      Outer: PASS0_SARMUX0_sw22
      Inner: PASS0_CTB1_D52
      Path {
        PASS0_sarbus0
        PASS0_SARMUX0_sw22
        PASS0_CTB1_D52
        PASS0_CTB1_oa1_vout1
      }
    }
    Arm: 2 {
      Net:   Net_4249
      Outer: PASS0_SARMUX0_sw22
      Inner: PASS0_CTB0_D52
      Path {
        PASS0_sarbus0
        PASS0_SARMUX0_sw22
        PASS0_CTB0_D52
        PASS0_CTB0_oa1_vout1
      }
    }
    Arm: 3 {
      Net:   Net_4250
      Outer: PASS0_SARMUX0_sw22
      Inner: PASS0_CTB0_D51
      Path {
        PASS0_sarbus0
        PASS0_SARMUX0_sw22
        PASS0_CTB0_D51
        PASS0_CTB0_oa0_vout1
      }
    }
  }
  Mux: \ADC_SAR_Seq_1:cy_psoc4_sarmux_8\_CYAMUXSIDE_B {
     Mouth: \ADC_SAR_Seq_1:muxout_minus\
     Guts:  AMuxNet::\ADC_SAR_Seq_1:cy_psoc4_sarmux_8\_CYAMUXSIDE_B
     IsSingleSwitching: False
     IsStaticSwitching: False
     IsAtMostOneSwitch: True
    Arm: 0 {
      Net:   \ADC_SAR_Seq_1:Net_1851\
      Outer: __open__
      Inner: __open__
      Path {
      }
    }
    Arm: 1 {
      Net:   \ADC_SAR_Seq_1:Net_1851\
      Outer: __open__
      Inner: __open__
      Path {
      }
    }
    Arm: 2 {
      Net:   \ADC_SAR_Seq_1:Net_1851\
      Outer: __open__
      Inner: __open__
      Path {
      }
    }
    Arm: 3 {
      Net:   \ADC_SAR_Seq_1:Net_1851\
      Outer: __open__
      Inner: __open__
      Path {
      }
    }
  }
}
Analog Code Generation phase: Elapsed time ==> 0s.057ms
</CYPRESSTAG>
<CYPRESSTAG name="Digital Placement">
<CYPRESSTAG name="Detailed placement messages">
I2659: No Constrained paths were found. The placer will run in non-timing driven mode.
I2076: Total run-time: 0.4 sec.

</CYPRESSTAG>
<CYPRESSTAG name="PLD Packing">
<CYPRESSTAG name="PLD Packing Summary" expanded>

------------------------------------------------------------
PLD Packing Summary
------------------------------------------------------------
            Resource Type : Used : Free :  Max :  % Used
    ====================================================
                     PLDs :    1 :    7 :    8 :  12.50%

<CYPRESSTAG name="PLD Statistics">

        PLD Resource Type :     Average/LAB
    =======================================
                   Inputs :            0.00
                   Pterms :            1.00
               Macrocells :            1.00
</CYPRESSTAG>
<CYPRESSTAG name="Packed PLD Contents">
Packed PLD Contents not displayed at this verbose level.</CYPRESSTAG>
</CYPRESSTAG>
PLD Packing: Elapsed time ==> 0s.001ms
</CYPRESSTAG>
<CYPRESSTAG name="Partitioning">
<CYPRESSTAG name="Initial Partitioning Summary">
Initial Partitioning Summary not displayed at this verbose level.</CYPRESSTAG>
<CYPRESSTAG name="Final Partitioning Summary">
Final Partitioning Summary not displayed at this verbose level.</CYPRESSTAG>
Partitioning: Elapsed time ==> 0s.030ms
</CYPRESSTAG>
<CYPRESSTAG name="Final Placement Summary">

------------------------------------------------------------
Final Placement Summary
------------------------------------------------------------

       Resource Type :      Count : Avg Inputs : Avg Outputs
    ========================================================
                 UDB :          1 :       0.00 :       1.00
<CYPRESSTAG name="Final Placement Details">
<CYPRESSTAG name="Component Details">

------------------------------------------------------------
Component Placement Details
------------------------------------------------------------
UDB [UDB=(0,0)] is empty.
UDB [UDB=(0,1)] contents:
LAB@[UDB=(0,1)][LB=0] #macrocells=1, #inputs=0, #pterms=1
{
    [McSlotId=0]:     MacroCell: Name=__ONE__, Mode=(Combinatorial) @ [UDB=(0,1)][LB=0][MC=0]
        Total # of inputs        : 0
        Total # of product terms : 1
            Clock Enable: True
        Main Equation            : 1 pterm
        (
            1
        );
        Output = __ONE__ (fanout=1)
        Properties               : 
        {
        }

    [McSlotId=1]: (empty)
    [McSlotId=2]: (empty)
    [McSlotId=3]: (empty)
}

UDB [UDB=(1,0)] is empty.
UDB [UDB=(1,1)] is empty.
Intr container @ [IntrContainer=(0)]: 
  Intr@ [IntrContainer=(0)][IntrId=(0)] 
    interrupt: Name =BTN_ISR
        PORT MAP (
            interrupt => Net_4143 );
        Properties:
        {
            int_type = "10"
            is_nmi = 0
        }
  Intr@ [IntrContainer=(0)][IntrId=(1)] 
    interrupt: Name =ADC_Done
        PORT MAP (
            interrupt => Net_4187 );
        Properties:
        {
            int_type = "10"
            is_nmi = 0
        }
  Intr@ [IntrContainer=(0)][IntrId=(10)] 
    interrupt: Name =\I2C:SCB_IRQ\
        PORT MAP (
            interrupt => Net_4066 );
        Properties:
        {
            int_type = "10"
            is_nmi = 0
        }
  Intr@ [IntrContainer=(0)][IntrId=(12)] 
    interrupt: Name =\BLE:bless_isr\
        PORT MAP (
            interrupt => \BLE:Net_15\ );
        Properties:
        {
            int_type = "10"
            is_nmi = 0
        }
  Intr@ [IntrContainer=(0)][IntrId=(15)] 
    interrupt: Name =\ADC_SAR_Seq_1:IRQ\
        PORT MAP (
            interrupt => \ADC_SAR_Seq_1:Net_3112\ );
        Properties:
        {
            int_type = "10"
            is_nmi = 0
        }
Port 0 generates interrupt for logical port:
    logicalport: Name =BTN
        PORT MAP (
            in_clock_en => one ,
            in_reset => zero ,
            out_clock_en => one ,
            out_reset => zero ,
            interrupt => Net_4143 );
        Properties:
        {
            drive_mode = "010"
            ibuf_enabled = "1"
            id = "c8eb6d6e-9fe1-498d-85dd-e88473be8e04"
            init_dr_st = "1"
            input_buffer_sel = "00"
            input_clk_en = 0
            input_sync = "0"
            input_sync_mode = "0"
            intr_mode = "10"
            invert_in_clock = 0
            invert_in_clock_en = 0
            invert_in_reset = 0
            invert_out_clock = 0
            invert_out_clock_en = 0
            invert_out_reset = 0
            io_voltage = ""
            layout_mode = "CONTIGUOUS"
            oe_conn = "0"
            oe_reset = 0
            oe_sync = "0"
            output_clk_en = 0
            output_clock_mode = "0"
            output_conn = "0"
            output_mode = "0"
            output_reset = 0
            output_sync = "0"
            ovt_hyst_trim = "0"
            ovt_needed = "0"
            ovt_slew_control = "00"
            pa_in_clock = -1
            pa_in_clock_en = -1
            pa_in_reset = -1
            pa_out_clock = -1
            pa_out_clock_en = -1
            pa_out_reset = -1
            pin_aliases = ""
            pin_mode = "I"
            por_state = 4
            port_alias_group = ""
            port_alias_required = 0
            sio_group_cnt = 0
            sio_hifreq = "00000000"
            sio_hyst = "1"
            sio_ibuf = "00000000"
            sio_info = "00"
            sio_obuf = "00000000"
            sio_refsel = "00000000"
            sio_vohsel = "00000000"
            sio_vtrip = "00000000"
            slew_rate = "0"
            spanning = 0
            sw_only = 0
            use_annotation = "0"
            vtrip = "00"
            width = 1
        }
    and contains the following IO cells:
[IoId=0]: 
Pin : Name = LED_B_1(0)
    Attributes:
        In Group/Port: True
        In Sync Option: AUTO
        Out Sync Option: NOSYNC
        Interrupt generated: False
        Interrupt mode: NONE
        Drive mode: CMOS_OUT
        VTrip: EITHER
        Slew: FAST
        Input Sync needed: False
        Output Sync needed: False
        SC shield enabled: False
        POR State: ANY
        LCD Mode: COMMON
        Register Mode: RegComb
        CaSense Mode: NEITHER
        Treat as pin: True
        Is OE Registered: False
        Uses Analog: False
        Can contain Digital: True
        Is SIO: False
        SIO Output Buf: NONREGULATED
        SIO Input Buf: SINGLE_ENDED
        SIO HiFreq: LOW
        SIO Hyst: DISABLED
        SIO Vtrip: MULTIPLIER_0_5
        SIO Multiplier Index: 0
        SIO RefSel: VCC_IO
        Required Capabilitites: DIGITAL
        Initial Value: 1
        IO Voltage: 0
    PORT MAP (
        pa_out => LED_B_1(0)__PA ,
        pad => LED_B_1(0)_PAD );
    Properties:
    {
    }

[IoId=1]: 
Pin : Name = LED_G_1(0)
    Attributes:
        In Group/Port: True
        In Sync Option: AUTO
        Out Sync Option: NOSYNC
        Interrupt generated: False
        Interrupt mode: NONE
        Drive mode: CMOS_OUT
        VTrip: EITHER
        Slew: FAST
        Input Sync needed: False
        Output Sync needed: False
        SC shield enabled: False
        POR State: ANY
        LCD Mode: COMMON
        Register Mode: RegComb
        CaSense Mode: NEITHER
        Treat as pin: True
        Is OE Registered: False
        Uses Analog: False
        Can contain Digital: True
        Is SIO: False
        SIO Output Buf: NONREGULATED
        SIO Input Buf: SINGLE_ENDED
        SIO HiFreq: LOW
        SIO Hyst: DISABLED
        SIO Vtrip: MULTIPLIER_0_5
        SIO Multiplier Index: 0
        SIO RefSel: VCC_IO
        Required Capabilitites: DIGITAL
        Initial Value: 1
        IO Voltage: 0
    PORT MAP (
        pa_out => LED_G_1(0)__PA ,
        pad => LED_G_1(0)_PAD );
    Properties:
    {
    }

[IoId=2]: 
Pin : Name = LED_R_1(0)
    Attributes:
        In Group/Port: True
        In Sync Option: AUTO
        Out Sync Option: NOSYNC
        Interrupt generated: False
        Interrupt mode: NONE
        Drive mode: CMOS_OUT
        VTrip: EITHER
        Slew: FAST
        Input Sync needed: False
        Output Sync needed: False
        SC shield enabled: False
        POR State: ANY
        LCD Mode: COMMON
        Register Mode: RegComb
        CaSense Mode: NEITHER
        Treat as pin: True
        Is OE Registered: False
        Uses Analog: False
        Can contain Digital: True
        Is SIO: False
        SIO Output Buf: NONREGULATED
        SIO Input Buf: SINGLE_ENDED
        SIO HiFreq: LOW
        SIO Hyst: DISABLED
        SIO Vtrip: MULTIPLIER_0_5
        SIO Multiplier Index: 0
        SIO RefSel: VCC_IO
        Required Capabilitites: DIGITAL
        Initial Value: 1
        IO Voltage: 0
    PORT MAP (
        pa_out => LED_R_1(0)__PA ,
        pad => LED_R_1(0)_PAD );
    Properties:
    {
    }

[IoId=3]: 
Pin : Name = LED_W(0)
    Attributes:
        In Group/Port: True
        In Sync Option: AUTO
        Out Sync Option: NOSYNC
        Interrupt generated: False
        Interrupt mode: NONE
        Drive mode: OPEN_DRAIN_LO
        VTrip: EITHER
        Slew: FAST
        Input Sync needed: False
        Output Sync needed: False
        SC shield enabled: False
        POR State: ANY
        LCD Mode: COMMON
        Register Mode: RegComb
        CaSense Mode: NEITHER
        Treat as pin: True
        Is OE Registered: False
        Uses Analog: False
        Can contain Digital: True
        Is SIO: False
        SIO Output Buf: NONREGULATED
        SIO Input Buf: SINGLE_ENDED
        SIO HiFreq: LOW
        SIO Hyst: DISABLED
        SIO Vtrip: MULTIPLIER_0_5
        SIO Multiplier Index: 0
        SIO RefSel: VCC_IO
        Required Capabilitites: DIGITAL
        Initial Value: 0
        IO Voltage: 0
    PORT MAP (
        pa_out => LED_W(0)__PA ,
        pad => LED_W(0)_PAD );
    Properties:
    {
    }

[IoId=4]: 
Pin : Name = BTN(0)
    Attributes:
        In Group/Port: True
        In Sync Option: NOSYNC
        Out Sync Option: AUTO
        Interrupt generated: True
        Interrupt mode: FALLING
        Drive mode: RES_PULL_UP
        VTrip: CMOS
        Slew: FAST
        Input Sync needed: False
        Output Sync needed: False
        SC shield enabled: False
        POR State: ANY
        LCD Mode: COMMON
        Register Mode: RegComb
        CaSense Mode: NEITHER
        Treat as pin: False
        Is OE Registered: False
        Uses Analog: False
        Can contain Digital: True
        Is SIO: False
        SIO Output Buf: NONREGULATED
        SIO Input Buf: SINGLE_ENDED
        SIO HiFreq: LOW
        SIO Hyst: DISABLED
        SIO Vtrip: MULTIPLIER_0_5
        SIO Multiplier Index: 0
        SIO RefSel: VCC_IO
        Required Capabilitites: DIGITAL, PORT_INTERRUPT
        Initial Value: 1
        IO Voltage: 0
    PORT MAP (
        pa_out => BTN(0)__PA ,
        pad => BTN(0)_PAD );
    Properties:
    {
    }

Port 1 contains the following IO cells:
[IoId=0]: 
Pin : Name = ACC_X(0)
    Attributes:
        In Group/Port: True
        In Sync Option: AUTO
        Out Sync Option: AUTO
        Interrupt generated: False
        Interrupt mode: NONE
        Drive mode: HI_Z_ANALOG
        VTrip: EITHER
        Slew: FAST
        Input Sync needed: False
        Output Sync needed: False
        SC shield enabled: False
        POR State: ANY
        LCD Mode: COMMON
        Register Mode: RegComb
        CaSense Mode: NEITHER
        Treat as pin: True
        Is OE Registered: False
        Uses Analog: True
        Can contain Digital: False
        Is SIO: False
        SIO Output Buf: NONREGULATED
        SIO Input Buf: SINGLE_ENDED
        SIO HiFreq: LOW
        SIO Hyst: DISABLED
        SIO Vtrip: MULTIPLIER_0_5
        SIO Multiplier Index: 0
        SIO RefSel: VCC_IO
        Required Capabilitites: ANALOG
        Initial Value: 1
        IO Voltage: 0
    PORT MAP (
        pa_out => ACC_X(0)__PA ,
        analog_term => Net_4217 ,
        pad => ACC_X(0)_PAD );
    Properties:
    {
    }

[IoId=5]: 
Pin : Name = ACC_Y(0)
    Attributes:
        In Group/Port: True
        In Sync Option: AUTO
        Out Sync Option: AUTO
        Interrupt generated: False
        Interrupt mode: NONE
        Drive mode: HI_Z_ANALOG
        VTrip: EITHER
        Slew: FAST
        Input Sync needed: False
        Output Sync needed: False
        SC shield enabled: False
        POR State: ANY
        LCD Mode: COMMON
        Register Mode: RegComb
        CaSense Mode: NEITHER
        Treat as pin: True
        Is OE Registered: False
        Uses Analog: True
        Can contain Digital: False
        Is SIO: False
        SIO Output Buf: NONREGULATED
        SIO Input Buf: SINGLE_ENDED
        SIO HiFreq: LOW
        SIO Hyst: DISABLED
        SIO Vtrip: MULTIPLIER_0_5
        SIO Multiplier Index: 0
        SIO RefSel: VCC_IO
        Required Capabilitites: ANALOG
        Initial Value: 1
        IO Voltage: 0
    PORT MAP (
        pa_out => ACC_Y(0)__PA ,
        analog_term => Net_4194 ,
        pad => ACC_Y(0)_PAD );
    Properties:
    {
    }

[IoId=7]: 
Pin : Name = BAT_CELL(0)
    Attributes:
        In Group/Port: True
        In Sync Option: AUTO
        Out Sync Option: AUTO
        Interrupt generated: False
        Interrupt mode: NONE
        Drive mode: HI_Z_ANALOG
        VTrip: EITHER
        Slew: FAST
        Input Sync needed: False
        Output Sync needed: False
        SC shield enabled: False
        POR State: ANY
        LCD Mode: COMMON
        Register Mode: RegComb
        CaSense Mode: NEITHER
        Treat as pin: True
        Is OE Registered: False
        Uses Analog: True
        Can contain Digital: False
        Is SIO: False
        SIO Output Buf: NONREGULATED
        SIO Input Buf: SINGLE_ENDED
        SIO HiFreq: LOW
        SIO Hyst: DISABLED
        SIO Vtrip: MULTIPLIER_0_5
        SIO Multiplier Index: 0
        SIO RefSel: VCC_IO
        Required Capabilitites: ANALOG
        Initial Value: 1
        IO Voltage: 0
    PORT MAP (
        pa_out => BAT_CELL(0)__PA ,
        analog_term => Net_4190 ,
        pad => BAT_CELL(0)_PAD ,
        input => __ONE__ );
    Properties:
    {
    }

Port 2 contains the following IO cells:
[IoId=5]: 
Pin : Name = ACC_Z(0)
    Attributes:
        In Group/Port: True
        In Sync Option: AUTO
        Out Sync Option: AUTO
        Interrupt generated: False
        Interrupt mode: NONE
        Drive mode: HI_Z_ANALOG
        VTrip: EITHER
        Slew: FAST
        Input Sync needed: False
        Output Sync needed: False
        SC shield enabled: False
        POR State: ANY
        LCD Mode: COMMON
        Register Mode: RegComb
        CaSense Mode: NEITHER
        Treat as pin: True
        Is OE Registered: False
        Uses Analog: True
        Can contain Digital: False
        Is SIO: False
        SIO Output Buf: NONREGULATED
        SIO Input Buf: SINGLE_ENDED
        SIO HiFreq: LOW
        SIO Hyst: DISABLED
        SIO Vtrip: MULTIPLIER_0_5
        SIO Multiplier Index: 0
        SIO RefSel: VCC_IO
        Required Capabilitites: ANALOG
        Initial Value: 1
        IO Voltage: 0
    PORT MAP (
        pa_out => ACC_Z(0)__PA ,
        analog_term => Net_4192 ,
        pad => ACC_Z(0)_PAD );
    Properties:
    {
    }

[IoId=6]: 
Pin : Name = LED_R(0)
    Attributes:
        In Group/Port: True
        In Sync Option: AUTO
        Out Sync Option: NOSYNC
        Interrupt generated: False
        Interrupt mode: NONE
        Drive mode: CMOS_OUT
        VTrip: EITHER
        Slew: FAST
        Input Sync needed: False
        Output Sync needed: False
        SC shield enabled: False
        POR State: ANY
        LCD Mode: COMMON
        Register Mode: RegComb
        CaSense Mode: NEITHER
        Treat as pin: True
        Is OE Registered: False
        Uses Analog: False
        Can contain Digital: True
        Is SIO: False
        SIO Output Buf: NONREGULATED
        SIO Input Buf: SINGLE_ENDED
        SIO HiFreq: LOW
        SIO Hyst: DISABLED
        SIO Vtrip: MULTIPLIER_0_5
        SIO Multiplier Index: 0
        SIO RefSel: VCC_IO
        Required Capabilitites: DIGITAL
        Initial Value: 1
        IO Voltage: 0
    PORT MAP (
        pa_out => LED_R(0)__PA ,
        pad => LED_R(0)_PAD );
    Properties:
    {
    }

Port 3 contains the following IO cells:
[IoId=4]: 
Pin : Name = \I2C:sda(0)\
    Attributes:
        In Group/Port: True
        In Sync Option: NOSYNC
        Out Sync Option: NOSYNC
        Interrupt generated: False
        Interrupt mode: NONE
        Drive mode: OPEN_DRAIN_LO
        VTrip: CMOS
        Slew: FAST
        Input Sync needed: False
        Output Sync needed: False
        SC shield enabled: False
        POR State: ANY
        LCD Mode: COMMON
        Register Mode: RegComb
        CaSense Mode: NEITHER
        Treat as pin: True
        Is OE Registered: False
        Uses Analog: False
        Can contain Digital: True
        Is SIO: False
        SIO Output Buf: NONREGULATED
        SIO Input Buf: SINGLE_ENDED
        SIO HiFreq: LOW
        SIO Hyst: DISABLED
        SIO Vtrip: MULTIPLIER_0_5
        SIO Multiplier Index: 0
        SIO RefSel: VCC_IO
        Required Capabilitites: DIGITAL
        Initial Value: 1
        IO Voltage: 0
    PORT MAP (
        pa_out => \I2C:sda(0)\__PA ,
        fb => \I2C:sda_wire\ ,
        pad => \I2C:sda(0)_PAD\ );
    Properties:
    {
    }

[IoId=5]: 
Pin : Name = \I2C:scl(0)\
    Attributes:
        In Group/Port: True
        In Sync Option: NOSYNC
        Out Sync Option: NOSYNC
        Interrupt generated: False
        Interrupt mode: NONE
        Drive mode: OPEN_DRAIN_LO
        VTrip: CMOS
        Slew: FAST
        Input Sync needed: False
        Output Sync needed: False
        SC shield enabled: False
        POR State: ANY
        LCD Mode: COMMON
        Register Mode: RegComb
        CaSense Mode: NEITHER
        Treat as pin: True
        Is OE Registered: False
        Uses Analog: False
        Can contain Digital: True
        Is SIO: False
        SIO Output Buf: NONREGULATED
        SIO Input Buf: SINGLE_ENDED
        SIO HiFreq: LOW
        SIO Hyst: DISABLED
        SIO Vtrip: MULTIPLIER_0_5
        SIO Multiplier Index: 0
        SIO RefSel: VCC_IO
        Required Capabilitites: DIGITAL
        Initial Value: 1
        IO Voltage: 0
    PORT MAP (
        pa_out => \I2C:scl(0)\__PA ,
        fb => \I2C:scl_wire\ ,
        pad => \I2C:scl(0)_PAD\ );
    Properties:
    {
    }

[IoId=6]: 
Pin : Name = LED_G(0)
    Attributes:
        In Group/Port: True
        In Sync Option: AUTO
        Out Sync Option: NOSYNC
        Interrupt generated: False
        Interrupt mode: NONE
        Drive mode: CMOS_OUT
        VTrip: EITHER
        Slew: FAST
        Input Sync needed: False
        Output Sync needed: False
        SC shield enabled: False
        POR State: ANY
        LCD Mode: COMMON
        Register Mode: RegComb
        CaSense Mode: NEITHER
        Treat as pin: True
        Is OE Registered: False
        Uses Analog: False
        Can contain Digital: True
        Is SIO: False
        SIO Output Buf: NONREGULATED
        SIO Input Buf: SINGLE_ENDED
        SIO HiFreq: LOW
        SIO Hyst: DISABLED
        SIO Vtrip: MULTIPLIER_0_5
        SIO Multiplier Index: 0
        SIO RefSel: VCC_IO
        Required Capabilitites: DIGITAL
        Initial Value: 1
        IO Voltage: 0
    PORT MAP (
        pa_out => LED_G(0)__PA ,
        pad => LED_G(0)_PAD );
    Properties:
    {
    }

[IoId=7]: 
Pin : Name = LED_B(0)
    Attributes:
        In Group/Port: True
        In Sync Option: AUTO
        Out Sync Option: NOSYNC
        Interrupt generated: False
        Interrupt mode: NONE
        Drive mode: CMOS_OUT
        VTrip: EITHER
        Slew: FAST
        Input Sync needed: False
        Output Sync needed: False
        SC shield enabled: False
        POR State: ANY
        LCD Mode: COMMON
        Register Mode: RegComb
        CaSense Mode: NEITHER
        Treat as pin: True
        Is OE Registered: False
        Uses Analog: False
        Can contain Digital: True
        Is SIO: False
        SIO Output Buf: NONREGULATED
        SIO Input Buf: SINGLE_ENDED
        SIO HiFreq: LOW
        SIO Hyst: DISABLED
        SIO Vtrip: MULTIPLIER_0_5
        SIO Multiplier Index: 0
        SIO RefSel: VCC_IO
        Required Capabilitites: DIGITAL
        Initial Value: 1
        IO Voltage: 0
    PORT MAP (
        pa_out => LED_B(0)__PA ,
        pad => LED_B(0)_PAD );
    Properties:
    {
    }

Port 4 is empty
Port 5 is empty
Port 6 is empty
ARM group 0: empty
Clock group 0: 
    Clock Block @ F(Clock,0): 
    m0s8clockblockcell: Name =ClockBlock
        PORT MAP (
            hfclk => ClockBlock_HFCLK ,
            imo => ClockBlock_IMO ,
            ext => ClockBlock_EXTCLK ,
            sysclk => ClockBlock_SYSCLK ,
            eco => ClockBlock_ECO ,
            ilo => ClockBlock_ILO ,
            lfclk => ClockBlock_LFCLK ,
            wco => ClockBlock_WCO ,
            dsi_in_0 => ClockBlock_Routed1 ,
            ff_div_6 => \ADC_SAR_Seq_1:Net_1845_ff6\ ,
            ff_div_1 => \I2C:Net_847_ff1\ );
        Properties:
        {
        }
PM group 0: empty
SPC group 0: empty
WDT group 0: empty
FSS group 0: empty
LP Comparator group 0: empty
Serial Communication (SCB) group 0: 
    SCB Block @ F(SCB,1): 
    m0s8scbcell: Name =\I2C:SCB\
        PORT MAP (
            clock => \I2C:Net_847_ff1\ ,
            interrupt => Net_4066 ,
            tx => \I2C:tx_wire\ ,
            rts => \I2C:rts_wire\ ,
            mosi_m => \I2C:mosi_m_wire\ ,
            select_m_3 => \I2C:select_m_wire_3\ ,
            select_m_2 => \I2C:select_m_wire_2\ ,
            select_m_1 => \I2C:select_m_wire_1\ ,
            select_m_0 => \I2C:select_m_wire_0\ ,
            sclk_m => \I2C:sclk_m_wire\ ,
            miso_s => \I2C:miso_s_wire\ ,
            scl => \I2C:scl_wire\ ,
            sda => \I2C:sda_wire\ ,
            tx_req => Net_4069 ,
            rx_req => Net_4068 );
        Properties:
        {
            cy_registers = ""
            scb_mode = 0
        }
CapSense group 0: empty
8-bit IDAC group 0: empty
7-bit IDAC group 0: empty
Timer/Counter/PWM group 0: empty
Comparator/Opamp group 0: 
    PSoC4 Comparator/Opamp @ F(OA,0): 
    p4abufcell: Name =\Opamp_4:cy_psoc4_abuf\
        PORT MAP (
            vplus => Net_4190 ,
            vminus => Net_4250 ,
            vout1 => Net_4250 ,
            vout10 => \Opamp_4:Net_19\ ,
            ctb_dsi_comp => \Opamp_4:Net_12\ );
        Properties:
        {
            cy_registers = ""
            deepsleep_available = 0
            has_resistor = 0
            needs_dsab = 0
        }
    PSoC4 Comparator/Opamp @ F(OA,1): 
    p4abufcell: Name =\Opamp_3:cy_psoc4_abuf\
        PORT MAP (
            vplus => Net_4192 ,
            vminus => Net_4249 ,
            vout1 => Net_4249 ,
            vout10 => \Opamp_3:Net_19\ ,
            ctb_dsi_comp => \Opamp_3:Net_12\ );
        Properties:
        {
            cy_registers = ""
            deepsleep_available = 0
            has_resistor = 0
            needs_dsab = 0
        }
    PSoC4 Comparator/Opamp @ F(OA,2): 
    p4abufcell: Name =\Opamp_1:cy_psoc4_abuf\
        PORT MAP (
            vplus => Net_4217 ,
            vminus => Net_4196 ,
            vout1 => Net_4196 ,
            vout10 => \Opamp_1:Net_19\ ,
            ctb_dsi_comp => \Opamp_1:Net_12\ );
        Properties:
        {
            cy_registers = ""
            deepsleep_available = 0
            has_resistor = 0
            needs_dsab = 0
        }
    PSoC4 Comparator/Opamp @ F(OA,3): 
    p4abufcell: Name =\Opamp_2:cy_psoc4_abuf\
        PORT MAP (
            vplus => Net_4194 ,
            vminus => Net_4248 ,
            vout1 => Net_4248 ,
            vout10 => \Opamp_2:Net_19\ ,
            ctb_dsi_comp => \Opamp_2:Net_12\ );
        Properties:
        {
            cy_registers = ""
            deepsleep_available = 0
            has_resistor = 0
            needs_dsab = 0
        }
Die Temp group 0: empty
SAR ADC group 0: 
    PSoC4 SAR ADC @ F(SARADC,0): 
    p4sarcell: Name =\ADC_SAR_Seq_1:cy_psoc4_sar\
        PORT MAP (
            vplus => \ADC_SAR_Seq_1:muxout_plus\ ,
            vminus => \ADC_SAR_Seq_1:muxout_minus\ ,
            vref => \ADC_SAR_Seq_1:Net_3113\ ,
            ext_vref => \ADC_SAR_Seq_1:Net_3227\ ,
            clock => \ADC_SAR_Seq_1:Net_1845_ff6\ ,
            sample_done => Net_4186 ,
            chan_id_valid => \ADC_SAR_Seq_1:Net_3108\ ,
            chan_id_3 => \ADC_SAR_Seq_1:Net_3109_3\ ,
            chan_id_2 => \ADC_SAR_Seq_1:Net_3109_2\ ,
            chan_id_1 => \ADC_SAR_Seq_1:Net_3109_1\ ,
            chan_id_0 => \ADC_SAR_Seq_1:Net_3109_0\ ,
            data_valid => \ADC_SAR_Seq_1:Net_3110\ ,
            data_11 => \ADC_SAR_Seq_1:Net_3111_11\ ,
            data_10 => \ADC_SAR_Seq_1:Net_3111_10\ ,
            data_9 => \ADC_SAR_Seq_1:Net_3111_9\ ,
            data_8 => \ADC_SAR_Seq_1:Net_3111_8\ ,
            data_7 => \ADC_SAR_Seq_1:Net_3111_7\ ,
            data_6 => \ADC_SAR_Seq_1:Net_3111_6\ ,
            data_5 => \ADC_SAR_Seq_1:Net_3111_5\ ,
            data_4 => \ADC_SAR_Seq_1:Net_3111_4\ ,
            data_3 => \ADC_SAR_Seq_1:Net_3111_3\ ,
            data_2 => \ADC_SAR_Seq_1:Net_3111_2\ ,
            data_1 => \ADC_SAR_Seq_1:Net_3111_1\ ,
            data_0 => \ADC_SAR_Seq_1:Net_3111_0\ ,
            tr_sar_out => Net_4187 ,
            irq => \ADC_SAR_Seq_1:Net_3112\ );
        Properties:
        {
            cy_registers = ""
        }
Segment LCD group 0: empty
CLK_GEN group 0: 
    M0S8 Clock Gen Block @ F(CLK_GEN,0): 
    m0s8clockgenblockcell: Name =ClockGenBlock
        PORT MAP (
             );
        Properties:
        {
        }
LPCOMPBLOCK group 0: empty
PASSBLOCK group 0: empty
ANAPUMP group 0: empty
BLE group 0: 
    BLE Block @ F(BLE,0): 
    p4blecell: Name =\BLE:cy_m0s8_ble\
        PORT MAP (
            interrupt => \BLE:Net_15\ ,
            rfctrl_extpa_en => Net_4083 );
        Properties:
        {
            cy_registers = ""
        }
GANGED_PICU group 0: empty
WCO group 0: empty

Blocks not positioned by the digital component placer:
    PSoC4 SAR Muxes @ <No Location>: 
    p4sarmuxcell: Name =\ADC_SAR_Seq_1:cy_psoc4_sarmux_8\
        PORT MAP (
            muxin_plus_3 => Net_4250 ,
            muxin_plus_2 => Net_4249 ,
            muxin_plus_1 => Net_4248 ,
            muxin_plus_0 => Net_4196 ,
            muxin_minus_3 => \ADC_SAR_Seq_1:mux_bus_minus_3\ ,
            muxin_minus_2 => \ADC_SAR_Seq_1:mux_bus_minus_2\ ,
            muxin_minus_1 => \ADC_SAR_Seq_1:mux_bus_minus_1\ ,
            muxin_minus_0 => \ADC_SAR_Seq_1:mux_bus_minus_0\ ,
            cmn_neg_0 => \ADC_SAR_Seq_1:Net_1851\ ,
            vout_plus => \ADC_SAR_Seq_1:muxout_plus\ ,
            vout_minus => \ADC_SAR_Seq_1:muxout_minus\ );
        Properties:
        {
            cy_registers = ""
            input_mode = "0000"
            muxin_width = 4
        }
</CYPRESSTAG>
<CYPRESSTAG name="Port Configuration Details">

------------------------------------------------------------
Port Configuration report
------------------------------------------------------------
     |     |       | Interrupt |                  |              | 
Port | Pin | Fixed |      Type |       Drive Mode |         Name | Connections
-----+-----+-------+-----------+------------------+--------------+------------------------------
   0 |   0 |     * |      NONE |         CMOS_OUT |   LED_B_1(0) | 
     |   1 |     * |      NONE |         CMOS_OUT |   LED_G_1(0) | 
     |   2 |     * |      NONE |         CMOS_OUT |   LED_R_1(0) | 
     |   3 |     * |      NONE |    OPEN_DRAIN_LO |     LED_W(0) | 
     |   4 |     * |   FALLING |      RES_PULL_UP |       BTN(0) | 
-----+-----+-------+-----------+------------------+--------------+------------------------------
   1 |   0 |     * |      NONE |      HI_Z_ANALOG |     ACC_X(0) | Analog(Net_4217)
     |   5 |     * |      NONE |      HI_Z_ANALOG |     ACC_Y(0) | Analog(Net_4194)
     |   7 |     * |      NONE |      HI_Z_ANALOG |  BAT_CELL(0) | In(__ONE__), Analog(Net_4190)
-----+-----+-------+-----------+------------------+--------------+------------------------------
   2 |   5 |     * |      NONE |      HI_Z_ANALOG |     ACC_Z(0) | Analog(Net_4192)
     |   6 |     * |      NONE |         CMOS_OUT |     LED_R(0) | 
-----+-----+-------+-----------+------------------+--------------+------------------------------
   3 |   4 |     * |      NONE |    OPEN_DRAIN_LO | \I2C:sda(0)\ | FB(\I2C:sda_wire\)
     |   5 |     * |      NONE |    OPEN_DRAIN_LO | \I2C:scl(0)\ | FB(\I2C:scl_wire\)
     |   6 |     * |      NONE |         CMOS_OUT |     LED_G(0) | 
     |   7 |     * |      NONE |         CMOS_OUT |     LED_B(0) | 
------------------------------------------------------------------------------------------------
</CYPRESSTAG>
</CYPRESSTAG>
</CYPRESSTAG>
Digital component placer commit/Report: Elapsed time ==> 0s.003ms
Digital Placement phase: Elapsed time ==> 0s.766ms
</CYPRESSTAG>
<CYPRESSTAG name="Digital Routing">
Routing successful.
Digital Routing phase: Elapsed time ==> 1s.069ms
</CYPRESSTAG>
<CYPRESSTAG name="Bitstream Generation">
Bitstream Generation phase: Elapsed time ==> 0s.465ms
</CYPRESSTAG>
<CYPRESSTAG name="Bitstream Verification">
Bitstream Verification phase: Elapsed time ==> 0s.078ms
</CYPRESSTAG>
<CYPRESSTAG name="Static timing analysis">
Timing report is in Pawn_PSoC4200_timing.html.
Static timing analysis phase: Elapsed time ==> 0s.369ms
</CYPRESSTAG>
<CYPRESSTAG name="Data reporting">
Data reporting phase: Elapsed time ==> 0s.000ms
</CYPRESSTAG>
<CYPRESSTAG name="Database update...">
Design database save phase: Elapsed time ==> 0s.361ms
</CYPRESSTAG>
cydsfit: Elapsed time ==> 3s.788ms
</CYPRESSTAG>
Fitter phase: Elapsed time ==> 3s.789ms
API generation phase: Elapsed time ==> 3s.570ms
Dependency generation phase: Elapsed time ==> 0s.079ms
Cleanup phase: Elapsed time ==> 0s.031ms
