ARM GAS  C:\Users\Nakio\AppData\Local\Temp\ccTx4CXD.s 			page 1


   1              		.cpu cortex-m0
   2              		.fpu softvfp
   3              		.eabi_attribute 20, 1
   4              		.eabi_attribute 21, 1
   5              		.eabi_attribute 23, 3
   6              		.eabi_attribute 24, 1
   7              		.eabi_attribute 25, 1
   8              		.eabi_attribute 26, 1
   9              		.eabi_attribute 30, 6
  10              		.eabi_attribute 34, 0
  11              		.eabi_attribute 18, 4
  12              		.code	16
  13              		.file	"main.c"
  14              		.text
  15              	.Ltext0:
  16              		.cfi_sections	.debug_frame
  17              		.global	initializeCapSenseBaseline
  18              		.data
  19              		.type	initializeCapSenseBaseline, %object
  20              		.size	initializeCapSenseBaseline, 1
  21              	initializeCapSenseBaseline:
  22 0000 01       		.byte	1
  23              		.section	.text.main,"ax",%progbits
  24              		.align	2
  25              		.global	main
  26              		.code	16
  27              		.thumb_func
  28              		.type	main, %function
  29              	main:
  30              	.LFB37:
  31              		.file 1 "main.c"
   1:main.c        **** /******************************************************************************
   2:main.c        **** * Project Name		: PSoC_4_BLE_CapSense_Slider_LED
   3:main.c        **** * File Name			: main.c
   4:main.c        **** * Version 			: 1.0
   5:main.c        **** * Device Used		: CY8C4248LQI-BL583
   6:main.c        **** * Software Used		: PSoC Creator 3.3 CP2
   7:main.c        **** * Compiler    		: ARM GCC 4.9.3, ARM MDK Generic
   8:main.c        **** * Related Hardware	: CY8CKIT-042-BLE-A Bluetooth Low Energy Pioneer Kit 
   9:main.c        **** * Owner             : ROIT
  10:main.c        **** *
  11:main.c        **** ********************************************************************************
  12:main.c        **** * Copyright (2015-16), Cypress Semiconductor Corporation. All Rights Reserved.
  13:main.c        **** ********************************************************************************
  14:main.c        **** * This software is owned by Cypress Semiconductor Corporation (Cypress)
  15:main.c        **** * and is protected by and subject to worldwide patent protection (United
  16:main.c        **** * States and foreign), United States copyright laws and international treaty
  17:main.c        **** * provisions. Cypress hereby grants to licensee a personal, non-exclusive,
  18:main.c        **** * non-transferable license to copy, use, modify, create derivative works of,
  19:main.c        **** * and compile the Cypress Source Code and derivative works for the sole
  20:main.c        **** * purpose of creating custom software in support of licensee product to be
  21:main.c        **** * used only in conjunction with a Cypress integrated circuit as specified in
  22:main.c        **** * the applicable agreement. Any reproduction, modification, translation,
  23:main.c        **** * compilation, or representation of this software except as specified above 
  24:main.c        **** * is prohibited without the express written permission of Cypress.
  25:main.c        **** *
  26:main.c        **** * Disclaimer: CYPRESS MAKES NO WARRANTY OF ANY KIND, EXPRESS OR IMPLIED, WITH 
ARM GAS  C:\Users\Nakio\AppData\Local\Temp\ccTx4CXD.s 			page 2


  27:main.c        **** * REGARD TO THIS MATERIAL, INCLUDING, BUT NOT LIMITED TO, THE IMPLIED 
  28:main.c        **** * WARRANTIES OF MERCHANTABILITY AND FITNESS FOR A PARTICULAR PURPOSE.
  29:main.c        **** * Cypress reserves the right to make changes without further notice to the 
  30:main.c        **** * materials described herein. Cypress does not assume any liability arising out 
  31:main.c        **** * of the application or use of any product or circuit described herein. Cypress 
  32:main.c        **** * does not authorize its products for use as critical components in life-support 
  33:main.c        **** * systems where a malfunction or failure may reasonably be expected to result in 
  34:main.c        **** * significant injury to the user. The inclusion of Cypress' product in a life-
  35:main.c        **** * support systems application implies that the manufacturer assumes all risk of 
  36:main.c        **** * such use and in doing so indemnifies Cypress against all charges. 
  37:main.c        **** *
  38:main.c        **** * Use of this Software may be limited by and subject to the applicable Cypress
  39:main.c        **** * software license agreement. 
  40:main.c        **** *******************************************************************************/
  41:main.c        **** 
  42:main.c        **** /******************************************************************************
  43:main.c        **** *                           THEORY OF OPERATION
  44:main.c        **** *******************************************************************************
  45:main.c        **** * This project will showcase the capability of PSoC 4 BLE to communicate 
  46:main.c        **** * bi-directionally with a BLE Central device over custom services. The CapSense 
  47:main.c        **** * custom service allows notifications to be sent to central device when 
  48:main.c        **** * notifications are enabled. On the other hand, the RGB LED custom service allows 
  49:main.c        **** * read and write of attributes under the RGB characteristics.
  50:main.c        **** * This project utilizes CapSense component to check finger position on slider 
  51:main.c        **** * and report this to central device over BLE. On the other hand, the control values 
  52:main.c        **** * sent to PSoC 4 BLE is converted to respective color and intensity on the onboard  
  53:main.c        **** * RGB LED. The BLE central device can be any BLE central device, including CySmart 
  54:main.c        **** * mobile app or CySmart PC tool. 
  55:main.c        **** * This project also inludes low power mode operation, idle for battery operated 
  56:main.c        **** * devices. The project utlizes Deep Sleep feature of both BLESS and CPU to remain 
  57:main.c        **** * in low power mode as much as possible, while maintaining the BLE connection and  
  58:main.c        **** * data transfer. This allows the device to run on coin cell battery for long time.
  59:main.c        **** *
  60:main.c        **** * Note:
  61:main.c        **** * The programming pins have been configured as GPIO, and not SWD. This is because 
  62:main.c        **** * when programming pins are configured for SWD, then the silicon consumes extra
  63:main.c        **** * power through the pins. To prevent the leakage of power, the pins have been set 
  64:main.c        **** * to GPIO. With this setting, the kit can still be acquired by PSoC Creator or
  65:main.c        **** * PSoC Programmer software tools for programming, but the project cannot be 
  66:main.c        **** * externally debugged. To re-enable debugging, go to PSoC_4_BLE_CapSense_Slider_LED.cydwr 
  67:main.c        **** * from Workspace Explorer, go to Systems tab, and set the Debug Select option to 'SWD'.
  68:main.c        **** * Build and program this project to enable external Debugging.
  69:main.c        **** *
  70:main.c        **** * Refer to BLE Pioneer Kit user guide for details.
  71:main.c        **** *******************************************************************************
  72:main.c        **** * Hardware connection required for testing -
  73:main.c        **** * Slider pins 	- P2[1]-P2[5] (hard-wired on the BLE Pioneer kit)
  74:main.c        **** * Cmod pin		- P4[0] (hard-wired on the PSoC 4 BLE module)
  75:main.c        **** * R-G-B LED 	- P2[6], P3[6] and P3[7] (hard-wired on the BLE Pioneer kit)
  76:main.c        **** * User Switch	- P2[7] (hard-wired on the BLE Pioneer kit)
  77:main.c        **** ******************************************************************************/
  78:main.c        **** #include <main.h>
  79:main.c        **** 
  80:main.c        **** /* This flag is used by application to know whether a Central 
  81:main.c        **** * device has been connected. This is updated in BLE event callback 
  82:main.c        **** * function*/
  83:main.c        **** extern uint8 deviceConnected;
ARM GAS  C:\Users\Nakio\AppData\Local\Temp\ccTx4CXD.s 			page 3


  84:main.c        **** 
  85:main.c        **** /*This flag is set when the Central device writes to CCCD of the 
  86:main.c        **** * CapSense slider Characteristic to enable notifications */
  87:main.c        **** extern uint8 sendCapSenseSliderNotifications;
  88:main.c        **** 
  89:main.c        **** /* 'restartAdvertisement' flag is used to restart advertisement */
  90:main.c        **** extern uint8 restartAdvertisement;
  91:main.c        **** 
  92:main.c        **** /* 'initializeCapSenseBaseline' flag is used to call the function once that initializes 
  93:main.c        **** * all CapSense baseline. The baseline is initialized when the first advertisement 
  94:main.c        **** * is started. This is done so that any external disturbance while powering the kit does 
  95:main.c        **** * not infliuence the baseline value, that may cause wrong readings. */
  96:main.c        **** uint8 initializeCapSenseBaseline = TRUE;
  97:main.c        **** 
  98:main.c        **** /*******************************************************************************
  99:main.c        **** * Function Name: main
 100:main.c        **** ********************************************************************************
 101:main.c        **** * Summary:
 102:main.c        **** *        System entrance point. This calls the initializing function and
 103:main.c        **** * continuously process BLE and CapSense events.
 104:main.c        **** *
 105:main.c        **** * Parameters:
 106:main.c        **** *  void
 107:main.c        **** *
 108:main.c        **** * Return:
 109:main.c        **** *  int
 110:main.c        **** *
 111:main.c        **** 
 112:main.c        **** *******************************************************************************/
 113:main.c        **** int main()
 114:main.c        **** {
  32              		.loc 1 114 0
  33              		.cfi_startproc
  34 0000 80B5     		push	{r7, lr}
  35              		.cfi_def_cfa_offset 8
  36              		.cfi_offset 7, -8
  37              		.cfi_offset 14, -4
  38 0002 00AF     		add	r7, sp, #0
  39              		.cfi_def_cfa_register 7
 115:main.c        **** 	/* This function will initialize the system resources such as BLE and CapSense */
 116:main.c        ****     InitializeSystem();
  40              		.loc 1 116 0
  41 0004 FFF7FEFF 		bl	InitializeSystem
  42              	.L5:
 117:main.c        **** 	
 118:main.c        ****     for(;;)
 119:main.c        ****     {
 120:main.c        ****         /*Process event callback to handle BLE events. The events generated and 
 121:main.c        **** 		* used for this application are inside the 'CustomEventHandler' routine*/
 122:main.c        ****         CyBle_ProcessEvents();
  43              		.loc 1 122 0
  44 0008 FFF7FEFF 		bl	CyBle_ProcessEvents
 123:main.c        **** 		
 124:main.c        **** 		/* Updated LED for status during BLE active states */
 125:main.c        **** 		HandleStatusLED();
  45              		.loc 1 125 0
  46 000c FFF7FEFF 		bl	HandleStatusLED
ARM GAS  C:\Users\Nakio\AppData\Local\Temp\ccTx4CXD.s 			page 4


 126:main.c        **** 		
 127:main.c        **** 		if(TRUE == deviceConnected)
  47              		.loc 1 127 0
  48 0010 134B     		ldr	r3, .L6
  49 0012 1B78     		ldrb	r3, [r3]
  50 0014 012B     		cmp	r3, #1
  51 0016 0CD1     		bne	.L2
 128:main.c        **** 		{
 129:main.c        **** 			/* After the connection, send new connection parameter to the Client device 
 130:main.c        **** 			* to run the BLE communication on desired interval. This affects the data rate 
 131:main.c        **** 			* and power consumption. High connection interval will have lower data rate but 
 132:main.c        **** 			* lower power consumption. Low connection interval will have higher data rate at
 133:main.c        **** 			* expense of higher power. This function is called only once per connection. */
 134:main.c        **** 			UpdateConnectionParam();
  52              		.loc 1 134 0
  53 0018 FFF7FEFF 		bl	UpdateConnectionParam
 135:main.c        **** 			
 136:main.c        **** 			/* Send CapSense Slider data when respective notification is enabled */
 137:main.c        **** 			if(sendCapSenseSliderNotifications == CCCD_NTF_BIT_MASK)
  54              		.loc 1 137 0
  55 001c 114B     		ldr	r3, .L6+4
  56 001e 1B78     		ldrb	r3, [r3]
  57 0020 012B     		cmp	r3, #1
  58 0022 06D1     		bne	.L2
 138:main.c        **** 			{
 139:main.c        **** 				if(CYBLE_BLESS_STATE_ECO_STABLE ==CyBle_GetBleSsState())
  59              		.loc 1 139 0
  60 0024 FFF7FEFF 		bl	CyBle_GetBleSsState
  61 0028 031E     		sub	r3, r0, #0
  62 002a 052B     		cmp	r3, #5
  63 002c 01D1     		bne	.L2
 140:main.c        **** 				{
 141:main.c        **** 					/* Check for CapSense slider swipe and send data accordingly */
 142:main.c        **** 					HandleCapSenseSlider();
  64              		.loc 1 142 0
  65 002e FFF7FEFF 		bl	HandleCapSenseSlider
  66              	.L2:
 143:main.c        **** 				}
 144:main.c        **** 			}
 145:main.c        **** 		}
 146:main.c        **** 		
 147:main.c        **** 		#ifdef ENABLE_LOW_POWER_MODE
 148:main.c        **** 			/* Put system to Deep sleep, including BLESS, and wakeup on interrupt. 
 149:main.c        **** 			* The source of the interrupt can be either BLESS Link Layer in case of 
 150:main.c        **** 			* BLE advertisement and connection or by User Button press during BLE 
 151:main.c        **** 			* disconnection */
 152:main.c        **** 			HandleLowPowerMode();
  67              		.loc 1 152 0
  68 0032 FFF7FEFF 		bl	HandleLowPowerMode
 153:main.c        **** 		#endif
 154:main.c        **** 		
 155:main.c        **** 		if(restartAdvertisement)
  69              		.loc 1 155 0
  70 0036 0C4B     		ldr	r3, .L6+8
  71 0038 1B78     		ldrb	r3, [r3]
  72 003a 002B     		cmp	r3, #0
  73 003c 0ED0     		beq	.L3
ARM GAS  C:\Users\Nakio\AppData\Local\Temp\ccTx4CXD.s 			page 5


 156:main.c        **** 		{
 157:main.c        **** 			/* Reset 'restartAdvertisement' flag*/
 158:main.c        **** 			restartAdvertisement = FALSE;
  74              		.loc 1 158 0
  75 003e 0A4B     		ldr	r3, .L6+8
  76 0040 0022     		mov	r2, #0
  77 0042 1A70     		strb	r2, [r3]
 159:main.c        **** 			
 160:main.c        **** 			/* If CapSense Initialize Baseline API has not been called yet, call the
 161:main.c        **** 			* API and reset the flag. */
 162:main.c        **** 			if(initializeCapSenseBaseline)
  78              		.loc 1 162 0
  79 0044 094B     		ldr	r3, .L6+12
  80 0046 1B78     		ldrb	r3, [r3]
  81 0048 002B     		cmp	r3, #0
  82 004a 04D0     		beq	.L4
 163:main.c        **** 			{
 164:main.c        **** 				/* Reset 'initializeCapSenseBaseline' flag*/
 165:main.c        **** 				initializeCapSenseBaseline = FALSE;
  83              		.loc 1 165 0
  84 004c 074B     		ldr	r3, .L6+12
  85 004e 0022     		mov	r2, #0
  86 0050 1A70     		strb	r2, [r3]
 166:main.c        **** 				
 167:main.c        **** 				/* Initialize all CapSense Baseline */
 168:main.c        **** 				CapSense_InitializeAllBaselines();
  87              		.loc 1 168 0
  88 0052 FFF7FEFF 		bl	CapSense_InitializeAllBaselines
  89              	.L4:
 169:main.c        **** 			}
 170:main.c        **** 
 171:main.c        **** 			/* Start Advertisement and enter Discoverable mode*/
 172:main.c        **** 			CyBle_GappStartAdvertisement(CYBLE_ADVERTISING_FAST);	
  90              		.loc 1 172 0
  91 0056 0020     		mov	r0, #0
  92 0058 FFF7FEFF 		bl	CyBle_GappStartAdvertisement
  93              	.L3:
 173:main.c        **** 		}
 174:main.c        ****     }	/* End of for(;;) */
  94              		.loc 1 174 0
  95 005c D4E7     		b	.L5
  96              	.L7:
  97 005e C046     		.align	2
  98              	.L6:
  99 0060 00000000 		.word	deviceConnected
 100 0064 00000000 		.word	sendCapSenseSliderNotifications
 101 0068 00000000 		.word	restartAdvertisement
 102 006c 00000000 		.word	initializeCapSenseBaseline
 103              		.cfi_endproc
 104              	.LFE37:
 105              		.size	main, .-main
 106              		.section	.text.InitializeSystem,"ax",%progbits
 107              		.align	2
 108              		.global	InitializeSystem
 109              		.code	16
 110              		.thumb_func
 111              		.type	InitializeSystem, %function
ARM GAS  C:\Users\Nakio\AppData\Local\Temp\ccTx4CXD.s 			page 6


 112              	InitializeSystem:
 113              	.LFB38:
 175:main.c        **** }
 176:main.c        **** 
 177:main.c        **** /*******************************************************************************
 178:main.c        **** * Function Name: InitializeSystem
 179:main.c        **** ********************************************************************************
 180:main.c        **** * Summary:
 181:main.c        **** *        Start the components and initialize system 
 182:main.c        **** *
 183:main.c        **** * Parameters:
 184:main.c        **** *  void
 185:main.c        **** *
 186:main.c        **** * Return:
 187:main.c        **** *  void
 188:main.c        **** *
 189:main.c        **** *******************************************************************************/
 190:main.c        **** void InitializeSystem(void)
 191:main.c        **** {
 114              		.loc 1 191 0
 115              		.cfi_startproc
 116 0000 80B5     		push	{r7, lr}
 117              		.cfi_def_cfa_offset 8
 118              		.cfi_offset 7, -8
 119              		.cfi_offset 14, -4
 120 0002 00AF     		add	r7, sp, #0
 121              		.cfi_def_cfa_register 7
 192:main.c        **** 	/* Enable global interrupt mask */
 193:main.c        **** 	CyGlobalIntEnable; 
 122              		.loc 1 193 0
 123              	@ 193 "main.c" 1
 124 0004 62B6     		CPSIE   i
 125              	@ 0 "" 2
 194:main.c        **** 			
 195:main.c        **** 	/* Start BLE component and register the CustomEventHandler function. This 
 196:main.c        **** 	* function exposes the events from BLE component for application use */
 197:main.c        ****     CyBle_Start(CustomEventHandler);
 126              		.loc 1 197 0
 127              		.code	16
 128 0006 144B     		ldr	r3, .L9
 129 0008 181C     		mov	r0, r3
 130 000a FFF7FEFF 		bl	CyBle_Start
 198:main.c        **** 	
 199:main.c        **** 	/* Start the PrISM component for LED control*/
 200:main.c        ****     PrISM_1_Start();
 131              		.loc 1 200 0
 132 000e FFF7FEFF 		bl	PrISM_1_Start
 201:main.c        ****     PrISM_2_Start();
 133              		.loc 1 201 0
 134 0012 FFF7FEFF 		bl	PrISM_2_Start
 202:main.c        **** 	
 203:main.c        **** 	/* The RGB LED on BLE Pioneer kit are active low. Drive HIGH on 
 204:main.c        **** 		pin for OFF and drive LOW on pin for ON*/
 205:main.c        **** 	PrISM_1_WritePulse0(RGB_LED_OFF);
 135              		.loc 1 205 0
 136 0016 FF20     		mov	r0, #255
 137 0018 FFF7FEFF 		bl	PrISM_1_WritePulse0
ARM GAS  C:\Users\Nakio\AppData\Local\Temp\ccTx4CXD.s 			page 7


 206:main.c        **** 	PrISM_1_WritePulse1(RGB_LED_OFF);
 138              		.loc 1 206 0
 139 001c FF20     		mov	r0, #255
 140 001e FFF7FEFF 		bl	PrISM_1_WritePulse1
 207:main.c        **** 	PrISM_2_WritePulse0(RGB_LED_OFF);
 141              		.loc 1 207 0
 142 0022 FF20     		mov	r0, #255
 143 0024 FFF7FEFF 		bl	PrISM_2_WritePulse0
 208:main.c        **** 	
 209:main.c        **** 	/* Set Drive mode of output pins from HiZ to Strong */
 210:main.c        **** 	RED_SetDriveMode(RED_DM_STRONG);
 144              		.loc 1 210 0
 145 0028 0620     		mov	r0, #6
 146 002a FFF7FEFF 		bl	RED_SetDriveMode
 211:main.c        **** 	GREEN_SetDriveMode(GREEN_DM_STRONG);
 147              		.loc 1 211 0
 148 002e 0620     		mov	r0, #6
 149 0030 FFF7FEFF 		bl	GREEN_SetDriveMode
 212:main.c        **** 	BLUE_SetDriveMode(BLUE_DM_STRONG);
 150              		.loc 1 212 0
 151 0034 0620     		mov	r0, #6
 152 0036 FFF7FEFF 		bl	BLUE_SetDriveMode
 213:main.c        **** 	
 214:main.c        **** 	/* Start the Button ISR to allow wakeup from sleep */
 215:main.c        **** 	isr_button_StartEx(MyISR);
 153              		.loc 1 215 0
 154 003a 084B     		ldr	r3, .L9+4
 155 003c 181C     		mov	r0, r3
 156 003e FFF7FEFF 		bl	isr_button_StartEx
 216:main.c        **** 	
 217:main.c        **** 	#ifdef CAPSENSE_ENABLED
 218:main.c        **** 	/*Initialize CapSense component and initialize baselines*/
 219:main.c        **** 	CapSense_Start();
 157              		.loc 1 219 0
 158 0042 FFF7FEFF 		bl	CapSense_Start
 220:main.c        **** 	CapSense_InitializeAllBaselines();
 159              		.loc 1 220 0
 160 0046 FFF7FEFF 		bl	CapSense_InitializeAllBaselines
 221:main.c        **** 	#endif
 222:main.c        **** 	
 223:main.c        **** 	/* Set the Watchdog Interrupt vector to the address of Interrupt routine 
 224:main.c        **** 	* WDT_INT_Handler. This routine counts the 3 seconds for LED ON state during
 225:main.c        **** 	* connection. */
 226:main.c        **** 	CyIntSetVector(WATCHDOG_INT_VEC_NUM, &WDT_INT_Handler);
 161              		.loc 1 226 0
 162 004a 054B     		ldr	r3, .L9+8
 163 004c 0820     		mov	r0, #8
 164 004e 191C     		mov	r1, r3
 165 0050 FFF7FEFF 		bl	CyIntSetVector
 227:main.c        **** 
 228:main.c        **** }
 166              		.loc 1 228 0
 167 0054 BD46     		mov	sp, r7
 168              		@ sp needed
 169 0056 80BD     		pop	{r7, pc}
 170              	.L10:
 171              		.align	2
ARM GAS  C:\Users\Nakio\AppData\Local\Temp\ccTx4CXD.s 			page 8


 172              	.L9:
 173 0058 00000000 		.word	CustomEventHandler
 174 005c 00000000 		.word	MyISR
 175 0060 00000000 		.word	WDT_INT_Handler
 176              		.cfi_endproc
 177              	.LFE38:
 178              		.size	InitializeSystem, .-InitializeSystem
 179              		.section	.text.HandleCapSenseSlider,"ax",%progbits
 180              		.align	2
 181              		.global	HandleCapSenseSlider
 182              		.code	16
 183              		.thumb_func
 184              		.type	HandleCapSenseSlider, %function
 185              	HandleCapSenseSlider:
 186              	.LFB39:
 229:main.c        **** 
 230:main.c        **** /*******************************************************************************
 231:main.c        **** * Function Name: HandleCapSenseSlider
 232:main.c        **** ********************************************************************************
 233:main.c        **** * Summary:
 234:main.c        **** *        This function scans for finger position on CapSense slider, and if the  
 235:main.c        **** * position is different, triggers separate routine for BLE notification
 236:main.c        **** *
 237:main.c        **** * Parameters:
 238:main.c        **** *  void
 239:main.c        **** *
 240:main.c        **** * Return:
 241:main.c        **** *  void
 242:main.c        **** *
 243:main.c        **** *******************************************************************************/
 244:main.c        **** void HandleCapSenseSlider(void)
 245:main.c        **** {
 187              		.loc 1 245 0
 188              		.cfi_startproc
 189 0000 90B5     		push	{r4, r7, lr}
 190              		.cfi_def_cfa_offset 12
 191              		.cfi_offset 4, -12
 192              		.cfi_offset 7, -8
 193              		.cfi_offset 14, -4
 194 0002 83B0     		sub	sp, sp, #12
 195              		.cfi_def_cfa_offset 24
 196 0004 00AF     		add	r7, sp, #0
 197              		.cfi_def_cfa_register 7
 246:main.c        **** 	#ifdef CAPSENSE_ENABLED
 247:main.c        **** 	/* Last read CapSense slider position value */
 248:main.c        **** 	static uint16 lastPosition;	
 249:main.c        **** 
 250:main.c        **** 	/* Present slider position read by CapSense */
 251:main.c        **** 	uint16 sliderPosition;
 252:main.c        **** 		
 253:main.c        **** 	/* Scan the slider widget */
 254:main.c        **** 	CapSense_ScanWidget(CapSense_LINEARSLIDER0__LS);
 198              		.loc 1 254 0
 199 0006 0020     		mov	r0, #0
 200 0008 FFF7FEFF 		bl	CapSense_ScanWidget
 255:main.c        **** 	
 256:main.c        **** 	/* Wait for CapSense scanning to be complete. This could take about 5 ms */
ARM GAS  C:\Users\Nakio\AppData\Local\Temp\ccTx4CXD.s 			page 9


 257:main.c        **** 	while(CapSense_IsBusy())
 201              		.loc 1 257 0
 202 000c 01E0     		b	.L12
 203              	.L13:
 258:main.c        **** 	{
 259:main.c        **** 		#ifdef ENABLE_LOW_POWER_MODE
 260:main.c        **** 		/* Put CPU to Sleep while CapSense scanning is executing */
 261:main.c        **** 		CySysPmSleep();
 204              		.loc 1 261 0
 205 000e FFF7FEFF 		bl	CySysPmSleep
 206              	.L12:
 257:main.c        **** 	{
 207              		.loc 1 257 0
 208 0012 FFF7FEFF 		bl	CapSense_IsBusy
 209 0016 031E     		sub	r3, r0, #0
 210 0018 F9D1     		bne	.L13
 262:main.c        **** 		#endif
 263:main.c        **** 	}
 264:main.c        **** 	
 265:main.c        **** 	/* Update CapSense baseline for next reading*/
 266:main.c        **** 	CapSense_UpdateEnabledBaselines();
 211              		.loc 1 266 0
 212 001a FFF7FEFF 		bl	CapSense_UpdateEnabledBaselines
 267:main.c        **** 	
 268:main.c        **** 	/* Read the finger position on the slider */
 269:main.c        **** 	sliderPosition = CapSense_GetCentroidPos(CapSense_LINEARSLIDER0__LS);	
 213              		.loc 1 269 0
 214 001e BC1D     		add	r4, r7, #6
 215 0020 0020     		mov	r0, #0
 216 0022 FFF7FEFF 		bl	CapSense_GetCentroidPos
 217 0026 031C     		mov	r3, r0
 218 0028 2380     		strh	r3, [r4]
 270:main.c        **** 
 271:main.c        **** 
 272:main.c        **** 	#endif
 273:main.c        **** }
 219              		.loc 1 273 0
 220 002a BD46     		mov	sp, r7
 221 002c 03B0     		add	sp, sp, #12
 222              		@ sp needed
 223 002e 90BD     		pop	{r4, r7, pc}
 224              		.cfi_endproc
 225              	.LFE39:
 226              		.size	HandleCapSenseSlider, .-HandleCapSenseSlider
 227              		.bss
 228              		.align	1
 229              	lastPosition.7224:
 230 0000 0000     		.space	2
 231              		.text
 232              	.Letext0:
 233              		.file 2 "Generated_Source\\PSoC4/cytypes.h"
 234              		.file 3 "Generated_Source\\PSoC4/BLE_Stack.h"
 235              		.section	.debug_info,"",%progbits
 236              	.Ldebug_info0:
 237 0000 21030000 		.4byte	0x321
 238 0004 0400     		.2byte	0x4
 239 0006 00000000 		.4byte	.Ldebug_abbrev0
ARM GAS  C:\Users\Nakio\AppData\Local\Temp\ccTx4CXD.s 			page 10


 240 000a 04       		.byte	0x4
 241 000b 01       		.uleb128 0x1
 242 000c 56070000 		.4byte	.LASF97
 243 0010 01       		.byte	0x1
 244 0011 62080000 		.4byte	.LASF98
 245 0015 0E030000 		.4byte	.LASF99
 246 0019 00000000 		.4byte	.Ldebug_ranges0+0
 247 001d 00000000 		.4byte	0
 248 0021 00000000 		.4byte	.Ldebug_line0
 249 0025 02       		.uleb128 0x2
 250 0026 01       		.byte	0x1
 251 0027 06       		.byte	0x6
 252 0028 8F050000 		.4byte	.LASF0
 253 002c 02       		.uleb128 0x2
 254 002d 01       		.byte	0x1
 255 002e 08       		.byte	0x8
 256 002f 25050000 		.4byte	.LASF1
 257 0033 02       		.uleb128 0x2
 258 0034 02       		.byte	0x2
 259 0035 05       		.byte	0x5
 260 0036 FE000000 		.4byte	.LASF2
 261 003a 02       		.uleb128 0x2
 262 003b 02       		.byte	0x2
 263 003c 07       		.byte	0x7
 264 003d BF060000 		.4byte	.LASF3
 265 0041 02       		.uleb128 0x2
 266 0042 04       		.byte	0x4
 267 0043 05       		.byte	0x5
 268 0044 D3030000 		.4byte	.LASF4
 269 0048 02       		.uleb128 0x2
 270 0049 04       		.byte	0x4
 271 004a 07       		.byte	0x7
 272 004b 20060000 		.4byte	.LASF5
 273 004f 02       		.uleb128 0x2
 274 0050 08       		.byte	0x8
 275 0051 05       		.byte	0x5
 276 0052 B6080000 		.4byte	.LASF6
 277 0056 02       		.uleb128 0x2
 278 0057 08       		.byte	0x8
 279 0058 07       		.byte	0x7
 280 0059 BC030000 		.4byte	.LASF7
 281 005d 03       		.uleb128 0x3
 282 005e 04       		.byte	0x4
 283 005f 05       		.byte	0x5
 284 0060 696E7400 		.ascii	"int\000"
 285 0064 02       		.uleb128 0x2
 286 0065 04       		.byte	0x4
 287 0066 07       		.byte	0x7
 288 0067 F8050000 		.4byte	.LASF8
 289 006b 04       		.uleb128 0x4
 290 006c 00080000 		.4byte	.LASF9
 291 0070 02       		.byte	0x2
 292 0071 3801     		.2byte	0x138
 293 0073 2C000000 		.4byte	0x2c
 294 0077 04       		.uleb128 0x4
 295 0078 FC010000 		.4byte	.LASF10
 296 007c 02       		.byte	0x2
ARM GAS  C:\Users\Nakio\AppData\Local\Temp\ccTx4CXD.s 			page 11


 297 007d 3901     		.2byte	0x139
 298 007f 3A000000 		.4byte	0x3a
 299 0083 02       		.uleb128 0x2
 300 0084 04       		.byte	0x4
 301 0085 04       		.byte	0x4
 302 0086 3E000000 		.4byte	.LASF11
 303 008a 02       		.uleb128 0x2
 304 008b 08       		.byte	0x8
 305 008c 04       		.byte	0x4
 306 008d 8C080000 		.4byte	.LASF12
 307 0091 02       		.uleb128 0x2
 308 0092 01       		.byte	0x1
 309 0093 08       		.byte	0x8
 310 0094 51070000 		.4byte	.LASF13
 311 0098 02       		.uleb128 0x2
 312 0099 04       		.byte	0x4
 313 009a 07       		.byte	0x7
 314 009b 22010000 		.4byte	.LASF14
 315 009f 05       		.uleb128 0x5
 316 00a0 01       		.byte	0x1
 317 00a1 03       		.byte	0x3
 318 00a2 4201     		.2byte	0x142
 319 00a4 5C020000 		.4byte	0x25c
 320 00a8 06       		.uleb128 0x6
 321 00a9 67020000 		.4byte	.LASF15
 322 00ad 00       		.sleb128 0
 323 00ae 06       		.uleb128 0x6
 324 00af CB010000 		.4byte	.LASF16
 325 00b3 01       		.sleb128 1
 326 00b4 06       		.uleb128 0x6
 327 00b5 2D0A0000 		.4byte	.LASF17
 328 00b9 02       		.sleb128 2
 329 00ba 06       		.uleb128 0x6
 330 00bb 08090000 		.4byte	.LASF18
 331 00bf 03       		.sleb128 3
 332 00c0 06       		.uleb128 0x6
 333 00c1 88010000 		.4byte	.LASF19
 334 00c5 04       		.sleb128 4
 335 00c6 06       		.uleb128 0x6
 336 00c7 C4080000 		.4byte	.LASF20
 337 00cb 05       		.sleb128 5
 338 00cc 06       		.uleb128 0x6
 339 00cd 75000000 		.4byte	.LASF21
 340 00d1 06       		.sleb128 6
 341 00d2 06       		.uleb128 0x6
 342 00d3 66090000 		.4byte	.LASF22
 343 00d7 20       		.sleb128 32
 344 00d8 06       		.uleb128 0x6
 345 00d9 32060000 		.4byte	.LASF23
 346 00dd 21       		.sleb128 33
 347 00de 06       		.uleb128 0x6
 348 00df 1A000000 		.4byte	.LASF24
 349 00e3 22       		.sleb128 34
 350 00e4 06       		.uleb128 0x6
 351 00e5 6E040000 		.4byte	.LASF25
 352 00e9 23       		.sleb128 35
 353 00ea 06       		.uleb128 0x6
ARM GAS  C:\Users\Nakio\AppData\Local\Temp\ccTx4CXD.s 			page 12


 354 00eb DC050000 		.4byte	.LASF26
 355 00ef 24       		.sleb128 36
 356 00f0 06       		.uleb128 0x6
 357 00f1 08010000 		.4byte	.LASF27
 358 00f5 25       		.sleb128 37
 359 00f6 06       		.uleb128 0x6
 360 00f7 E0080000 		.4byte	.LASF28
 361 00fb 26       		.sleb128 38
 362 00fc 06       		.uleb128 0x6
 363 00fd FD030000 		.4byte	.LASF29
 364 0101 27       		.sleb128 39
 365 0102 06       		.uleb128 0x6
 366 0103 A8000000 		.4byte	.LASF30
 367 0107 28       		.sleb128 40
 368 0108 06       		.uleb128 0x6
 369 0109 6A060000 		.4byte	.LASF31
 370 010d 29       		.sleb128 41
 371 010e 06       		.uleb128 0x6
 372 010f E3060000 		.4byte	.LASF32
 373 0113 2A       		.sleb128 42
 374 0114 06       		.uleb128 0x6
 375 0115 43080000 		.4byte	.LASF33
 376 0119 2B       		.sleb128 43
 377 011a 06       		.uleb128 0x6
 378 011b 03020000 		.4byte	.LASF34
 379 011f 2C       		.sleb128 44
 380 0120 06       		.uleb128 0x6
 381 0121 72030000 		.4byte	.LASF35
 382 0125 2D       		.sleb128 45
 383 0126 06       		.uleb128 0x6
 384 0127 DA000000 		.4byte	.LASF36
 385 012b 2E       		.sleb128 46
 386 012c 06       		.uleb128 0x6
 387 012d 190B0000 		.4byte	.LASF37
 388 0131 2F       		.sleb128 47
 389 0132 06       		.uleb128 0x6
 390 0133 2B010000 		.4byte	.LASF38
 391 0137 30       		.sleb128 48
 392 0138 06       		.uleb128 0x6
 393 0139 B2040000 		.4byte	.LASF39
 394 013d 31       		.sleb128 49
 395 013e 06       		.uleb128 0x6
 396 013f 9B030000 		.4byte	.LASF40
 397 0143 32       		.sleb128 50
 398 0144 06       		.uleb128 0x6
 399 0145 0C070000 		.4byte	.LASF41
 400 0149 33       		.sleb128 51
 401 014a 06       		.uleb128 0x6
 402 014b 8E000000 		.4byte	.LASF42
 403 014f C000     		.sleb128 64
 404 0151 06       		.uleb128 0x6
 405 0152 05060000 		.4byte	.LASF43
 406 0156 C100     		.sleb128 65
 407 0158 06       		.uleb128 0x6
 408 0159 FB0A0000 		.4byte	.LASF44
 409 015d C200     		.sleb128 66
 410 015f 06       		.uleb128 0x6
ARM GAS  C:\Users\Nakio\AppData\Local\Temp\ccTx4CXD.s 			page 13


 411 0160 DE010000 		.4byte	.LASF45
 412 0164 C300     		.sleb128 67
 413 0166 06       		.uleb128 0x6
 414 0167 EB090000 		.4byte	.LASF46
 415 016b C400     		.sleb128 68
 416 016d 06       		.uleb128 0x6
 417 016e A6090000 		.4byte	.LASF47
 418 0172 C500     		.sleb128 69
 419 0174 06       		.uleb128 0x6
 420 0175 9D010000 		.4byte	.LASF48
 421 0179 C600     		.sleb128 70
 422 017b 06       		.uleb128 0x6
 423 017c 71050000 		.4byte	.LASF49
 424 0180 C700     		.sleb128 71
 425 0182 06       		.uleb128 0x6
 426 0183 B5050000 		.4byte	.LASF50
 427 0187 C800     		.sleb128 72
 428 0189 06       		.uleb128 0x6
 429 018a F5020000 		.4byte	.LASF51
 430 018e C900     		.sleb128 73
 431 0190 06       		.uleb128 0x6
 432 0191 06080000 		.4byte	.LASF52
 433 0195 CA00     		.sleb128 74
 434 0197 06       		.uleb128 0x6
 435 0198 27020000 		.4byte	.LASF53
 436 019c CB00     		.sleb128 75
 437 019e 06       		.uleb128 0x6
 438 019f 9B050000 		.4byte	.LASF54
 439 01a3 CC00     		.sleb128 76
 440 01a5 06       		.uleb128 0x6
 441 01a6 D6040000 		.4byte	.LASF55
 442 01aa CD00     		.sleb128 77
 443 01ac 06       		.uleb128 0x6
 444 01ad CD090000 		.4byte	.LASF56
 445 01b1 CE00     		.sleb128 78
 446 01b3 06       		.uleb128 0x6
 447 01b4 33050000 		.4byte	.LASF57
 448 01b8 CF00     		.sleb128 79
 449 01ba 06       		.uleb128 0x6
 450 01bb 980A0000 		.4byte	.LASF58
 451 01bf D000     		.sleb128 80
 452 01c1 06       		.uleb128 0x6
 453 01c2 24080000 		.4byte	.LASF59
 454 01c6 D100     		.sleb128 81
 455 01c8 06       		.uleb128 0x6
 456 01c9 35040000 		.4byte	.LASF60
 457 01cd D200     		.sleb128 82
 458 01cf 06       		.uleb128 0x6
 459 01d0 DC030000 		.4byte	.LASF61
 460 01d4 D300     		.sleb128 83
 461 01d6 06       		.uleb128 0x6
 462 01d7 46020000 		.4byte	.LASF62
 463 01db D400     		.sleb128 84
 464 01dd 06       		.uleb128 0x6
 465 01de D70A0000 		.4byte	.LASF63
 466 01e2 D500     		.sleb128 85
 467 01e4 06       		.uleb128 0x6
ARM GAS  C:\Users\Nakio\AppData\Local\Temp\ccTx4CXD.s 			page 14


 468 01e5 760A0000 		.4byte	.LASF64
 469 01e9 D600     		.sleb128 86
 470 01eb 06       		.uleb128 0x6
 471 01ec 4D0A0000 		.4byte	.LASF65
 472 01f0 D700     		.sleb128 87
 473 01f2 06       		.uleb128 0x6
 474 01f3 9C060000 		.4byte	.LASF66
 475 01f7 D800     		.sleb128 88
 476 01f9 06       		.uleb128 0x6
 477 01fa FF040000 		.4byte	.LASF67
 478 01fe F000     		.sleb128 112
 479 0200 06       		.uleb128 0x6
 480 0201 40090000 		.4byte	.LASF68
 481 0205 F100     		.sleb128 113
 482 0207 06       		.uleb128 0x6
 483 0208 E4070000 		.4byte	.LASF69
 484 020c F200     		.sleb128 114
 485 020e 06       		.uleb128 0x6
 486 020f 7E020000 		.4byte	.LASF70
 487 0213 F300     		.sleb128 115
 488 0215 06       		.uleb128 0x6
 489 0216 94040000 		.4byte	.LASF71
 490 021a F400     		.sleb128 116
 491 021c 06       		.uleb128 0x6
 492 021d 49060000 		.4byte	.LASF72
 493 0221 F500     		.sleb128 117
 494 0223 06       		.uleb128 0x6
 495 0224 B9020000 		.4byte	.LASF73
 496 0228 F600     		.sleb128 118
 497 022a 06       		.uleb128 0x6
 498 022b 21090000 		.4byte	.LASF74
 499 022f F700     		.sleb128 119
 500 0231 06       		.uleb128 0x6
 501 0232 69080000 		.4byte	.LASF75
 502 0236 F800     		.sleb128 120
 503 0238 06       		.uleb128 0x6
 504 0239 93080000 		.4byte	.LASF76
 505 023d F900     		.sleb128 121
 506 023f 06       		.uleb128 0x6
 507 0240 090A0000 		.4byte	.LASF77
 508 0244 FA00     		.sleb128 122
 509 0246 06       		.uleb128 0x6
 510 0247 33070000 		.4byte	.LASF78
 511 024b FA01     		.sleb128 250
 512 024d 06       		.uleb128 0x6
 513 024e 52050000 		.4byte	.LASF79
 514 0252 FB01     		.sleb128 251
 515 0254 06       		.uleb128 0x6
 516 0255 3F0A0000 		.4byte	.LASF80
 517 0259 FF01     		.sleb128 255
 518 025b 00       		.byte	0
 519 025c 05       		.uleb128 0x5
 520 025d 01       		.byte	0x1
 521 025e 03       		.byte	0x3
 522 025f 8F03     		.2byte	0x38f
 523 0261 97020000 		.4byte	0x297
 524 0265 06       		.uleb128 0x6
ARM GAS  C:\Users\Nakio\AppData\Local\Temp\ccTx4CXD.s 			page 15


 525 0266 1C040000 		.4byte	.LASF81
 526 026a 01       		.sleb128 1
 527 026b 06       		.uleb128 0x6
 528 026c 51010000 		.4byte	.LASF82
 529 0270 02       		.sleb128 2
 530 0271 06       		.uleb128 0x6
 531 0272 56040000 		.4byte	.LASF83
 532 0276 03       		.sleb128 3
 533 0277 06       		.uleb128 0x6
 534 0278 6F010000 		.4byte	.LASF84
 535 027c 04       		.sleb128 4
 536 027d 06       		.uleb128 0x6
 537 027e 9C020000 		.4byte	.LASF85
 538 0282 05       		.sleb128 5
 539 0283 06       		.uleb128 0x6
 540 0284 8A090000 		.4byte	.LASF86
 541 0288 06       		.sleb128 6
 542 0289 06       		.uleb128 0x6
 543 028a 59000000 		.4byte	.LASF87
 544 028e 07       		.sleb128 7
 545 028f 06       		.uleb128 0x6
 546 0290 00000000 		.4byte	.LASF88
 547 0294 FF01     		.sleb128 255
 548 0296 00       		.byte	0
 549 0297 07       		.uleb128 0x7
 550 0298 4C010000 		.4byte	.LASF89
 551 029c 01       		.byte	0x1
 552 029d 71       		.byte	0x71
 553 029e 5D000000 		.4byte	0x5d
 554 02a2 00000000 		.4byte	.LFB37
 555 02a6 70000000 		.4byte	.LFE37-.LFB37
 556 02aa 01       		.uleb128 0x1
 557 02ab 9C       		.byte	0x9c
 558 02ac 08       		.uleb128 0x8
 559 02ad D2060000 		.4byte	.LASF90
 560 02b1 01       		.byte	0x1
 561 02b2 BE       		.byte	0xbe
 562 02b3 00000000 		.4byte	.LFB38
 563 02b7 64000000 		.4byte	.LFE38-.LFB38
 564 02bb 01       		.uleb128 0x1
 565 02bc 9C       		.byte	0x9c
 566 02bd 09       		.uleb128 0x9
 567 02be 87060000 		.4byte	.LASF100
 568 02c2 01       		.byte	0x1
 569 02c3 F4       		.byte	0xf4
 570 02c4 00000000 		.4byte	.LFB39
 571 02c8 30000000 		.4byte	.LFE39-.LFB39
 572 02cc 01       		.uleb128 0x1
 573 02cd 9C       		.byte	0x9c
 574 02ce F2020000 		.4byte	0x2f2
 575 02d2 0A       		.uleb128 0xa
 576 02d3 BE010000 		.4byte	.LASF91
 577 02d7 01       		.byte	0x1
 578 02d8 F8       		.byte	0xf8
 579 02d9 77000000 		.4byte	0x77
 580 02dd 05       		.uleb128 0x5
 581 02de 03       		.byte	0x3
ARM GAS  C:\Users\Nakio\AppData\Local\Temp\ccTx4CXD.s 			page 16


 582 02df 00000000 		.4byte	lastPosition.7224
 583 02e3 0A       		.uleb128 0xa
 584 02e4 F0040000 		.4byte	.LASF92
 585 02e8 01       		.byte	0x1
 586 02e9 FB       		.byte	0xfb
 587 02ea 77000000 		.4byte	0x77
 588 02ee 02       		.uleb128 0x2
 589 02ef 91       		.byte	0x91
 590 02f0 6E       		.sleb128 -18
 591 02f1 00       		.byte	0
 592 02f2 0B       		.uleb128 0xb
 593 02f3 CA000000 		.4byte	.LASF93
 594 02f7 01       		.byte	0x1
 595 02f8 53       		.byte	0x53
 596 02f9 6B000000 		.4byte	0x6b
 597 02fd 0B       		.uleb128 0xb
 598 02fe B70A0000 		.4byte	.LASF94
 599 0302 01       		.byte	0x1
 600 0303 57       		.byte	0x57
 601 0304 6B000000 		.4byte	0x6b
 602 0308 0B       		.uleb128 0xb
 603 0309 44000000 		.4byte	.LASF95
 604 030d 01       		.byte	0x1
 605 030e 5A       		.byte	0x5a
 606 030f 6B000000 		.4byte	0x6b
 607 0313 0C       		.uleb128 0xc
 608 0314 DA020000 		.4byte	.LASF96
 609 0318 01       		.byte	0x1
 610 0319 60       		.byte	0x60
 611 031a 6B000000 		.4byte	0x6b
 612 031e 05       		.uleb128 0x5
 613 031f 03       		.byte	0x3
 614 0320 00000000 		.4byte	initializeCapSenseBaseline
 615 0324 00       		.byte	0
 616              		.section	.debug_abbrev,"",%progbits
 617              	.Ldebug_abbrev0:
 618 0000 01       		.uleb128 0x1
 619 0001 11       		.uleb128 0x11
 620 0002 01       		.byte	0x1
 621 0003 25       		.uleb128 0x25
 622 0004 0E       		.uleb128 0xe
 623 0005 13       		.uleb128 0x13
 624 0006 0B       		.uleb128 0xb
 625 0007 03       		.uleb128 0x3
 626 0008 0E       		.uleb128 0xe
 627 0009 1B       		.uleb128 0x1b
 628 000a 0E       		.uleb128 0xe
 629 000b 55       		.uleb128 0x55
 630 000c 17       		.uleb128 0x17
 631 000d 11       		.uleb128 0x11
 632 000e 01       		.uleb128 0x1
 633 000f 10       		.uleb128 0x10
 634 0010 17       		.uleb128 0x17
 635 0011 00       		.byte	0
 636 0012 00       		.byte	0
 637 0013 02       		.uleb128 0x2
 638 0014 24       		.uleb128 0x24
ARM GAS  C:\Users\Nakio\AppData\Local\Temp\ccTx4CXD.s 			page 17


 639 0015 00       		.byte	0
 640 0016 0B       		.uleb128 0xb
 641 0017 0B       		.uleb128 0xb
 642 0018 3E       		.uleb128 0x3e
 643 0019 0B       		.uleb128 0xb
 644 001a 03       		.uleb128 0x3
 645 001b 0E       		.uleb128 0xe
 646 001c 00       		.byte	0
 647 001d 00       		.byte	0
 648 001e 03       		.uleb128 0x3
 649 001f 24       		.uleb128 0x24
 650 0020 00       		.byte	0
 651 0021 0B       		.uleb128 0xb
 652 0022 0B       		.uleb128 0xb
 653 0023 3E       		.uleb128 0x3e
 654 0024 0B       		.uleb128 0xb
 655 0025 03       		.uleb128 0x3
 656 0026 08       		.uleb128 0x8
 657 0027 00       		.byte	0
 658 0028 00       		.byte	0
 659 0029 04       		.uleb128 0x4
 660 002a 16       		.uleb128 0x16
 661 002b 00       		.byte	0
 662 002c 03       		.uleb128 0x3
 663 002d 0E       		.uleb128 0xe
 664 002e 3A       		.uleb128 0x3a
 665 002f 0B       		.uleb128 0xb
 666 0030 3B       		.uleb128 0x3b
 667 0031 05       		.uleb128 0x5
 668 0032 49       		.uleb128 0x49
 669 0033 13       		.uleb128 0x13
 670 0034 00       		.byte	0
 671 0035 00       		.byte	0
 672 0036 05       		.uleb128 0x5
 673 0037 04       		.uleb128 0x4
 674 0038 01       		.byte	0x1
 675 0039 0B       		.uleb128 0xb
 676 003a 0B       		.uleb128 0xb
 677 003b 3A       		.uleb128 0x3a
 678 003c 0B       		.uleb128 0xb
 679 003d 3B       		.uleb128 0x3b
 680 003e 05       		.uleb128 0x5
 681 003f 01       		.uleb128 0x1
 682 0040 13       		.uleb128 0x13
 683 0041 00       		.byte	0
 684 0042 00       		.byte	0
 685 0043 06       		.uleb128 0x6
 686 0044 28       		.uleb128 0x28
 687 0045 00       		.byte	0
 688 0046 03       		.uleb128 0x3
 689 0047 0E       		.uleb128 0xe
 690 0048 1C       		.uleb128 0x1c
 691 0049 0D       		.uleb128 0xd
 692 004a 00       		.byte	0
 693 004b 00       		.byte	0
 694 004c 07       		.uleb128 0x7
 695 004d 2E       		.uleb128 0x2e
ARM GAS  C:\Users\Nakio\AppData\Local\Temp\ccTx4CXD.s 			page 18


 696 004e 00       		.byte	0
 697 004f 3F       		.uleb128 0x3f
 698 0050 19       		.uleb128 0x19
 699 0051 03       		.uleb128 0x3
 700 0052 0E       		.uleb128 0xe
 701 0053 3A       		.uleb128 0x3a
 702 0054 0B       		.uleb128 0xb
 703 0055 3B       		.uleb128 0x3b
 704 0056 0B       		.uleb128 0xb
 705 0057 49       		.uleb128 0x49
 706 0058 13       		.uleb128 0x13
 707 0059 11       		.uleb128 0x11
 708 005a 01       		.uleb128 0x1
 709 005b 12       		.uleb128 0x12
 710 005c 06       		.uleb128 0x6
 711 005d 40       		.uleb128 0x40
 712 005e 18       		.uleb128 0x18
 713 005f 9642     		.uleb128 0x2116
 714 0061 19       		.uleb128 0x19
 715 0062 00       		.byte	0
 716 0063 00       		.byte	0
 717 0064 08       		.uleb128 0x8
 718 0065 2E       		.uleb128 0x2e
 719 0066 00       		.byte	0
 720 0067 3F       		.uleb128 0x3f
 721 0068 19       		.uleb128 0x19
 722 0069 03       		.uleb128 0x3
 723 006a 0E       		.uleb128 0xe
 724 006b 3A       		.uleb128 0x3a
 725 006c 0B       		.uleb128 0xb
 726 006d 3B       		.uleb128 0x3b
 727 006e 0B       		.uleb128 0xb
 728 006f 27       		.uleb128 0x27
 729 0070 19       		.uleb128 0x19
 730 0071 11       		.uleb128 0x11
 731 0072 01       		.uleb128 0x1
 732 0073 12       		.uleb128 0x12
 733 0074 06       		.uleb128 0x6
 734 0075 40       		.uleb128 0x40
 735 0076 18       		.uleb128 0x18
 736 0077 9642     		.uleb128 0x2116
 737 0079 19       		.uleb128 0x19
 738 007a 00       		.byte	0
 739 007b 00       		.byte	0
 740 007c 09       		.uleb128 0x9
 741 007d 2E       		.uleb128 0x2e
 742 007e 01       		.byte	0x1
 743 007f 3F       		.uleb128 0x3f
 744 0080 19       		.uleb128 0x19
 745 0081 03       		.uleb128 0x3
 746 0082 0E       		.uleb128 0xe
 747 0083 3A       		.uleb128 0x3a
 748 0084 0B       		.uleb128 0xb
 749 0085 3B       		.uleb128 0x3b
 750 0086 0B       		.uleb128 0xb
 751 0087 27       		.uleb128 0x27
 752 0088 19       		.uleb128 0x19
ARM GAS  C:\Users\Nakio\AppData\Local\Temp\ccTx4CXD.s 			page 19


 753 0089 11       		.uleb128 0x11
 754 008a 01       		.uleb128 0x1
 755 008b 12       		.uleb128 0x12
 756 008c 06       		.uleb128 0x6
 757 008d 40       		.uleb128 0x40
 758 008e 18       		.uleb128 0x18
 759 008f 9642     		.uleb128 0x2116
 760 0091 19       		.uleb128 0x19
 761 0092 01       		.uleb128 0x1
 762 0093 13       		.uleb128 0x13
 763 0094 00       		.byte	0
 764 0095 00       		.byte	0
 765 0096 0A       		.uleb128 0xa
 766 0097 34       		.uleb128 0x34
 767 0098 00       		.byte	0
 768 0099 03       		.uleb128 0x3
 769 009a 0E       		.uleb128 0xe
 770 009b 3A       		.uleb128 0x3a
 771 009c 0B       		.uleb128 0xb
 772 009d 3B       		.uleb128 0x3b
 773 009e 0B       		.uleb128 0xb
 774 009f 49       		.uleb128 0x49
 775 00a0 13       		.uleb128 0x13
 776 00a1 02       		.uleb128 0x2
 777 00a2 18       		.uleb128 0x18
 778 00a3 00       		.byte	0
 779 00a4 00       		.byte	0
 780 00a5 0B       		.uleb128 0xb
 781 00a6 34       		.uleb128 0x34
 782 00a7 00       		.byte	0
 783 00a8 03       		.uleb128 0x3
 784 00a9 0E       		.uleb128 0xe
 785 00aa 3A       		.uleb128 0x3a
 786 00ab 0B       		.uleb128 0xb
 787 00ac 3B       		.uleb128 0x3b
 788 00ad 0B       		.uleb128 0xb
 789 00ae 49       		.uleb128 0x49
 790 00af 13       		.uleb128 0x13
 791 00b0 3F       		.uleb128 0x3f
 792 00b1 19       		.uleb128 0x19
 793 00b2 3C       		.uleb128 0x3c
 794 00b3 19       		.uleb128 0x19
 795 00b4 00       		.byte	0
 796 00b5 00       		.byte	0
 797 00b6 0C       		.uleb128 0xc
 798 00b7 34       		.uleb128 0x34
 799 00b8 00       		.byte	0
 800 00b9 03       		.uleb128 0x3
 801 00ba 0E       		.uleb128 0xe
 802 00bb 3A       		.uleb128 0x3a
 803 00bc 0B       		.uleb128 0xb
 804 00bd 3B       		.uleb128 0x3b
 805 00be 0B       		.uleb128 0xb
 806 00bf 49       		.uleb128 0x49
 807 00c0 13       		.uleb128 0x13
 808 00c1 3F       		.uleb128 0x3f
 809 00c2 19       		.uleb128 0x19
ARM GAS  C:\Users\Nakio\AppData\Local\Temp\ccTx4CXD.s 			page 20


 810 00c3 02       		.uleb128 0x2
 811 00c4 18       		.uleb128 0x18
 812 00c5 00       		.byte	0
 813 00c6 00       		.byte	0
 814 00c7 00       		.byte	0
 815              		.section	.debug_aranges,"",%progbits
 816 0000 2C000000 		.4byte	0x2c
 817 0004 0200     		.2byte	0x2
 818 0006 00000000 		.4byte	.Ldebug_info0
 819 000a 04       		.byte	0x4
 820 000b 00       		.byte	0
 821 000c 0000     		.2byte	0
 822 000e 0000     		.2byte	0
 823 0010 00000000 		.4byte	.LFB37
 824 0014 70000000 		.4byte	.LFE37-.LFB37
 825 0018 00000000 		.4byte	.LFB38
 826 001c 64000000 		.4byte	.LFE38-.LFB38
 827 0020 00000000 		.4byte	.LFB39
 828 0024 30000000 		.4byte	.LFE39-.LFB39
 829 0028 00000000 		.4byte	0
 830 002c 00000000 		.4byte	0
 831              		.section	.debug_ranges,"",%progbits
 832              	.Ldebug_ranges0:
 833 0000 00000000 		.4byte	.LFB37
 834 0004 70000000 		.4byte	.LFE37
 835 0008 00000000 		.4byte	.LFB38
 836 000c 64000000 		.4byte	.LFE38
 837 0010 00000000 		.4byte	.LFB39
 838 0014 30000000 		.4byte	.LFE39
 839 0018 00000000 		.4byte	0
 840 001c 00000000 		.4byte	0
 841              		.section	.debug_line,"",%progbits
 842              	.Ldebug_line0:
 843 0000 B2000000 		.section	.debug_str,"MS",%progbits,1
 843      02005000 
 843      00000201 
 843      FB0E0D00 
 843      01010101 
 844              	.LASF88:
 845 0000 4359424C 		.ascii	"CYBLE_BLESS_STATE_INVALID\000"
 845      455F424C 
 845      4553535F 
 845      53544154 
 845      455F494E 
 846              	.LASF24:
 847 001a 4359424C 		.ascii	"CYBLE_EVT_GAP_PASSKEY_ENTRY_REQUEST\000"
 847      455F4556 
 847      545F4741 
 847      505F5041 
 847      53534B45 
 848              	.LASF11:
 849 003e 666C6F61 		.ascii	"float\000"
 849      7400
 850              	.LASF95:
 851 0044 72657374 		.ascii	"restartAdvertisement\000"
 851      61727441 
 851      64766572 
ARM GAS  C:\Users\Nakio\AppData\Local\Temp\ccTx4CXD.s 			page 21


 851      74697365 
 851      6D656E74 
 852              	.LASF87:
 853 0059 4359424C 		.ascii	"CYBLE_BLESS_STATE_HIBERNATE\000"
 853      455F424C 
 853      4553535F 
 853      53544154 
 853      455F4849 
 854              	.LASF21:
 855 0075 4359424C 		.ascii	"CYBLE_EVT_MEMORY_REQUEST\000"
 855      455F4556 
 855      545F4D45 
 855      4D4F5259 
 855      5F524551 
 856              	.LASF42:
 857 008e 4359424C 		.ascii	"CYBLE_EVT_GATTC_ERROR_RSP\000"
 857      455F4556 
 857      545F4741 
 857      5454435F 
 857      4552524F 
 858              	.LASF30:
 859 00a8 4359424C 		.ascii	"CYBLE_EVT_GAP_DEVICE_DISCONNECTED\000"
 859      455F4556 
 859      545F4741 
 859      505F4445 
 859      56494345 
 860              	.LASF93:
 861 00ca 64657669 		.ascii	"deviceConnected\000"
 861      6365436F 
 861      6E6E6563 
 861      74656400 
 862              	.LASF36:
 863 00da 4359424C 		.ascii	"CYBLE_EVT_GAP_KEYPRESS_NOTIFICATION\000"
 863      455F4556 
 863      545F4741 
 863      505F4B45 
 863      59505245 
 864              	.LASF2:
 865 00fe 73686F72 		.ascii	"short int\000"
 865      7420696E 
 865      7400
 866              	.LASF27:
 867 0108 4359424C 		.ascii	"CYBLE_EVT_GAP_AUTH_FAILED\000"
 867      455F4556 
 867      545F4741 
 867      505F4155 
 867      54485F46 
 868              	.LASF14:
 869 0122 73697A65 		.ascii	"sizetype\000"
 869      74797065 
 869      00
 870              	.LASF38:
 871 012b 4359424C 		.ascii	"CYBLE_EVT_GAP_DATA_LENGTH_CHANGE\000"
 871      455F4556 
 871      545F4741 
 871      505F4441 
 871      54415F4C 
ARM GAS  C:\Users\Nakio\AppData\Local\Temp\ccTx4CXD.s 			page 22


 872              	.LASF89:
 873 014c 6D61696E 		.ascii	"main\000"
 873      00
 874              	.LASF82:
 875 0151 4359424C 		.ascii	"CYBLE_BLESS_STATE_EVENT_CLOSE\000"
 875      455F424C 
 875      4553535F 
 875      53544154 
 875      455F4556 
 876              	.LASF84:
 877 016f 4359424C 		.ascii	"CYBLE_BLESS_STATE_ECO_ON\000"
 877      455F424C 
 877      4553535F 
 877      53544154 
 877      455F4543 
 878              	.LASF19:
 879 0188 4359424C 		.ascii	"CYBLE_EVT_HCI_STATUS\000"
 879      455F4556 
 879      545F4843 
 879      495F5354 
 879      41545553 
 880              	.LASF48:
 881 019d 4359424C 		.ascii	"CYBLE_EVT_GATTC_READ_BY_TYPE_RSP\000"
 881      455F4556 
 881      545F4741 
 881      5454435F 
 881      52454144 
 882              	.LASF91:
 883 01be 6C617374 		.ascii	"lastPosition\000"
 883      506F7369 
 883      74696F6E 
 883      00
 884              	.LASF16:
 885 01cb 4359424C 		.ascii	"CYBLE_EVT_STACK_ON\000"
 885      455F4556 
 885      545F5354 
 885      41434B5F 
 885      4F4E00
 886              	.LASF45:
 887 01de 4359424C 		.ascii	"CYBLE_EVT_GATTS_XCNHG_MTU_REQ\000"
 887      455F4556 
 887      545F4741 
 887      5454535F 
 887      58434E48 
 888              	.LASF10:
 889 01fc 75696E74 		.ascii	"uint16\000"
 889      313600
 890              	.LASF34:
 891 0203 4359424C 		.ascii	"CYBLE_EVT_GAP_KEYINFO_EXCHNGE_CMPLT\000"
 891      455F4556 
 891      545F4741 
 891      505F4B45 
 891      59494E46 
 892              	.LASF53:
 893 0227 4359424C 		.ascii	"CYBLE_EVT_GATTC_READ_MULTI_RSP\000"
 893      455F4556 
 893      545F4741 
ARM GAS  C:\Users\Nakio\AppData\Local\Temp\ccTx4CXD.s 			page 23


 893      5454435F 
 893      52454144 
 894              	.LASF62:
 895 0246 4359424C 		.ascii	"CYBLE_EVT_GATTS_HANDLE_VALUE_CNF\000"
 895      455F4556 
 895      545F4741 
 895      5454535F 
 895      48414E44 
 896              	.LASF15:
 897 0267 4359424C 		.ascii	"CYBLE_EVT_HOST_INVALID\000"
 897      455F4556 
 897      545F484F 
 897      53545F49 
 897      4E56414C 
 898              	.LASF70:
 899 027e 4359424C 		.ascii	"CYBLE_EVT_L2CAP_CBFC_CONN_IND\000"
 899      455F4556 
 899      545F4C32 
 899      4341505F 
 899      43424643 
 900              	.LASF85:
 901 029c 4359424C 		.ascii	"CYBLE_BLESS_STATE_ECO_STABLE\000"
 901      455F424C 
 901      4553535F 
 901      53544154 
 901      455F4543 
 902              	.LASF73:
 903 02b9 4359424C 		.ascii	"CYBLE_EVT_L2CAP_CBFC_DISCONN_CNF\000"
 903      455F4556 
 903      545F4C32 
 903      4341505F 
 903      43424643 
 904              	.LASF96:
 905 02da 696E6974 		.ascii	"initializeCapSenseBaseline\000"
 905      69616C69 
 905      7A654361 
 905      7053656E 
 905      73654261 
 906              	.LASF51:
 907 02f5 4359424C 		.ascii	"CYBLE_EVT_GATTC_READ_RSP\000"
 907      455F4556 
 907      545F4741 
 907      5454435F 
 907      52454144 
 908              	.LASF99:
 909 030e 433A5C55 		.ascii	"C:\\Users\\Nakio\\Electronique\\Cypress\\Programmes"
 909      73657273 
 909      5C4E616B 
 909      696F5C45 
 909      6C656374 
 910 033c 5C506177 		.ascii	"\\Pawn_PSoC4200\\PSoC_4_BLE_CapSense_Slider_LED01.c"
 910      6E5F5053 
 910      6F433432 
 910      30305C50 
 910      536F435F 
 911 036d 7964736E 		.ascii	"ydsn\000"
 911      00
ARM GAS  C:\Users\Nakio\AppData\Local\Temp\ccTx4CXD.s 			page 24


 912              	.LASF35:
 913 0372 4359424C 		.ascii	"CYBLE_EVT_GAP_NUMERIC_COMPARISON_REQUEST\000"
 913      455F4556 
 913      545F4741 
 913      505F4E55 
 913      4D455249 
 914              	.LASF40:
 915 039b 4359424C 		.ascii	"CYBLE_EVT_GAPC_DIRECT_ADV_REPORT\000"
 915      455F4556 
 915      545F4741 
 915      50435F44 
 915      49524543 
 916              	.LASF7:
 917 03bc 6C6F6E67 		.ascii	"long long unsigned int\000"
 917      206C6F6E 
 917      6720756E 
 917      7369676E 
 917      65642069 
 918              	.LASF4:
 919 03d3 6C6F6E67 		.ascii	"long int\000"
 919      20696E74 
 919      00
 920              	.LASF61:
 921 03dc 4359424C 		.ascii	"CYBLE_EVT_GATTC_HANDLE_VALUE_IND\000"
 921      455F4556 
 921      545F4741 
 921      5454435F 
 921      48414E44 
 922              	.LASF29:
 923 03fd 4359424C 		.ascii	"CYBLE_EVT_GAP_DEVICE_CONNECTED\000"
 923      455F4556 
 923      545F4741 
 923      505F4445 
 923      56494345 
 924              	.LASF81:
 925 041c 4359424C 		.ascii	"CYBLE_BLESS_STATE_ACTIVE\000"
 925      455F424C 
 925      4553535F 
 925      53544154 
 925      455F4143 
 926              	.LASF60:
 927 0435 4359424C 		.ascii	"CYBLE_EVT_GATTC_HANDLE_VALUE_NTF\000"
 927      455F4556 
 927      545F4741 
 927      5454435F 
 927      48414E44 
 928              	.LASF83:
 929 0456 4359424C 		.ascii	"CYBLE_BLESS_STATE_SLEEP\000"
 929      455F424C 
 929      4553535F 
 929      53544154 
 929      455F534C 
 930              	.LASF25:
 931 046e 4359424C 		.ascii	"CYBLE_EVT_GAP_PASSKEY_DISPLAY_REQUEST\000"
 931      455F4556 
 931      545F4741 
 931      505F5041 
ARM GAS  C:\Users\Nakio\AppData\Local\Temp\ccTx4CXD.s 			page 25


 931      53534B45 
 932              	.LASF71:
 933 0494 4359424C 		.ascii	"CYBLE_EVT_L2CAP_CBFC_CONN_CNF\000"
 933      455F4556 
 933      545F4C32 
 933      4341505F 
 933      43424643 
 934              	.LASF39:
 935 04b2 4359424C 		.ascii	"CYBLE_EVT_GAP_ENHANCE_CONN_COMPLETE\000"
 935      455F4556 
 935      545F4741 
 935      505F454E 
 935      48414E43 
 936              	.LASF55:
 937 04d6 4359424C 		.ascii	"CYBLE_EVT_GATTC_WRITE_RSP\000"
 937      455F4556 
 937      545F4741 
 937      5454435F 
 937      57524954 
 938              	.LASF92:
 939 04f0 736C6964 		.ascii	"sliderPosition\000"
 939      6572506F 
 939      73697469 
 939      6F6E00
 940              	.LASF67:
 941 04ff 4359424C 		.ascii	"CYBLE_EVT_L2CAP_CONN_PARAM_UPDATE_REQ\000"
 941      455F4556 
 941      545F4C32 
 941      4341505F 
 941      434F4E4E 
 942              	.LASF1:
 943 0525 756E7369 		.ascii	"unsigned char\000"
 943      676E6564 
 943      20636861 
 943      7200
 944              	.LASF57:
 945 0533 4359424C 		.ascii	"CYBLE_EVT_GATTS_PREP_WRITE_REQ\000"
 945      455F4556 
 945      545F4741 
 945      5454535F 
 945      50524550 
 946              	.LASF79:
 947 0552 4359424C 		.ascii	"CYBLE_EVT_LE_PING_AUTH_TIMEOUT\000"
 947      455F4556 
 947      545F4C45 
 947      5F50494E 
 947      475F4155 
 948              	.LASF49:
 949 0571 4359424C 		.ascii	"CYBLE_EVT_GATTC_FIND_INFO_RSP\000"
 949      455F4556 
 949      545F4741 
 949      5454435F 
 949      46494E44 
 950              	.LASF0:
 951 058f 7369676E 		.ascii	"signed char\000"
 951      65642063 
 951      68617200 
ARM GAS  C:\Users\Nakio\AppData\Local\Temp\ccTx4CXD.s 			page 26


 952              	.LASF54:
 953 059b 4359424C 		.ascii	"CYBLE_EVT_GATTS_WRITE_REQ\000"
 953      455F4556 
 953      545F4741 
 953      5454535F 
 953      57524954 
 954              	.LASF50:
 955 05b5 4359424C 		.ascii	"CYBLE_EVT_GATTC_FIND_BY_TYPE_VALUE_RSP\000"
 955      455F4556 
 955      545F4741 
 955      5454435F 
 955      46494E44 
 956              	.LASF26:
 957 05dc 4359424C 		.ascii	"CYBLE_EVT_GAP_AUTH_COMPLETE\000"
 957      455F4556 
 957      545F4741 
 957      505F4155 
 957      54485F43 
 958              	.LASF8:
 959 05f8 756E7369 		.ascii	"unsigned int\000"
 959      676E6564 
 959      20696E74 
 959      00
 960              	.LASF43:
 961 0605 4359424C 		.ascii	"CYBLE_EVT_GATT_CONNECT_IND\000"
 961      455F4556 
 961      545F4741 
 961      54545F43 
 961      4F4E4E45 
 962              	.LASF5:
 963 0620 6C6F6E67 		.ascii	"long unsigned int\000"
 963      20756E73 
 963      69676E65 
 963      6420696E 
 963      7400
 964              	.LASF23:
 965 0632 4359424C 		.ascii	"CYBLE_EVT_GAP_AUTH_REQ\000"
 965      455F4556 
 965      545F4741 
 965      505F4155 
 965      54485F52 
 966              	.LASF72:
 967 0649 4359424C 		.ascii	"CYBLE_EVT_L2CAP_CBFC_DISCONN_IND\000"
 967      455F4556 
 967      545F4C32 
 967      4341505F 
 967      43424643 
 968              	.LASF31:
 969 066a 4359424C 		.ascii	"CYBLE_EVT_GAP_ENCRYPT_CHANGE\000"
 969      455F4556 
 969      545F4741 
 969      505F454E 
 969      43525950 
 970              	.LASF100:
 971 0687 48616E64 		.ascii	"HandleCapSenseSlider\000"
 971      6C654361 
 971      7053656E 
ARM GAS  C:\Users\Nakio\AppData\Local\Temp\ccTx4CXD.s 			page 27


 971      7365536C 
 971      69646572 
 972              	.LASF66:
 973 069c 4359424C 		.ascii	"CYBLE_EVT_GATTC_LONG_PROCEDURE_END\000"
 973      455F4556 
 973      545F4741 
 973      5454435F 
 973      4C4F4E47 
 974              	.LASF3:
 975 06bf 73686F72 		.ascii	"short unsigned int\000"
 975      7420756E 
 975      7369676E 
 975      65642069 
 975      6E7400
 976              	.LASF90:
 977 06d2 496E6974 		.ascii	"InitializeSystem\000"
 977      69616C69 
 977      7A655379 
 977      7374656D 
 977      00
 978              	.LASF32:
 979 06e3 4359424C 		.ascii	"CYBLE_EVT_GAP_CONNECTION_UPDATE_COMPLETE\000"
 979      455F4556 
 979      545F4741 
 979      505F434F 
 979      4E4E4543 
 980              	.LASF41:
 981 070c 4359424C 		.ascii	"CYBLE_EVT_GAP_SMP_NEGOTIATED_AUTH_INFO\000"
 981      455F4556 
 981      545F4741 
 981      505F534D 
 981      505F4E45 
 982              	.LASF78:
 983 0733 4359424C 		.ascii	"CYBLE_EVT_PENDING_FLASH_WRITE\000"
 983      455F4556 
 983      545F5045 
 983      4E44494E 
 983      475F464C 
 984              	.LASF13:
 985 0751 63686172 		.ascii	"char\000"
 985      00
 986              	.LASF97:
 987 0756 474E5520 		.ascii	"GNU C 4.9.3 20150303 (release) [ARM/embedded-4_9-br"
 987      4320342E 
 987      392E3320 
 987      32303135 
 987      30333033 
 988 0789 616E6368 		.ascii	"anch revision 221220] -mcpu=cortex-m0 -mthumb -g -O"
 988      20726576 
 988      6973696F 
 988      6E203232 
 988      31323230 
 989 07bc 30202D66 		.ascii	"0 -ffunction-sections -ffat-lto-objects\000"
 989      66756E63 
 989      74696F6E 
 989      2D736563 
 989      74696F6E 
ARM GAS  C:\Users\Nakio\AppData\Local\Temp\ccTx4CXD.s 			page 28


 990              	.LASF69:
 991 07e4 4359424C 		.ascii	"CYBLE_EVT_L2CAP_COMMAND_REJ\000"
 991      455F4556 
 991      545F4C32 
 991      4341505F 
 991      434F4D4D 
 992              	.LASF9:
 993 0800 75696E74 		.ascii	"uint8\000"
 993      3800
 994              	.LASF52:
 995 0806 4359424C 		.ascii	"CYBLE_EVT_GATTC_READ_BLOB_RSP\000"
 995      455F4556 
 995      545F4741 
 995      5454435F 
 995      52454144 
 996              	.LASF59:
 997 0824 4359424C 		.ascii	"CYBLE_EVT_GATTC_EXEC_WRITE_RSP\000"
 997      455F4556 
 997      545F4741 
 997      5454435F 
 997      45584543 
 998              	.LASF33:
 999 0843 4359424C 		.ascii	"CYBLE_EVT_GAPC_SCAN_START_STOP\000"
 999      455F4556 
 999      545F4741 
 999      50435F53 
 999      43414E5F 
 1000              	.LASF98:
 1001 0862 6D61696E 		.ascii	"main.c\000"
 1001      2E6300
 1002              	.LASF75:
 1003 0869 4359424C 		.ascii	"CYBLE_EVT_L2CAP_CBFC_RX_CREDIT_IND\000"
 1003      455F4556 
 1003      545F4C32 
 1003      4341505F 
 1003      43424643 
 1004              	.LASF12:
 1005 088c 646F7562 		.ascii	"double\000"
 1005      6C6500
 1006              	.LASF76:
 1007 0893 4359424C 		.ascii	"CYBLE_EVT_L2CAP_CBFC_TX_CREDIT_IND\000"
 1007      455F4556 
 1007      545F4C32 
 1007      4341505F 
 1007      43424643 
 1008              	.LASF6:
 1009 08b6 6C6F6E67 		.ascii	"long long int\000"
 1009      206C6F6E 
 1009      6720696E 
 1009      7400
 1010              	.LASF20:
 1011 08c4 4359424C 		.ascii	"CYBLE_EVT_STACK_BUSY_STATUS\000"
 1011      455F4556 
 1011      545F5354 
 1011      41434B5F 
 1011      42555359 
 1012              	.LASF28:
ARM GAS  C:\Users\Nakio\AppData\Local\Temp\ccTx4CXD.s 			page 29


 1013 08e0 4359424C 		.ascii	"CYBLE_EVT_GAPP_ADVERTISEMENT_START_STOP\000"
 1013      455F4556 
 1013      545F4741 
 1013      50505F41 
 1013      44564552 
 1014              	.LASF18:
 1015 0908 4359424C 		.ascii	"CYBLE_EVT_HARDWARE_ERROR\000"
 1015      455F4556 
 1015      545F4841 
 1015      52445741 
 1015      52455F45 
 1016              	.LASF74:
 1017 0921 4359424C 		.ascii	"CYBLE_EVT_L2CAP_CBFC_DATA_READ\000"
 1017      455F4556 
 1017      545F4C32 
 1017      4341505F 
 1017      43424643 
 1018              	.LASF68:
 1019 0940 4359424C 		.ascii	"CYBLE_EVT_L2CAP_CONN_PARAM_UPDATE_RSP\000"
 1019      455F4556 
 1019      545F4C32 
 1019      4341505F 
 1019      434F4E4E 
 1020              	.LASF22:
 1021 0966 4359424C 		.ascii	"CYBLE_EVT_GAPC_SCAN_PROGRESS_RESULT\000"
 1021      455F4556 
 1021      545F4741 
 1021      50435F53 
 1021      43414E5F 
 1022              	.LASF86:
 1023 098a 4359424C 		.ascii	"CYBLE_BLESS_STATE_DEEPSLEEP\000"
 1023      455F424C 
 1023      4553535F 
 1023      53544154 
 1023      455F4445 
 1024              	.LASF47:
 1025 09a6 4359424C 		.ascii	"CYBLE_EVT_GATTC_READ_BY_GROUP_TYPE_RSP\000"
 1025      455F4556 
 1025      545F4741 
 1025      5454435F 
 1025      52454144 
 1026              	.LASF56:
 1027 09cd 4359424C 		.ascii	"CYBLE_EVT_GATTS_WRITE_CMD_REQ\000"
 1027      455F4556 
 1027      545F4741 
 1027      5454535F 
 1027      57524954 
 1028              	.LASF46:
 1029 09eb 4359424C 		.ascii	"CYBLE_EVT_GATTC_XCHNG_MTU_RSP\000"
 1029      455F4556 
 1029      545F4741 
 1029      5454435F 
 1029      5843484E 
 1030              	.LASF77:
 1031 0a09 4359424C 		.ascii	"CYBLE_EVT_L2CAP_CBFC_DATA_WRITE_IND\000"
 1031      455F4556 
 1031      545F4C32 
ARM GAS  C:\Users\Nakio\AppData\Local\Temp\ccTx4CXD.s 			page 30


 1031      4341505F 
 1031      43424643 
 1032              	.LASF17:
 1033 0a2d 4359424C 		.ascii	"CYBLE_EVT_TIMEOUT\000"
 1033      455F4556 
 1033      545F5449 
 1033      4D454F55 
 1033      5400
 1034              	.LASF80:
 1035 0a3f 4359424C 		.ascii	"CYBLE_EVT_MAX\000"
 1035      455F4556 
 1035      545F4D41 
 1035      5800
 1036              	.LASF65:
 1037 0a4d 4359424C 		.ascii	"CYBLE_EVT_GATTS_READ_CHAR_VAL_ACCESS_REQ\000"
 1037      455F4556 
 1037      545F4741 
 1037      5454535F 
 1037      52454144 
 1038              	.LASF64:
 1039 0a76 4359424C 		.ascii	"CYBLE_EVT_GATTC_STOP_CMD_COMPLETE\000"
 1039      455F4556 
 1039      545F4741 
 1039      5454435F 
 1039      53544F50 
 1040              	.LASF58:
 1041 0a98 4359424C 		.ascii	"CYBLE_EVT_GATTS_EXEC_WRITE_REQ\000"
 1041      455F4556 
 1041      545F4741 
 1041      5454535F 
 1041      45584543 
 1042              	.LASF94:
 1043 0ab7 73656E64 		.ascii	"sendCapSenseSliderNotifications\000"
 1043      43617053 
 1043      656E7365 
 1043      536C6964 
 1043      65724E6F 
 1044              	.LASF63:
 1045 0ad7 4359424C 		.ascii	"CYBLE_EVT_GATTS_DATA_SIGNED_CMD_REQ\000"
 1045      455F4556 
 1045      545F4741 
 1045      5454535F 
 1045      44415441 
 1046              	.LASF44:
 1047 0afb 4359424C 		.ascii	"CYBLE_EVT_GATT_DISCONNECT_IND\000"
 1047      455F4556 
 1047      545F4741 
 1047      54545F44 
 1047      4953434F 
 1048              	.LASF37:
 1049 0b19 4359424C 		.ascii	"CYBLE_EVT_GAP_OOB_GENERATED_NOTIFICATION\000"
 1049      455F4556 
 1049      545F4741 
 1049      505F4F4F 
 1049      425F4745 
 1050              		.ident	"GCC: (GNU Tools for ARM Embedded Processors) 4.9.3 20150303 (release) [ARM/embedded-4_9-br
