--------------- Clean Started: 01/10/2017 20:41:47 Project: Pawn_PSoC4200, Configuration: ARM GCC 4.9-2015-q1-update Debug ---------------
Deleting file ".\CortexM0\ARM_GCC_493\Debug\main.o"
Deleting file ".\CortexM0\ARM_GCC_493\Debug\cyfitter_cfg.o"
Deleting file ".\CortexM0\ARM_GCC_493\Debug\cymetadata.o"
Deleting file ".\CortexM0\ARM_GCC_493\Debug\UART.o"
Deleting file ".\CortexM0\ARM_GCC_493\Debug\UART_SPI_UART.o"
Deleting file ".\CortexM0\ARM_GCC_493\Debug\UART_SPI_UART_INT.o"
Deleting file ".\CortexM0\ARM_GCC_493\Debug\UART_PM.o"
Deleting file ".\CortexM0\ARM_GCC_493\Debug\UART_UART.o"
Deleting file ".\CortexM0\ARM_GCC_493\Debug\UART_BOOT.o"
Deleting file ".\CortexM0\ARM_GCC_493\Debug\UART_UART_BOOT.o"
Deleting file ".\CortexM0\ARM_GCC_493\Debug\I2C.o"
Deleting file ".\CortexM0\ARM_GCC_493\Debug\I2C_I2C_INT.o"
Deleting file ".\CortexM0\ARM_GCC_493\Debug\I2C_I2C.o"
Deleting file ".\CortexM0\ARM_GCC_493\Debug\I2C_I2C_BOOT.o"
Deleting file ".\CortexM0\ARM_GCC_493\Debug\I2C_I2C_SLAVE.o"
Deleting file ".\CortexM0\ARM_GCC_493\Debug\I2C_PM.o"
Deleting file ".\CortexM0\ARM_GCC_493\Debug\I2C_BOOT.o"
Deleting file ".\CortexM0\ARM_GCC_493\Debug\BLE.o"
Deleting file ".\CortexM0\ARM_GCC_493\Debug\BLE_gatt.o"
Deleting file ".\CortexM0\ARM_GCC_493\Debug\BLE_eventHandler.o"
Deleting file ".\CortexM0\ARM_GCC_493\Debug\BLE_HAL_INT.o"
Deleting file ".\CortexM0\ARM_GCC_493\Debug\BLE_HAL_PVT.o"
Deleting file ".\CortexM0\ARM_GCC_493\Debug\BLE_custom.o"
Deleting file ".\CortexM0\ARM_GCC_493\Debug\UART_SCBCLK.o"
Deleting file ".\CortexM0\ARM_GCC_493\Debug\UART_tx.o"
Deleting file ".\CortexM0\ARM_GCC_493\Debug\UART_tx_PM.o"
Deleting file ".\CortexM0\ARM_GCC_493\Debug\UART_rx.o"
Deleting file ".\CortexM0\ARM_GCC_493\Debug\UART_rx_PM.o"
Deleting file ".\CortexM0\ARM_GCC_493\Debug\I2C_SCBCLK.o"
Deleting file ".\CortexM0\ARM_GCC_493\Debug\I2C_sda.o"
Deleting file ".\CortexM0\ARM_GCC_493\Debug\I2C_sda_PM.o"
Deleting file ".\CortexM0\ARM_GCC_493\Debug\I2C_scl.o"
Deleting file ".\CortexM0\ARM_GCC_493\Debug\I2C_scl_PM.o"
Deleting file ".\CortexM0\ARM_GCC_493\Debug\I2C_SCB_IRQ.o"
Deleting file ".\CortexM0\ARM_GCC_493\Debug\BLE_bless_isr.o"
Deleting file ".\CortexM0\ARM_GCC_493\Debug\Cm0Start.o"
Deleting file ".\CortexM0\ARM_GCC_493\Debug\CyBootAsmGnu.o"
Deleting file ".\CortexM0\ARM_GCC_493\Debug\CyFlash.o"
Deleting file ".\CortexM0\ARM_GCC_493\Debug\CyLib.o"
Deleting file ".\CortexM0\ARM_GCC_493\Debug\cyPm.o"
Deleting file ".\CortexM0\ARM_GCC_493\Debug\cyutils.o"
Deleting file ".\CortexM0\ARM_GCC_493\Debug\CyLFClk.o"
Deleting file ".\CortexM0\ARM_GCC_493\Debug\BTN.o"
Deleting file ".\CortexM0\ARM_GCC_493\Debug\BTN_PM.o"
Deleting file ".\CortexM0\ARM_GCC_493\Debug\LED_B.o"
Deleting file ".\CortexM0\ARM_GCC_493\Debug\LED_B_PM.o"
Deleting file ".\CortexM0\ARM_GCC_493\Debug\LED_G.o"
Deleting file ".\CortexM0\ARM_GCC_493\Debug\LED_G_PM.o"
Deleting file ".\CortexM0\ARM_GCC_493\Debug\LED_R.o"
Deleting file ".\CortexM0\ARM_GCC_493\Debug\LED_R_PM.o"
Deleting file ".\CortexM0\ARM_GCC_493\Debug\Pawn_PSoC4200.hex"
Deleting file ".\CortexM0\ARM_GCC_493\Debug\Pawn_PSoC4200.elf"
Deleting file ".\CortexM0\ARM_GCC_493\Debug\Pawn_PSoC4200.map"
Deleting file ".\Pawn_PSoC4200.cycdx"
Deleting file ".\Pawn_PSoC4200.svd"
Deleting file ".\Pawn_PSoC4200.rpt"
Deleting file ".\Pawn_PSoC4200_timing.html"
Deleting file ".\CortexM0\ARM_GCC_493\Debug\.deps\SOURCE_C__ARM_GCC_GENERIC.P"
Deleting file ".\CortexM0\ARM_GCC_493\Debug\.deps\SOURCE_ASM__ARM_GCC_GENERIC.P"
--------------- Clean Succeeded: 01/10/2017 20:41:47 ---------------
