ARM GAS  C:\Users\Nakio\AppData\Local\Temp\cc8HMMC3.s 			page 1


   1              		.cpu cortex-m0
   2              		.fpu softvfp
   3              		.eabi_attribute 20, 1
   4              		.eabi_attribute 21, 1
   5              		.eabi_attribute 23, 3
   6              		.eabi_attribute 24, 1
   7              		.eabi_attribute 25, 1
   8              		.eabi_attribute 26, 1
   9              		.eabi_attribute 30, 1
  10              		.eabi_attribute 34, 0
  11              		.eabi_attribute 18, 4
  12              		.code	16
  13              		.file	"main.c"
  14              		.text
  15              	.Ltext0:
  16              		.cfi_sections	.debug_frame
  17              		.section	.text.main,"ax",%progbits
  18              		.align	2
  19              		.global	main
  20              		.code	16
  21              		.thumb_func
  22              		.type	main, %function
  23              	main:
  24              	.LFB37:
  25              		.file 1 "main.c"
   1:main.c        **** /* ========================================
   2:main.c        ****  *
   3:main.c        ****  * Copyright YOUR COMPANY, THE YEAR
   4:main.c        ****  * All Rights Reserved
   5:main.c        ****  * UNPUBLISHED, LICENSED SOFTWARE.
   6:main.c        ****  *
   7:main.c        ****  * CONFIDENTIAL AND PROPRIETARY INFORMATION
   8:main.c        ****  * WHICH IS THE PROPERTY OF your company.
   9:main.c        ****  *
  10:main.c        ****  * ========================================
  11:main.c        **** */
  12:main.c        **** 
  13:main.c        **** #include <main.h>
  14:main.c        **** 
  15:main.c        **** 
  16:main.c        **** int main()
  17:main.c        **** {
  26              		.loc 1 17 0
  27              		.cfi_startproc
  28 0000 08B5     		push	{r3, lr}
  29              		.cfi_def_cfa_offset 8
  30              		.cfi_offset 3, -8
  31              		.cfi_offset 14, -4
  18:main.c        ****     extern uint8_t NeedProcessing;
  19:main.c        ****     extern uint8_t deviceConnected;
  20:main.c        ****     extern uint16 TCS_Red;
  21:main.c        ****     extern uint16 TCS_Green;
  22:main.c        ****     extern uint16 TCS_Blue;
  23:main.c        ****     extern CYBLE_GATT_HANDLE_VALUE_PAIR_T SerialNotificationCCCDhandle;
  24:main.c        ****     
  25:main.c        ****     CyGlobalIntEnable;   /* Enable global interrupts */
  32              		.loc 1 25 0
ARM GAS  C:\Users\Nakio\AppData\Local\Temp\cc8HMMC3.s 			page 2


  33              	@ 25 "main.c" 1
  34 0002 62B6     		CPSIE   i
  35              	@ 0 "" 2
  26:main.c        ****     LED_R_Write(1);
  36              		.loc 1 26 0
  37              		.code	16
  38 0004 0120     		mov	r0, #1
  39 0006 FFF7FEFF 		bl	LED_R_Write
  40              	.LVL0:
  27:main.c        ****     LED_G_Write(1);
  41              		.loc 1 27 0
  42 000a 0120     		mov	r0, #1
  43 000c FFF7FEFF 		bl	LED_G_Write
  44              	.LVL1:
  28:main.c        ****     LED_B_Write(1);
  45              		.loc 1 28 0
  46 0010 0120     		mov	r0, #1
  47 0012 FFF7FEFF 		bl	LED_B_Write
  48              	.LVL2:
  29:main.c        **** 
  30:main.c        ****     TCS_Init();
  49              		.loc 1 30 0
  50 0016 FFF7FEFF 		bl	TCS_Init
  51              	.LVL3:
  31:main.c        ****     CyBle_Start(StackEventHandler);
  52              		.loc 1 31 0
  53 001a 1B48     		ldr	r0, .L9
  54 001c FFF7FEFF 		bl	CyBle_Start
  55              	.LVL4:
  56              	.L5:
  32:main.c        ****     
  33:main.c        ****     for(;;)
  34:main.c        ****     {
  35:main.c        ****         CyBle_ProcessEvents();
  57              		.loc 1 35 0
  58 0020 FFF7FEFF 		bl	CyBle_ProcessEvents
  59              	.LVL5:
  36:main.c        ****         
  37:main.c        ****         if(NeedProcessing)
  60              		.loc 1 37 0
  61 0024 194B     		ldr	r3, .L9+4
  62 0026 1B78     		ldrb	r3, [r3]
  63 0028 002B     		cmp	r3, #0
  64 002a 01D0     		beq	.L3
  38:main.c        ****             ProcessingRequest();
  65              		.loc 1 38 0
  66 002c FFF7FEFF 		bl	ProcessingRequest
  67              	.LVL6:
  68              	.L3:
  39:main.c        ****         
  40:main.c        ****     	if(SerialNotificationCCCDhandle.value.val[0])
  69              		.loc 1 40 0
  70 0030 174B     		ldr	r3, .L9+8
  71 0032 1B68     		ldr	r3, [r3]
  72 0034 1B78     		ldrb	r3, [r3]
  73 0036 002B     		cmp	r3, #0
  74 0038 02D0     		beq	.L4
ARM GAS  C:\Users\Nakio\AppData\Local\Temp\cc8HMMC3.s 			page 3


  41:main.c        **** 			SendDataOverSerialNotification(BLE_Buffer);
  75              		.loc 1 41 0
  76 003a 1648     		ldr	r0, .L9+12
  77 003c FFF7FEFF 		bl	SendDataOverSerialNotification
  78              	.LVL7:
  79              	.L4:
  42:main.c        ****         
  43:main.c        ****         if(BTN_Read() == 0)
  80              		.loc 1 43 0
  81 0040 FFF7FEFF 		bl	BTN_Read
  82              	.LVL8:
  83 0044 0028     		cmp	r0, #0
  84 0046 EBD1     		bne	.L5
  44:main.c        ****         {
  45:main.c        ****             if(!deviceConnected)
  85              		.loc 1 45 0
  86 0048 134B     		ldr	r3, .L9+16
  87 004a 1B78     		ldrb	r3, [r3]
  88 004c 002B     		cmp	r3, #0
  89 004e 09D1     		bne	.L6
  46:main.c        ****             {
  47:main.c        ****                 CyBle_GappStartAdvertisement(CYBLE_ADVERTISING_FAST);
  90              		.loc 1 47 0
  91 0050 FFF7FEFF 		bl	CyBle_GappStartAdvertisement
  92              	.LVL9:
  93              	.L7:
  48:main.c        ****                 while(BTN_Read() == 0);
  94              		.loc 1 48 0 discriminator 1
  95 0054 FFF7FEFF 		bl	BTN_Read
  96              	.LVL10:
  97 0058 0028     		cmp	r0, #0
  98 005a FBD0     		beq	.L7
  49:main.c        ****                 LED_R_Write(0);
  99              		.loc 1 49 0
 100 005c 0020     		mov	r0, #0
 101 005e FFF7FEFF 		bl	LED_R_Write
 102              	.LVL11:
 103 0062 DDE7     		b	.L5
 104              	.L6:
 105              	.LBB2:
  50:main.c        ****             }  
  51:main.c        ****             
  52:main.c        ****             else
  53:main.c        ****             {
  54:main.c        ****                 TCS_ReadRawData();
 106              		.loc 1 54 0
 107 0064 FFF7FEFF 		bl	TCS_ReadRawData
 108              	.LVL12:
  55:main.c        ****                 BLE_Buffer[ANY_COMMAND] = GET_COLOR;
 109              		.loc 1 55 0
 110 0068 0A4B     		ldr	r3, .L9+12
 111 006a 2522     		mov	r2, #37
 112 006c 1A70     		strb	r2, [r3]
  56:main.c        ****                 BLE_Buffer[PARAM_GET_COLOR__R] = TCS_Red;
 113              		.loc 1 56 0
 114 006e 0B4A     		ldr	r2, .L9+20
 115 0070 1288     		ldrh	r2, [r2]
ARM GAS  C:\Users\Nakio\AppData\Local\Temp\cc8HMMC3.s 			page 4


 116 0072 5A70     		strb	r2, [r3, #1]
  57:main.c        ****                 BLE_Buffer[PARAM_GET_COLOR__G] = TCS_Green;
 117              		.loc 1 57 0
 118 0074 0A4A     		ldr	r2, .L9+24
 119 0076 1288     		ldrh	r2, [r2]
 120 0078 9A70     		strb	r2, [r3, #2]
  58:main.c        ****                 BLE_Buffer[PARAM_GET_COLOR__B] = TCS_Blue;
 121              		.loc 1 58 0
 122 007a 0A4A     		ldr	r2, .L9+28
 123 007c 1288     		ldrh	r2, [r2]
 124 007e DA70     		strb	r2, [r3, #3]
  59:main.c        ****                 
  60:main.c        ****                 BLE_Buffer_Updated = 1;                
 125              		.loc 1 60 0
 126 0080 0122     		mov	r2, #1
 127 0082 094B     		ldr	r3, .L9+32
 128 0084 1A70     		strb	r2, [r3]
 129 0086 CBE7     		b	.L5
 130              	.L10:
 131              		.align	2
 132              	.L9:
 133 0088 00000000 		.word	StackEventHandler
 134 008c 00000000 		.word	NeedProcessing
 135 0090 00000000 		.word	SerialNotificationCCCDhandle
 136 0094 00000000 		.word	BLE_Buffer
 137 0098 00000000 		.word	deviceConnected
 138 009c 00000000 		.word	TCS_Red
 139 00a0 00000000 		.word	TCS_Green
 140 00a4 00000000 		.word	TCS_Blue
 141 00a8 00000000 		.word	BLE_Buffer_Updated
 142              	.LBE2:
 143              		.cfi_endproc
 144              	.LFE37:
 145              		.size	main, .-main
 146              		.text
 147              	.Letext0:
 148              		.file 2 "f:\\program files (x86)\\cypress\\psoc creator\\4.0\\psoc creator\\import\\gnu\\arm\\4.9.
 149              		.file 3 "f:\\program files (x86)\\cypress\\psoc creator\\4.0\\psoc creator\\import\\gnu\\arm\\4.9.
 150              		.file 4 "Generated_Source\\PSoC4/cytypes.h"
 151              		.file 5 "Generated_Source\\PSoC4/BLE_Stack.h"
 152              		.file 6 "Generated_Source\\PSoC4/BLE_StackGatt.h"
 153              		.file 7 "Generated_Source\\PSoC4/BLE.h"
 154              		.file 8 "./AnyBoardJS_Handle.h"
 155              		.file 9 "Generated_Source\\PSoC4/LED_R.h"
 156              		.file 10 "Generated_Source\\PSoC4/LED_G.h"
 157              		.file 11 "Generated_Source\\PSoC4/LED_B.h"
 158              		.file 12 "./BLE_Handle.h"
 159              		.file 13 "Generated_Source\\PSoC4/BTN.h"
 160              		.section	.debug_info,"",%progbits
 161              	.Ldebug_info0:
 162 0000 B0040000 		.4byte	0x4b0
 163 0004 0400     		.2byte	0x4
 164 0006 00000000 		.4byte	.Ldebug_abbrev0
 165 000a 04       		.byte	0x4
 166 000b 01       		.uleb128 0x1
 167 000c A5020000 		.4byte	.LASF79
 168 0010 01       		.byte	0x1
ARM GAS  C:\Users\Nakio\AppData\Local\Temp\cc8HMMC3.s 			page 5


 169 0011 24060000 		.4byte	.LASF80
 170 0015 44040000 		.4byte	.LASF81
 171 0019 00000000 		.4byte	.Ldebug_ranges0+0
 172 001d 00000000 		.4byte	0
 173 0021 00000000 		.4byte	.Ldebug_line0
 174 0025 02       		.uleb128 0x2
 175 0026 01       		.byte	0x1
 176 0027 06       		.byte	0x6
 177 0028 C3030000 		.4byte	.LASF0
 178 002c 03       		.uleb128 0x3
 179 002d 7D020000 		.4byte	.LASF9
 180 0031 02       		.byte	0x2
 181 0032 1D       		.byte	0x1d
 182 0033 37000000 		.4byte	0x37
 183 0037 02       		.uleb128 0x2
 184 0038 01       		.byte	0x1
 185 0039 08       		.byte	0x8
 186 003a 8A030000 		.4byte	.LASF1
 187 003e 02       		.uleb128 0x2
 188 003f 02       		.byte	0x2
 189 0040 05       		.byte	0x5
 190 0041 C1000000 		.4byte	.LASF2
 191 0045 02       		.uleb128 0x2
 192 0046 02       		.byte	0x2
 193 0047 07       		.byte	0x7
 194 0048 B8040000 		.4byte	.LASF3
 195 004c 02       		.uleb128 0x2
 196 004d 04       		.byte	0x4
 197 004e 05       		.byte	0x5
 198 004f 5C020000 		.4byte	.LASF4
 199 0053 02       		.uleb128 0x2
 200 0054 04       		.byte	0x4
 201 0055 07       		.byte	0x7
 202 0056 2B060000 		.4byte	.LASF5
 203 005a 02       		.uleb128 0x2
 204 005b 08       		.byte	0x8
 205 005c 05       		.byte	0x5
 206 005d 23020000 		.4byte	.LASF6
 207 0061 02       		.uleb128 0x2
 208 0062 08       		.byte	0x8
 209 0063 07       		.byte	0x7
 210 0064 CF030000 		.4byte	.LASF7
 211 0068 04       		.uleb128 0x4
 212 0069 04       		.byte	0x4
 213 006a 05       		.byte	0x5
 214 006b 696E7400 		.ascii	"int\000"
 215 006f 02       		.uleb128 0x2
 216 0070 04       		.byte	0x4
 217 0071 07       		.byte	0x7
 218 0072 12040000 		.4byte	.LASF8
 219 0076 03       		.uleb128 0x3
 220 0077 AD010000 		.4byte	.LASF10
 221 007b 03       		.byte	0x3
 222 007c 15       		.byte	0x15
 223 007d 2C000000 		.4byte	0x2c
 224 0081 05       		.uleb128 0x5
 225 0082 B5010000 		.4byte	.LASF11
ARM GAS  C:\Users\Nakio\AppData\Local\Temp\cc8HMMC3.s 			page 6


 226 0086 04       		.byte	0x4
 227 0087 B901     		.2byte	0x1b9
 228 0089 37000000 		.4byte	0x37
 229 008d 05       		.uleb128 0x5
 230 008e 0A060000 		.4byte	.LASF12
 231 0092 04       		.byte	0x4
 232 0093 BA01     		.2byte	0x1ba
 233 0095 45000000 		.4byte	0x45
 234 0099 05       		.uleb128 0x5
 235 009a 1D060000 		.4byte	.LASF13
 236 009e 04       		.byte	0x4
 237 009f BB01     		.2byte	0x1bb
 238 00a1 53000000 		.4byte	0x53
 239 00a5 02       		.uleb128 0x2
 240 00a6 04       		.byte	0x4
 241 00a7 04       		.byte	0x4
 242 00a8 1D020000 		.4byte	.LASF14
 243 00ac 02       		.uleb128 0x2
 244 00ad 08       		.byte	0x8
 245 00ae 04       		.byte	0x4
 246 00af 48060000 		.4byte	.LASF15
 247 00b3 02       		.uleb128 0x2
 248 00b4 01       		.byte	0x1
 249 00b5 08       		.byte	0x8
 250 00b6 02050000 		.4byte	.LASF16
 251 00ba 02       		.uleb128 0x2
 252 00bb 04       		.byte	0x4
 253 00bc 07       		.byte	0x7
 254 00bd CB000000 		.4byte	.LASF17
 255 00c1 06       		.uleb128 0x6
 256 00c2 04       		.byte	0x4
 257 00c3 07       		.uleb128 0x7
 258 00c4 04       		.byte	0x4
 259 00c5 81000000 		.4byte	0x81
 260 00c9 07       		.uleb128 0x7
 261 00ca 04       		.byte	0x4
 262 00cb CF000000 		.4byte	0xcf
 263 00cf 08       		.uleb128 0x8
 264 00d0 DF000000 		.4byte	0xdf
 265 00d4 09       		.uleb128 0x9
 266 00d5 99000000 		.4byte	0x99
 267 00d9 09       		.uleb128 0x9
 268 00da C1000000 		.4byte	0xc1
 269 00de 00       		.byte	0
 270 00df 0A       		.uleb128 0xa
 271 00e0 02       		.byte	0x2
 272 00e1 05       		.byte	0x5
 273 00e2 D203     		.2byte	0x3d2
 274 00e4 AF010000 		.4byte	0x1af
 275 00e8 0B       		.uleb128 0xb
 276 00e9 D4000000 		.4byte	.LASF18
 277 00ed 00       		.sleb128 0
 278 00ee 0B       		.uleb128 0xb
 279 00ef 45010000 		.4byte	.LASF19
 280 00f3 01       		.sleb128 1
 281 00f4 0B       		.uleb128 0xb
 282 00f5 8F010000 		.4byte	.LASF20
ARM GAS  C:\Users\Nakio\AppData\Local\Temp\cc8HMMC3.s 			page 7


 283 00f9 02       		.sleb128 2
 284 00fa 0B       		.uleb128 0xb
 285 00fb B2050000 		.4byte	.LASF21
 286 00ff 03       		.sleb128 3
 287 0100 0B       		.uleb128 0xb
 288 0101 FA010000 		.4byte	.LASF22
 289 0105 04       		.sleb128 4
 290 0106 0B       		.uleb128 0xb
 291 0107 63010000 		.4byte	.LASF23
 292 010b 05       		.sleb128 5
 293 010c 0B       		.uleb128 0xb
 294 010d E0010000 		.4byte	.LASF24
 295 0111 06       		.sleb128 6
 296 0112 0B       		.uleb128 0xb
 297 0113 50030000 		.4byte	.LASF25
 298 0117 07       		.sleb128 7
 299 0118 0B       		.uleb128 0xb
 300 0119 87020000 		.4byte	.LASF26
 301 011d 08       		.sleb128 8
 302 011e 0B       		.uleb128 0xb
 303 011f FD030000 		.4byte	.LASF27
 304 0123 09       		.sleb128 9
 305 0124 0B       		.uleb128 0xb
 306 0125 5F000000 		.4byte	.LASF28
 307 0129 0A       		.sleb128 10
 308 012a 0B       		.uleb128 0xb
 309 012b 31020000 		.4byte	.LASF29
 310 012f 0B       		.sleb128 11
 311 0130 0B       		.uleb128 0xb
 312 0131 E6030000 		.4byte	.LASF30
 313 0135 0C       		.sleb128 12
 314 0136 0B       		.uleb128 0xb
 315 0137 1F040000 		.4byte	.LASF31
 316 013b 0D       		.sleb128 13
 317 013c 0B       		.uleb128 0xb
 318 013d 25000000 		.4byte	.LASF32
 319 0141 0E       		.sleb128 14
 320 0142 0B       		.uleb128 0xb
 321 0143 00000000 		.4byte	.LASF33
 322 0147 0F       		.sleb128 15
 323 0148 0B       		.uleb128 0xb
 324 0149 5F070000 		.4byte	.LASF34
 325 014d 10       		.sleb128 16
 326 014e 0B       		.uleb128 0xb
 327 014f DE040000 		.4byte	.LASF35
 328 0153 11       		.sleb128 17
 329 0154 0B       		.uleb128 0xb
 330 0155 85000000 		.4byte	.LASF36
 331 0159 12       		.sleb128 18
 332 015a 0B       		.uleb128 0xb
 333 015b 4F060000 		.4byte	.LASF37
 334 015f 13       		.sleb128 19
 335 0160 0B       		.uleb128 0xb
 336 0161 F1060000 		.4byte	.LASF38
 337 0165 27       		.sleb128 39
 338 0166 0B       		.uleb128 0xb
 339 0167 E3000000 		.4byte	.LASF39
ARM GAS  C:\Users\Nakio\AppData\Local\Temp\cc8HMMC3.s 			page 8


 340 016b 28       		.sleb128 40
 341 016c 0B       		.uleb128 0xb
 342 016d 0D010000 		.4byte	.LASF40
 343 0171 29       		.sleb128 41
 344 0172 0B       		.uleb128 0xb
 345 0173 6D030000 		.4byte	.LASF41
 346 0177 2A       		.sleb128 42
 347 0178 0B       		.uleb128 0xb
 348 0179 D7050000 		.4byte	.LASF42
 349 017d 2B       		.sleb128 43
 350 017e 0B       		.uleb128 0xb
 351 017f 98030000 		.4byte	.LASF43
 352 0183 2C       		.sleb128 44
 353 0184 0B       		.uleb128 0xb
 354 0185 5A050000 		.4byte	.LASF44
 355 0189 FE01     		.sleb128 254
 356 018b 0B       		.uleb128 0xb
 357 018c 1F070000 		.4byte	.LASF45
 358 0190 FF01     		.sleb128 255
 359 0192 0B       		.uleb128 0xb
 360 0193 D8060000 		.4byte	.LASF46
 361 0197 8002     		.sleb128 256
 362 0199 0B       		.uleb128 0xb
 363 019a 8D070000 		.4byte	.LASF47
 364 019e 8102     		.sleb128 257
 365 01a0 0B       		.uleb128 0xb
 366 01a1 95040000 		.4byte	.LASF48
 367 01a5 8202     		.sleb128 258
 368 01a7 0B       		.uleb128 0xb
 369 01a8 2F070000 		.4byte	.LASF49
 370 01ac 8302     		.sleb128 259
 371 01ae 00       		.byte	0
 372 01af 05       		.uleb128 0x5
 373 01b0 BB010000 		.4byte	.LASF50
 374 01b4 05       		.byte	0x5
 375 01b5 3E04     		.2byte	0x43e
 376 01b7 DF000000 		.4byte	0xdf
 377 01bb 05       		.uleb128 0x5
 378 01bc 29010000 		.4byte	.LASF51
 379 01c0 06       		.byte	0x6
 380 01c1 8401     		.2byte	0x184
 381 01c3 8D000000 		.4byte	0x8d
 382 01c7 0C       		.uleb128 0xc
 383 01c8 08       		.byte	0x8
 384 01c9 06       		.byte	0x6
 385 01ca B901     		.2byte	0x1b9
 386 01cc F8010000 		.4byte	0x1f8
 387 01d0 0D       		.uleb128 0xd
 388 01d1 76616C00 		.ascii	"val\000"
 389 01d5 06       		.byte	0x6
 390 01d6 BC01     		.2byte	0x1bc
 391 01d8 C3000000 		.4byte	0xc3
 392 01dc 00       		.byte	0
 393 01dd 0D       		.uleb128 0xd
 394 01de 6C656E00 		.ascii	"len\000"
 395 01e2 06       		.byte	0x6
 396 01e3 BF01     		.2byte	0x1bf
ARM GAS  C:\Users\Nakio\AppData\Local\Temp\cc8HMMC3.s 			page 9


 397 01e5 8D000000 		.4byte	0x8d
 398 01e9 04       		.byte	0x4
 399 01ea 0E       		.uleb128 0xe
 400 01eb 49070000 		.4byte	.LASF52
 401 01ef 06       		.byte	0x6
 402 01f0 C601     		.2byte	0x1c6
 403 01f2 8D000000 		.4byte	0x8d
 404 01f6 06       		.byte	0x6
 405 01f7 00       		.byte	0
 406 01f8 05       		.uleb128 0x5
 407 01f9 2A050000 		.4byte	.LASF53
 408 01fd 06       		.byte	0x6
 409 01fe C801     		.2byte	0x1c8
 410 0200 C7010000 		.4byte	0x1c7
 411 0204 0C       		.uleb128 0xc
 412 0205 0C       		.byte	0xc
 413 0206 06       		.byte	0x6
 414 0207 CB01     		.2byte	0x1cb
 415 0209 28020000 		.4byte	0x228
 416 020d 0E       		.uleb128 0xe
 417 020e 81010000 		.4byte	.LASF54
 418 0212 06       		.byte	0x6
 419 0213 CE01     		.2byte	0x1ce
 420 0215 F8010000 		.4byte	0x1f8
 421 0219 00       		.byte	0
 422 021a 0E       		.uleb128 0xe
 423 021b 3D060000 		.4byte	.LASF55
 424 021f 06       		.byte	0x6
 425 0220 D101     		.2byte	0x1d1
 426 0222 BB010000 		.4byte	0x1bb
 427 0226 08       		.byte	0x8
 428 0227 00       		.byte	0
 429 0228 05       		.uleb128 0x5
 430 0229 77060000 		.4byte	.LASF56
 431 022d 06       		.byte	0x6
 432 022e D301     		.2byte	0x1d3
 433 0230 04020000 		.4byte	0x204
 434 0234 05       		.uleb128 0x5
 435 0235 4E000000 		.4byte	.LASF57
 436 0239 07       		.byte	0x7
 437 023a E801     		.2byte	0x1e8
 438 023c C9000000 		.4byte	0xc9
 439 0240 0F       		.uleb128 0xf
 440 0241 CE010000 		.4byte	.LASF59
 441 0245 01       		.byte	0x1
 442 0246 08       		.byte	0x8
 443 0247 0C       		.byte	0xc
 444 0248 53020000 		.4byte	0x253
 445 024c 0B       		.uleb128 0xb
 446 024d 13070000 		.4byte	.LASF58
 447 0251 00       		.sleb128 0
 448 0252 00       		.byte	0
 449 0253 0F       		.uleb128 0xf
 450 0254 B0030000 		.4byte	.LASF60
 451 0258 01       		.byte	0x1
 452 0259 08       		.byte	0x8
 453 025a 11       		.byte	0x11
ARM GAS  C:\Users\Nakio\AppData\Local\Temp\cc8HMMC3.s 			page 10


 454 025b 72020000 		.4byte	0x272
 455 025f 0B       		.uleb128 0xb
 456 0260 95050000 		.4byte	.LASF61
 457 0264 01       		.sleb128 1
 458 0265 0B       		.uleb128 0xb
 459 0266 07050000 		.4byte	.LASF62
 460 026a 02       		.sleb128 2
 461 026b 0B       		.uleb128 0xb
 462 026c CB040000 		.4byte	.LASF63
 463 0270 03       		.sleb128 3
 464 0271 00       		.byte	0
 465 0272 10       		.uleb128 0x10
 466 0273 08010000 		.4byte	.LASF82
 467 0277 01       		.byte	0x1
 468 0278 10       		.byte	0x10
 469 0279 68000000 		.4byte	0x68
 470 027d 00000000 		.4byte	.LFB37
 471 0281 AC000000 		.4byte	.LFE37-.LFB37
 472 0285 01       		.uleb128 0x1
 473 0286 9C       		.byte	0x9c
 474 0287 97030000 		.4byte	0x397
 475 028b 11       		.uleb128 0x11
 476 028c 65020000 		.4byte	.LASF64
 477 0290 01       		.byte	0x1
 478 0291 12       		.byte	0x12
 479 0292 76000000 		.4byte	0x76
 480 0296 11       		.uleb128 0x11
 481 0297 B1000000 		.4byte	.LASF65
 482 029b 01       		.byte	0x1
 483 029c 13       		.byte	0x13
 484 029d 76000000 		.4byte	0x76
 485 02a1 11       		.uleb128 0x11
 486 02a2 87010000 		.4byte	.LASF66
 487 02a6 01       		.byte	0x1
 488 02a7 14       		.byte	0x14
 489 02a8 8D000000 		.4byte	0x8d
 490 02ac 11       		.uleb128 0x11
 491 02ad A8050000 		.4byte	.LASF67
 492 02b1 01       		.byte	0x1
 493 02b2 15       		.byte	0x15
 494 02b3 8D000000 		.4byte	0x8d
 495 02b7 11       		.uleb128 0x11
 496 02b8 74020000 		.4byte	.LASF68
 497 02bc 01       		.byte	0x1
 498 02bd 16       		.byte	0x16
 499 02be 8D000000 		.4byte	0x8d
 500 02c2 11       		.uleb128 0x11
 501 02c3 3D050000 		.4byte	.LASF69
 502 02c7 01       		.byte	0x1
 503 02c8 17       		.byte	0x17
 504 02c9 28020000 		.4byte	0x228
 505 02cd 12       		.uleb128 0x12
 506 02ce CF060000 		.4byte	.LASF70
 507 02d2 01       		.byte	0x1
 508 02d3 1E       		.byte	0x1e
 509 02d4 68000000 		.4byte	0x68
 510 02d8 DE020000 		.4byte	0x2de
ARM GAS  C:\Users\Nakio\AppData\Local\Temp\cc8HMMC3.s 			page 11


 511 02dc 13       		.uleb128 0x13
 512 02dd 00       		.byte	0
 513 02de 14       		.uleb128 0x14
 514 02df 64000000 		.4byte	.LBB2
 515 02e3 48000000 		.4byte	.LBE2-.LBB2
 516 02e7 06030000 		.4byte	0x306
 517 02eb 12       		.uleb128 0x12
 518 02ec 1A050000 		.4byte	.LASF71
 519 02f0 01       		.byte	0x1
 520 02f1 36       		.byte	0x36
 521 02f2 68000000 		.4byte	0x68
 522 02f6 FC020000 		.4byte	0x2fc
 523 02fa 13       		.uleb128 0x13
 524 02fb 00       		.byte	0
 525 02fc 15       		.uleb128 0x15
 526 02fd 68000000 		.4byte	.LVL12
 527 0301 FF030000 		.4byte	0x3ff
 528 0305 00       		.byte	0
 529 0306 16       		.uleb128 0x16
 530 0307 0A000000 		.4byte	.LVL0
 531 030b 10040000 		.4byte	0x410
 532 030f 19030000 		.4byte	0x319
 533 0313 17       		.uleb128 0x17
 534 0314 01       		.uleb128 0x1
 535 0315 50       		.byte	0x50
 536 0316 01       		.uleb128 0x1
 537 0317 31       		.byte	0x31
 538 0318 00       		.byte	0
 539 0319 16       		.uleb128 0x16
 540 031a 10000000 		.4byte	.LVL1
 541 031e 21040000 		.4byte	0x421
 542 0322 2C030000 		.4byte	0x32c
 543 0326 17       		.uleb128 0x17
 544 0327 01       		.uleb128 0x1
 545 0328 50       		.byte	0x50
 546 0329 01       		.uleb128 0x1
 547 032a 31       		.byte	0x31
 548 032b 00       		.byte	0
 549 032c 16       		.uleb128 0x16
 550 032d 16000000 		.4byte	.LVL2
 551 0331 32040000 		.4byte	0x432
 552 0335 3F030000 		.4byte	0x33f
 553 0339 17       		.uleb128 0x17
 554 033a 01       		.uleb128 0x1
 555 033b 50       		.byte	0x50
 556 033c 01       		.uleb128 0x1
 557 033d 31       		.byte	0x31
 558 033e 00       		.byte	0
 559 033f 15       		.uleb128 0x15
 560 0340 1A000000 		.4byte	.LVL3
 561 0344 43040000 		.4byte	0x443
 562 0348 15       		.uleb128 0x15
 563 0349 20000000 		.4byte	.LVL4
 564 034d 54040000 		.4byte	0x454
 565 0351 15       		.uleb128 0x15
 566 0352 24000000 		.4byte	.LVL5
 567 0356 6A040000 		.4byte	0x46a
ARM GAS  C:\Users\Nakio\AppData\Local\Temp\cc8HMMC3.s 			page 12


 568 035a 15       		.uleb128 0x15
 569 035b 30000000 		.4byte	.LVL6
 570 035f 72040000 		.4byte	0x472
 571 0363 15       		.uleb128 0x15
 572 0364 40000000 		.4byte	.LVL7
 573 0368 7F040000 		.4byte	0x47f
 574 036c 15       		.uleb128 0x15
 575 036d 44000000 		.4byte	.LVL8
 576 0371 96040000 		.4byte	0x496
 577 0375 15       		.uleb128 0x15
 578 0376 54000000 		.4byte	.LVL9
 579 037a A1040000 		.4byte	0x4a1
 580 037e 15       		.uleb128 0x15
 581 037f 58000000 		.4byte	.LVL10
 582 0383 96040000 		.4byte	0x496
 583 0387 18       		.uleb128 0x18
 584 0388 62000000 		.4byte	.LVL11
 585 038c 10040000 		.4byte	0x410
 586 0390 17       		.uleb128 0x17
 587 0391 01       		.uleb128 0x1
 588 0392 50       		.byte	0x50
 589 0393 01       		.uleb128 0x1
 590 0394 30       		.byte	0x30
 591 0395 00       		.byte	0
 592 0396 00       		.byte	0
 593 0397 19       		.uleb128 0x19
 594 0398 76000000 		.4byte	0x76
 595 039c A7030000 		.4byte	0x3a7
 596 03a0 1A       		.uleb128 0x1a
 597 03a1 BA000000 		.4byte	0xba
 598 03a5 13       		.byte	0x13
 599 03a6 00       		.byte	0
 600 03a7 11       		.uleb128 0x11
 601 03a8 51020000 		.4byte	.LASF72
 602 03ac 08       		.byte	0x8
 603 03ad 09       		.byte	0x9
 604 03ae 97030000 		.4byte	0x397
 605 03b2 11       		.uleb128 0x11
 606 03b3 BC060000 		.4byte	.LASF73
 607 03b7 08       		.byte	0x8
 608 03b8 0A       		.byte	0xa
 609 03b9 76000000 		.4byte	0x76
 610 03bd 11       		.uleb128 0x11
 611 03be 65020000 		.4byte	.LASF64
 612 03c2 01       		.byte	0x1
 613 03c3 12       		.byte	0x12
 614 03c4 76000000 		.4byte	0x76
 615 03c8 11       		.uleb128 0x11
 616 03c9 B1000000 		.4byte	.LASF65
 617 03cd 01       		.byte	0x1
 618 03ce 13       		.byte	0x13
 619 03cf 76000000 		.4byte	0x76
 620 03d3 11       		.uleb128 0x11
 621 03d4 87010000 		.4byte	.LASF66
 622 03d8 01       		.byte	0x1
 623 03d9 14       		.byte	0x14
 624 03da 8D000000 		.4byte	0x8d
ARM GAS  C:\Users\Nakio\AppData\Local\Temp\cc8HMMC3.s 			page 13


 625 03de 11       		.uleb128 0x11
 626 03df A8050000 		.4byte	.LASF67
 627 03e3 01       		.byte	0x1
 628 03e4 15       		.byte	0x15
 629 03e5 8D000000 		.4byte	0x8d
 630 03e9 11       		.uleb128 0x11
 631 03ea 74020000 		.4byte	.LASF68
 632 03ee 01       		.byte	0x1
 633 03ef 16       		.byte	0x16
 634 03f0 8D000000 		.4byte	0x8d
 635 03f4 11       		.uleb128 0x11
 636 03f5 3D050000 		.4byte	.LASF69
 637 03f9 01       		.byte	0x1
 638 03fa 17       		.byte	0x17
 639 03fb 28020000 		.4byte	0x228
 640 03ff 12       		.uleb128 0x12
 641 0400 1A050000 		.4byte	.LASF71
 642 0404 01       		.byte	0x1
 643 0405 36       		.byte	0x36
 644 0406 68000000 		.4byte	0x68
 645 040a 10040000 		.4byte	0x410
 646 040e 13       		.uleb128 0x13
 647 040f 00       		.byte	0
 648 0410 1B       		.uleb128 0x1b
 649 0411 53070000 		.4byte	.LASF74
 650 0415 09       		.byte	0x9
 651 0416 33       		.byte	0x33
 652 0417 21040000 		.4byte	0x421
 653 041b 09       		.uleb128 0x9
 654 041c 81000000 		.4byte	0x81
 655 0420 00       		.byte	0
 656 0421 1B       		.uleb128 0x1b
 657 0422 A6070000 		.4byte	.LASF75
 658 0426 0A       		.byte	0xa
 659 0427 33       		.byte	0x33
 660 0428 32040000 		.4byte	0x432
 661 042c 09       		.uleb128 0x9
 662 042d 81000000 		.4byte	0x81
 663 0431 00       		.byte	0
 664 0432 1B       		.uleb128 0x1b
 665 0433 79000000 		.4byte	.LASF76
 666 0437 0B       		.byte	0xb
 667 0438 33       		.byte	0x33
 668 0439 43040000 		.4byte	0x443
 669 043d 09       		.uleb128 0x9
 670 043e 81000000 		.4byte	0x81
 671 0442 00       		.byte	0
 672 0443 12       		.uleb128 0x12
 673 0444 CF060000 		.4byte	.LASF70
 674 0448 01       		.byte	0x1
 675 0449 1E       		.byte	0x1e
 676 044a 68000000 		.4byte	0x68
 677 044e 54040000 		.4byte	0x454
 678 0452 13       		.uleb128 0x13
 679 0453 00       		.byte	0
 680 0454 1C       		.uleb128 0x1c
 681 0455 11060000 		.4byte	.LASF83
ARM GAS  C:\Users\Nakio\AppData\Local\Temp\cc8HMMC3.s 			page 14


 682 0459 07       		.byte	0x7
 683 045a 5502     		.2byte	0x255
 684 045c AF010000 		.4byte	0x1af
 685 0460 6A040000 		.4byte	0x46a
 686 0464 09       		.uleb128 0x9
 687 0465 34020000 		.4byte	0x234
 688 0469 00       		.byte	0
 689 046a 1D       		.uleb128 0x1d
 690 046b 96060000 		.4byte	.LASF84
 691 046f 05       		.byte	0x5
 692 0470 8A07     		.2byte	0x78a
 693 0472 1E       		.uleb128 0x1e
 694 0473 AA060000 		.4byte	.LASF85
 695 0477 08       		.byte	0x8
 696 0478 07       		.byte	0x7
 697 0479 7F040000 		.4byte	0x47f
 698 047d 13       		.uleb128 0x13
 699 047e 00       		.byte	0
 700 047f 1B       		.uleb128 0x1b
 701 0480 76050000 		.4byte	.LASF77
 702 0484 0C       		.byte	0xc
 703 0485 07       		.byte	0x7
 704 0486 90040000 		.4byte	0x490
 705 048a 09       		.uleb128 0x9
 706 048b 90040000 		.4byte	0x490
 707 048f 00       		.byte	0
 708 0490 07       		.uleb128 0x7
 709 0491 04       		.byte	0x4
 710 0492 76000000 		.4byte	0x76
 711 0496 1F       		.uleb128 0x1f
 712 0497 A8000000 		.4byte	.LASF86
 713 049b 0D       		.byte	0xd
 714 049c 32       		.byte	0x32
 715 049d 81000000 		.4byte	0x81
 716 04a1 20       		.uleb128 0x20
 717 04a2 33030000 		.4byte	.LASF78
 718 04a6 07       		.byte	0x7
 719 04a7 6502     		.2byte	0x265
 720 04a9 AF010000 		.4byte	0x1af
 721 04ad 09       		.uleb128 0x9
 722 04ae 81000000 		.4byte	0x81
 723 04b2 00       		.byte	0
 724 04b3 00       		.byte	0
 725              		.section	.debug_abbrev,"",%progbits
 726              	.Ldebug_abbrev0:
 727 0000 01       		.uleb128 0x1
 728 0001 11       		.uleb128 0x11
 729 0002 01       		.byte	0x1
 730 0003 25       		.uleb128 0x25
 731 0004 0E       		.uleb128 0xe
 732 0005 13       		.uleb128 0x13
 733 0006 0B       		.uleb128 0xb
 734 0007 03       		.uleb128 0x3
 735 0008 0E       		.uleb128 0xe
 736 0009 1B       		.uleb128 0x1b
 737 000a 0E       		.uleb128 0xe
 738 000b 55       		.uleb128 0x55
ARM GAS  C:\Users\Nakio\AppData\Local\Temp\cc8HMMC3.s 			page 15


 739 000c 17       		.uleb128 0x17
 740 000d 11       		.uleb128 0x11
 741 000e 01       		.uleb128 0x1
 742 000f 10       		.uleb128 0x10
 743 0010 17       		.uleb128 0x17
 744 0011 00       		.byte	0
 745 0012 00       		.byte	0
 746 0013 02       		.uleb128 0x2
 747 0014 24       		.uleb128 0x24
 748 0015 00       		.byte	0
 749 0016 0B       		.uleb128 0xb
 750 0017 0B       		.uleb128 0xb
 751 0018 3E       		.uleb128 0x3e
 752 0019 0B       		.uleb128 0xb
 753 001a 03       		.uleb128 0x3
 754 001b 0E       		.uleb128 0xe
 755 001c 00       		.byte	0
 756 001d 00       		.byte	0
 757 001e 03       		.uleb128 0x3
 758 001f 16       		.uleb128 0x16
 759 0020 00       		.byte	0
 760 0021 03       		.uleb128 0x3
 761 0022 0E       		.uleb128 0xe
 762 0023 3A       		.uleb128 0x3a
 763 0024 0B       		.uleb128 0xb
 764 0025 3B       		.uleb128 0x3b
 765 0026 0B       		.uleb128 0xb
 766 0027 49       		.uleb128 0x49
 767 0028 13       		.uleb128 0x13
 768 0029 00       		.byte	0
 769 002a 00       		.byte	0
 770 002b 04       		.uleb128 0x4
 771 002c 24       		.uleb128 0x24
 772 002d 00       		.byte	0
 773 002e 0B       		.uleb128 0xb
 774 002f 0B       		.uleb128 0xb
 775 0030 3E       		.uleb128 0x3e
 776 0031 0B       		.uleb128 0xb
 777 0032 03       		.uleb128 0x3
 778 0033 08       		.uleb128 0x8
 779 0034 00       		.byte	0
 780 0035 00       		.byte	0
 781 0036 05       		.uleb128 0x5
 782 0037 16       		.uleb128 0x16
 783 0038 00       		.byte	0
 784 0039 03       		.uleb128 0x3
 785 003a 0E       		.uleb128 0xe
 786 003b 3A       		.uleb128 0x3a
 787 003c 0B       		.uleb128 0xb
 788 003d 3B       		.uleb128 0x3b
 789 003e 05       		.uleb128 0x5
 790 003f 49       		.uleb128 0x49
 791 0040 13       		.uleb128 0x13
 792 0041 00       		.byte	0
 793 0042 00       		.byte	0
 794 0043 06       		.uleb128 0x6
 795 0044 0F       		.uleb128 0xf
ARM GAS  C:\Users\Nakio\AppData\Local\Temp\cc8HMMC3.s 			page 16


 796 0045 00       		.byte	0
 797 0046 0B       		.uleb128 0xb
 798 0047 0B       		.uleb128 0xb
 799 0048 00       		.byte	0
 800 0049 00       		.byte	0
 801 004a 07       		.uleb128 0x7
 802 004b 0F       		.uleb128 0xf
 803 004c 00       		.byte	0
 804 004d 0B       		.uleb128 0xb
 805 004e 0B       		.uleb128 0xb
 806 004f 49       		.uleb128 0x49
 807 0050 13       		.uleb128 0x13
 808 0051 00       		.byte	0
 809 0052 00       		.byte	0
 810 0053 08       		.uleb128 0x8
 811 0054 15       		.uleb128 0x15
 812 0055 01       		.byte	0x1
 813 0056 27       		.uleb128 0x27
 814 0057 19       		.uleb128 0x19
 815 0058 01       		.uleb128 0x1
 816 0059 13       		.uleb128 0x13
 817 005a 00       		.byte	0
 818 005b 00       		.byte	0
 819 005c 09       		.uleb128 0x9
 820 005d 05       		.uleb128 0x5
 821 005e 00       		.byte	0
 822 005f 49       		.uleb128 0x49
 823 0060 13       		.uleb128 0x13
 824 0061 00       		.byte	0
 825 0062 00       		.byte	0
 826 0063 0A       		.uleb128 0xa
 827 0064 04       		.uleb128 0x4
 828 0065 01       		.byte	0x1
 829 0066 0B       		.uleb128 0xb
 830 0067 0B       		.uleb128 0xb
 831 0068 3A       		.uleb128 0x3a
 832 0069 0B       		.uleb128 0xb
 833 006a 3B       		.uleb128 0x3b
 834 006b 05       		.uleb128 0x5
 835 006c 01       		.uleb128 0x1
 836 006d 13       		.uleb128 0x13
 837 006e 00       		.byte	0
 838 006f 00       		.byte	0
 839 0070 0B       		.uleb128 0xb
 840 0071 28       		.uleb128 0x28
 841 0072 00       		.byte	0
 842 0073 03       		.uleb128 0x3
 843 0074 0E       		.uleb128 0xe
 844 0075 1C       		.uleb128 0x1c
 845 0076 0D       		.uleb128 0xd
 846 0077 00       		.byte	0
 847 0078 00       		.byte	0
 848 0079 0C       		.uleb128 0xc
 849 007a 13       		.uleb128 0x13
 850 007b 01       		.byte	0x1
 851 007c 0B       		.uleb128 0xb
 852 007d 0B       		.uleb128 0xb
ARM GAS  C:\Users\Nakio\AppData\Local\Temp\cc8HMMC3.s 			page 17


 853 007e 3A       		.uleb128 0x3a
 854 007f 0B       		.uleb128 0xb
 855 0080 3B       		.uleb128 0x3b
 856 0081 05       		.uleb128 0x5
 857 0082 01       		.uleb128 0x1
 858 0083 13       		.uleb128 0x13
 859 0084 00       		.byte	0
 860 0085 00       		.byte	0
 861 0086 0D       		.uleb128 0xd
 862 0087 0D       		.uleb128 0xd
 863 0088 00       		.byte	0
 864 0089 03       		.uleb128 0x3
 865 008a 08       		.uleb128 0x8
 866 008b 3A       		.uleb128 0x3a
 867 008c 0B       		.uleb128 0xb
 868 008d 3B       		.uleb128 0x3b
 869 008e 05       		.uleb128 0x5
 870 008f 49       		.uleb128 0x49
 871 0090 13       		.uleb128 0x13
 872 0091 38       		.uleb128 0x38
 873 0092 0B       		.uleb128 0xb
 874 0093 00       		.byte	0
 875 0094 00       		.byte	0
 876 0095 0E       		.uleb128 0xe
 877 0096 0D       		.uleb128 0xd
 878 0097 00       		.byte	0
 879 0098 03       		.uleb128 0x3
 880 0099 0E       		.uleb128 0xe
 881 009a 3A       		.uleb128 0x3a
 882 009b 0B       		.uleb128 0xb
 883 009c 3B       		.uleb128 0x3b
 884 009d 05       		.uleb128 0x5
 885 009e 49       		.uleb128 0x49
 886 009f 13       		.uleb128 0x13
 887 00a0 38       		.uleb128 0x38
 888 00a1 0B       		.uleb128 0xb
 889 00a2 00       		.byte	0
 890 00a3 00       		.byte	0
 891 00a4 0F       		.uleb128 0xf
 892 00a5 04       		.uleb128 0x4
 893 00a6 01       		.byte	0x1
 894 00a7 03       		.uleb128 0x3
 895 00a8 0E       		.uleb128 0xe
 896 00a9 0B       		.uleb128 0xb
 897 00aa 0B       		.uleb128 0xb
 898 00ab 3A       		.uleb128 0x3a
 899 00ac 0B       		.uleb128 0xb
 900 00ad 3B       		.uleb128 0x3b
 901 00ae 0B       		.uleb128 0xb
 902 00af 01       		.uleb128 0x1
 903 00b0 13       		.uleb128 0x13
 904 00b1 00       		.byte	0
 905 00b2 00       		.byte	0
 906 00b3 10       		.uleb128 0x10
 907 00b4 2E       		.uleb128 0x2e
 908 00b5 01       		.byte	0x1
 909 00b6 3F       		.uleb128 0x3f
ARM GAS  C:\Users\Nakio\AppData\Local\Temp\cc8HMMC3.s 			page 18


 910 00b7 19       		.uleb128 0x19
 911 00b8 03       		.uleb128 0x3
 912 00b9 0E       		.uleb128 0xe
 913 00ba 3A       		.uleb128 0x3a
 914 00bb 0B       		.uleb128 0xb
 915 00bc 3B       		.uleb128 0x3b
 916 00bd 0B       		.uleb128 0xb
 917 00be 49       		.uleb128 0x49
 918 00bf 13       		.uleb128 0x13
 919 00c0 11       		.uleb128 0x11
 920 00c1 01       		.uleb128 0x1
 921 00c2 12       		.uleb128 0x12
 922 00c3 06       		.uleb128 0x6
 923 00c4 40       		.uleb128 0x40
 924 00c5 18       		.uleb128 0x18
 925 00c6 9742     		.uleb128 0x2117
 926 00c8 19       		.uleb128 0x19
 927 00c9 01       		.uleb128 0x1
 928 00ca 13       		.uleb128 0x13
 929 00cb 00       		.byte	0
 930 00cc 00       		.byte	0
 931 00cd 11       		.uleb128 0x11
 932 00ce 34       		.uleb128 0x34
 933 00cf 00       		.byte	0
 934 00d0 03       		.uleb128 0x3
 935 00d1 0E       		.uleb128 0xe
 936 00d2 3A       		.uleb128 0x3a
 937 00d3 0B       		.uleb128 0xb
 938 00d4 3B       		.uleb128 0x3b
 939 00d5 0B       		.uleb128 0xb
 940 00d6 49       		.uleb128 0x49
 941 00d7 13       		.uleb128 0x13
 942 00d8 3F       		.uleb128 0x3f
 943 00d9 19       		.uleb128 0x19
 944 00da 3C       		.uleb128 0x3c
 945 00db 19       		.uleb128 0x19
 946 00dc 00       		.byte	0
 947 00dd 00       		.byte	0
 948 00de 12       		.uleb128 0x12
 949 00df 2E       		.uleb128 0x2e
 950 00e0 01       		.byte	0x1
 951 00e1 3F       		.uleb128 0x3f
 952 00e2 19       		.uleb128 0x19
 953 00e3 03       		.uleb128 0x3
 954 00e4 0E       		.uleb128 0xe
 955 00e5 3A       		.uleb128 0x3a
 956 00e6 0B       		.uleb128 0xb
 957 00e7 3B       		.uleb128 0x3b
 958 00e8 0B       		.uleb128 0xb
 959 00e9 49       		.uleb128 0x49
 960 00ea 13       		.uleb128 0x13
 961 00eb 3C       		.uleb128 0x3c
 962 00ec 19       		.uleb128 0x19
 963 00ed 01       		.uleb128 0x1
 964 00ee 13       		.uleb128 0x13
 965 00ef 00       		.byte	0
 966 00f0 00       		.byte	0
ARM GAS  C:\Users\Nakio\AppData\Local\Temp\cc8HMMC3.s 			page 19


 967 00f1 13       		.uleb128 0x13
 968 00f2 18       		.uleb128 0x18
 969 00f3 00       		.byte	0
 970 00f4 00       		.byte	0
 971 00f5 00       		.byte	0
 972 00f6 14       		.uleb128 0x14
 973 00f7 0B       		.uleb128 0xb
 974 00f8 01       		.byte	0x1
 975 00f9 11       		.uleb128 0x11
 976 00fa 01       		.uleb128 0x1
 977 00fb 12       		.uleb128 0x12
 978 00fc 06       		.uleb128 0x6
 979 00fd 01       		.uleb128 0x1
 980 00fe 13       		.uleb128 0x13
 981 00ff 00       		.byte	0
 982 0100 00       		.byte	0
 983 0101 15       		.uleb128 0x15
 984 0102 898201   		.uleb128 0x4109
 985 0105 00       		.byte	0
 986 0106 11       		.uleb128 0x11
 987 0107 01       		.uleb128 0x1
 988 0108 31       		.uleb128 0x31
 989 0109 13       		.uleb128 0x13
 990 010a 00       		.byte	0
 991 010b 00       		.byte	0
 992 010c 16       		.uleb128 0x16
 993 010d 898201   		.uleb128 0x4109
 994 0110 01       		.byte	0x1
 995 0111 11       		.uleb128 0x11
 996 0112 01       		.uleb128 0x1
 997 0113 31       		.uleb128 0x31
 998 0114 13       		.uleb128 0x13
 999 0115 01       		.uleb128 0x1
 1000 0116 13       		.uleb128 0x13
 1001 0117 00       		.byte	0
 1002 0118 00       		.byte	0
 1003 0119 17       		.uleb128 0x17
 1004 011a 8A8201   		.uleb128 0x410a
 1005 011d 00       		.byte	0
 1006 011e 02       		.uleb128 0x2
 1007 011f 18       		.uleb128 0x18
 1008 0120 9142     		.uleb128 0x2111
 1009 0122 18       		.uleb128 0x18
 1010 0123 00       		.byte	0
 1011 0124 00       		.byte	0
 1012 0125 18       		.uleb128 0x18
 1013 0126 898201   		.uleb128 0x4109
 1014 0129 01       		.byte	0x1
 1015 012a 11       		.uleb128 0x11
 1016 012b 01       		.uleb128 0x1
 1017 012c 31       		.uleb128 0x31
 1018 012d 13       		.uleb128 0x13
 1019 012e 00       		.byte	0
 1020 012f 00       		.byte	0
 1021 0130 19       		.uleb128 0x19
 1022 0131 01       		.uleb128 0x1
 1023 0132 01       		.byte	0x1
ARM GAS  C:\Users\Nakio\AppData\Local\Temp\cc8HMMC3.s 			page 20


 1024 0133 49       		.uleb128 0x49
 1025 0134 13       		.uleb128 0x13
 1026 0135 01       		.uleb128 0x1
 1027 0136 13       		.uleb128 0x13
 1028 0137 00       		.byte	0
 1029 0138 00       		.byte	0
 1030 0139 1A       		.uleb128 0x1a
 1031 013a 21       		.uleb128 0x21
 1032 013b 00       		.byte	0
 1033 013c 49       		.uleb128 0x49
 1034 013d 13       		.uleb128 0x13
 1035 013e 2F       		.uleb128 0x2f
 1036 013f 0B       		.uleb128 0xb
 1037 0140 00       		.byte	0
 1038 0141 00       		.byte	0
 1039 0142 1B       		.uleb128 0x1b
 1040 0143 2E       		.uleb128 0x2e
 1041 0144 01       		.byte	0x1
 1042 0145 3F       		.uleb128 0x3f
 1043 0146 19       		.uleb128 0x19
 1044 0147 03       		.uleb128 0x3
 1045 0148 0E       		.uleb128 0xe
 1046 0149 3A       		.uleb128 0x3a
 1047 014a 0B       		.uleb128 0xb
 1048 014b 3B       		.uleb128 0x3b
 1049 014c 0B       		.uleb128 0xb
 1050 014d 27       		.uleb128 0x27
 1051 014e 19       		.uleb128 0x19
 1052 014f 3C       		.uleb128 0x3c
 1053 0150 19       		.uleb128 0x19
 1054 0151 01       		.uleb128 0x1
 1055 0152 13       		.uleb128 0x13
 1056 0153 00       		.byte	0
 1057 0154 00       		.byte	0
 1058 0155 1C       		.uleb128 0x1c
 1059 0156 2E       		.uleb128 0x2e
 1060 0157 01       		.byte	0x1
 1061 0158 3F       		.uleb128 0x3f
 1062 0159 19       		.uleb128 0x19
 1063 015a 03       		.uleb128 0x3
 1064 015b 0E       		.uleb128 0xe
 1065 015c 3A       		.uleb128 0x3a
 1066 015d 0B       		.uleb128 0xb
 1067 015e 3B       		.uleb128 0x3b
 1068 015f 05       		.uleb128 0x5
 1069 0160 27       		.uleb128 0x27
 1070 0161 19       		.uleb128 0x19
 1071 0162 49       		.uleb128 0x49
 1072 0163 13       		.uleb128 0x13
 1073 0164 3C       		.uleb128 0x3c
 1074 0165 19       		.uleb128 0x19
 1075 0166 01       		.uleb128 0x1
 1076 0167 13       		.uleb128 0x13
 1077 0168 00       		.byte	0
 1078 0169 00       		.byte	0
 1079 016a 1D       		.uleb128 0x1d
 1080 016b 2E       		.uleb128 0x2e
ARM GAS  C:\Users\Nakio\AppData\Local\Temp\cc8HMMC3.s 			page 21


 1081 016c 00       		.byte	0
 1082 016d 3F       		.uleb128 0x3f
 1083 016e 19       		.uleb128 0x19
 1084 016f 03       		.uleb128 0x3
 1085 0170 0E       		.uleb128 0xe
 1086 0171 3A       		.uleb128 0x3a
 1087 0172 0B       		.uleb128 0xb
 1088 0173 3B       		.uleb128 0x3b
 1089 0174 05       		.uleb128 0x5
 1090 0175 27       		.uleb128 0x27
 1091 0176 19       		.uleb128 0x19
 1092 0177 3C       		.uleb128 0x3c
 1093 0178 19       		.uleb128 0x19
 1094 0179 00       		.byte	0
 1095 017a 00       		.byte	0
 1096 017b 1E       		.uleb128 0x1e
 1097 017c 2E       		.uleb128 0x2e
 1098 017d 01       		.byte	0x1
 1099 017e 3F       		.uleb128 0x3f
 1100 017f 19       		.uleb128 0x19
 1101 0180 03       		.uleb128 0x3
 1102 0181 0E       		.uleb128 0xe
 1103 0182 3A       		.uleb128 0x3a
 1104 0183 0B       		.uleb128 0xb
 1105 0184 3B       		.uleb128 0x3b
 1106 0185 0B       		.uleb128 0xb
 1107 0186 3C       		.uleb128 0x3c
 1108 0187 19       		.uleb128 0x19
 1109 0188 01       		.uleb128 0x1
 1110 0189 13       		.uleb128 0x13
 1111 018a 00       		.byte	0
 1112 018b 00       		.byte	0
 1113 018c 1F       		.uleb128 0x1f
 1114 018d 2E       		.uleb128 0x2e
 1115 018e 00       		.byte	0
 1116 018f 3F       		.uleb128 0x3f
 1117 0190 19       		.uleb128 0x19
 1118 0191 03       		.uleb128 0x3
 1119 0192 0E       		.uleb128 0xe
 1120 0193 3A       		.uleb128 0x3a
 1121 0194 0B       		.uleb128 0xb
 1122 0195 3B       		.uleb128 0x3b
 1123 0196 0B       		.uleb128 0xb
 1124 0197 27       		.uleb128 0x27
 1125 0198 19       		.uleb128 0x19
 1126 0199 49       		.uleb128 0x49
 1127 019a 13       		.uleb128 0x13
 1128 019b 3C       		.uleb128 0x3c
 1129 019c 19       		.uleb128 0x19
 1130 019d 00       		.byte	0
 1131 019e 00       		.byte	0
 1132 019f 20       		.uleb128 0x20
 1133 01a0 2E       		.uleb128 0x2e
 1134 01a1 01       		.byte	0x1
 1135 01a2 3F       		.uleb128 0x3f
 1136 01a3 19       		.uleb128 0x19
 1137 01a4 03       		.uleb128 0x3
ARM GAS  C:\Users\Nakio\AppData\Local\Temp\cc8HMMC3.s 			page 22


 1138 01a5 0E       		.uleb128 0xe
 1139 01a6 3A       		.uleb128 0x3a
 1140 01a7 0B       		.uleb128 0xb
 1141 01a8 3B       		.uleb128 0x3b
 1142 01a9 05       		.uleb128 0x5
 1143 01aa 27       		.uleb128 0x27
 1144 01ab 19       		.uleb128 0x19
 1145 01ac 49       		.uleb128 0x49
 1146 01ad 13       		.uleb128 0x13
 1147 01ae 3C       		.uleb128 0x3c
 1148 01af 19       		.uleb128 0x19
 1149 01b0 00       		.byte	0
 1150 01b1 00       		.byte	0
 1151 01b2 00       		.byte	0
 1152              		.section	.debug_aranges,"",%progbits
 1153 0000 1C000000 		.4byte	0x1c
 1154 0004 0200     		.2byte	0x2
 1155 0006 00000000 		.4byte	.Ldebug_info0
 1156 000a 04       		.byte	0x4
 1157 000b 00       		.byte	0
 1158 000c 0000     		.2byte	0
 1159 000e 0000     		.2byte	0
 1160 0010 00000000 		.4byte	.LFB37
 1161 0014 AC000000 		.4byte	.LFE37-.LFB37
 1162 0018 00000000 		.4byte	0
 1163 001c 00000000 		.4byte	0
 1164              		.section	.debug_ranges,"",%progbits
 1165              	.Ldebug_ranges0:
 1166 0000 00000000 		.4byte	.LFB37
 1167 0004 AC000000 		.4byte	.LFE37
 1168 0008 00000000 		.4byte	0
 1169 000c 00000000 		.4byte	0
 1170              		.section	.debug_line,"",%progbits
 1171              	.Ldebug_line0:
 1172 0000 E8010000 		.section	.debug_str,"MS",%progbits,1
 1172      0200B901 
 1172      00000201 
 1172      FB0E0D00 
 1172      01010101 
 1173              	.LASF33:
 1174 0000 4359424C 		.ascii	"CYBLE_ERROR_L2CAP_PSM_NOT_REGISTERED\000"
 1174      455F4552 
 1174      524F525F 
 1174      4C324341 
 1174      505F5053 
 1175              	.LASF32:
 1176 0025 4359424C 		.ascii	"CYBLE_ERROR_L2CAP_PSM_ALREADY_REGISTERED\000"
 1176      455F4552 
 1176      524F525F 
 1176      4C324341 
 1176      505F5053 
 1177              	.LASF57:
 1178 004e 4359424C 		.ascii	"CYBLE_CALLBACK_T\000"
 1178      455F4341 
 1178      4C4C4241 
 1178      434B5F54 
 1178      00
ARM GAS  C:\Users\Nakio\AppData\Local\Temp\cc8HMMC3.s 			page 23


 1179              	.LASF28:
 1180 005f 4359424C 		.ascii	"CYBLE_ERROR_TX_POWER_READ\000"
 1180      455F4552 
 1180      524F525F 
 1180      54585F50 
 1180      4F574552 
 1181              	.LASF76:
 1182 0079 4C45445F 		.ascii	"LED_B_Write\000"
 1182      425F5772 
 1182      69746500 
 1183              	.LASF36:
 1184 0085 4359424C 		.ascii	"CYBLE_ERROR_L2CAP_PSM_NOT_IN_RANGE\000"
 1184      455F4552 
 1184      524F525F 
 1184      4C324341 
 1184      505F5053 
 1185              	.LASF86:
 1186 00a8 42544E5F 		.ascii	"BTN_Read\000"
 1186      52656164 
 1186      00
 1187              	.LASF65:
 1188 00b1 64657669 		.ascii	"deviceConnected\000"
 1188      6365436F 
 1188      6E6E6563 
 1188      74656400 
 1189              	.LASF2:
 1190 00c1 73686F72 		.ascii	"short int\000"
 1190      7420696E 
 1190      7400
 1191              	.LASF17:
 1192 00cb 73697A65 		.ascii	"sizetype\000"
 1192      74797065 
 1192      00
 1193              	.LASF18:
 1194 00d4 4359424C 		.ascii	"CYBLE_ERROR_OK\000"
 1194      455F4552 
 1194      524F525F 
 1194      4F4B00
 1195              	.LASF39:
 1196 00e3 4359424C 		.ascii	"CYBLE_ERROR_FLASH_WRITE_NOT_PERMITED\000"
 1196      455F4552 
 1196      524F525F 
 1196      464C4153 
 1196      485F5752 
 1197              	.LASF82:
 1198 0108 6D61696E 		.ascii	"main\000"
 1198      00
 1199              	.LASF40:
 1200 010d 4359424C 		.ascii	"CYBLE_ERROR_MIC_AUTH_FAILED\000"
 1200      455F4552 
 1200      524F525F 
 1200      4D49435F 
 1200      41555448 
 1201              	.LASF51:
 1202 0129 4359424C 		.ascii	"CYBLE_GATT_DB_ATTR_HANDLE_T\000"
 1202      455F4741 
 1202      54545F44 
ARM GAS  C:\Users\Nakio\AppData\Local\Temp\cc8HMMC3.s 			page 24


 1202      425F4154 
 1202      54525F48 
 1203              	.LASF19:
 1204 0145 4359424C 		.ascii	"CYBLE_ERROR_INVALID_PARAMETER\000"
 1204      455F4552 
 1204      524F525F 
 1204      494E5641 
 1204      4C49445F 
 1205              	.LASF23:
 1206 0163 4359424C 		.ascii	"CYBLE_ERROR_OOB_NOT_AVAILABLE\000"
 1206      455F4552 
 1206      524F525F 
 1206      4F4F425F 
 1206      4E4F545F 
 1207              	.LASF54:
 1208 0181 76616C75 		.ascii	"value\000"
 1208      6500
 1209              	.LASF66:
 1210 0187 5443535F 		.ascii	"TCS_Red\000"
 1210      52656400 
 1211              	.LASF20:
 1212 018f 4359424C 		.ascii	"CYBLE_ERROR_INVALID_OPERATION\000"
 1212      455F4552 
 1212      524F525F 
 1212      494E5641 
 1212      4C49445F 
 1213              	.LASF10:
 1214 01ad 75696E74 		.ascii	"uint8_t\000"
 1214      385F7400 
 1215              	.LASF11:
 1216 01b5 75696E74 		.ascii	"uint8\000"
 1216      3800
 1217              	.LASF50:
 1218 01bb 4359424C 		.ascii	"CYBLE_API_RESULT_T\000"
 1218      455F4150 
 1218      495F5245 
 1218      53554C54 
 1218      5F5400
 1219              	.LASF59:
 1220 01ce 416E7942 		.ascii	"AnyBoard_Protocol\000"
 1220      6F617264 
 1220      5F50726F 
 1220      746F636F 
 1220      6C00
 1221              	.LASF24:
 1222 01e0 4359424C 		.ascii	"CYBLE_ERROR_NO_CONNECTION\000"
 1222      455F4552 
 1222      524F525F 
 1222      4E4F5F43 
 1222      4F4E4E45 
 1223              	.LASF22:
 1224 01fa 4359424C 		.ascii	"CYBLE_ERROR_INSUFFICIENT_RESOURCES\000"
 1224      455F4552 
 1224      524F525F 
 1224      494E5355 
 1224      46464943 
 1225              	.LASF14:
ARM GAS  C:\Users\Nakio\AppData\Local\Temp\cc8HMMC3.s 			page 25


 1226 021d 666C6F61 		.ascii	"float\000"
 1226      7400
 1227              	.LASF6:
 1228 0223 6C6F6E67 		.ascii	"long long int\000"
 1228      206C6F6E 
 1228      6720696E 
 1228      7400
 1229              	.LASF29:
 1230 0231 4359424C 		.ascii	"CYBLE_ERROR_BT_ON_NOT_COMPLETED\000"
 1230      455F4552 
 1230      524F525F 
 1230      42545F4F 
 1230      4E5F4E4F 
 1231              	.LASF72:
 1232 0251 424C455F 		.ascii	"BLE_Buffer\000"
 1232      42756666 
 1232      657200
 1233              	.LASF4:
 1234 025c 6C6F6E67 		.ascii	"long int\000"
 1234      20696E74 
 1234      00
 1235              	.LASF64:
 1236 0265 4E656564 		.ascii	"NeedProcessing\000"
 1236      50726F63 
 1236      65737369 
 1236      6E6700
 1237              	.LASF68:
 1238 0274 5443535F 		.ascii	"TCS_Blue\000"
 1238      426C7565 
 1238      00
 1239              	.LASF9:
 1240 027d 5F5F7569 		.ascii	"__uint8_t\000"
 1240      6E74385F 
 1240      7400
 1241              	.LASF26:
 1242 0287 4359424C 		.ascii	"CYBLE_ERROR_REPEATED_ATTEMPTS\000"
 1242      455F4552 
 1242      524F525F 
 1242      52455045 
 1242      41544544 
 1243              	.LASF79:
 1244 02a5 474E5520 		.ascii	"GNU C 4.9.3 20150303 (release) [ARM/embedded-4_9-br"
 1244      4320342E 
 1244      392E3320 
 1244      32303135 
 1244      30333033 
 1245 02d8 616E6368 		.ascii	"anch revision 221220] -mcpu=cortex-m0 -mthumb -g -O"
 1245      20726576 
 1245      6973696F 
 1245      6E203232 
 1245      31323230 
 1246 030b 67202D66 		.ascii	"g -ffunction-sections -ffat-lto-objects\000"
 1246      66756E63 
 1246      74696F6E 
 1246      2D736563 
 1246      74696F6E 
 1247              	.LASF78:
ARM GAS  C:\Users\Nakio\AppData\Local\Temp\cc8HMMC3.s 			page 26


 1248 0333 4379426C 		.ascii	"CyBle_GappStartAdvertisement\000"
 1248      655F4761 
 1248      70705374 
 1248      61727441 
 1248      64766572 
 1249              	.LASF25:
 1250 0350 4359424C 		.ascii	"CYBLE_ERROR_NO_DEVICE_ENTITY\000"
 1250      455F4552 
 1250      524F525F 
 1250      4E4F5F44 
 1250      45564943 
 1251              	.LASF41:
 1252 036d 4359424C 		.ascii	"CYBLE_ERROR_HARDWARE_FAILURE\000"
 1252      455F4552 
 1252      524F525F 
 1252      48415244 
 1252      57415245 
 1253              	.LASF1:
 1254 038a 756E7369 		.ascii	"unsigned char\000"
 1254      676E6564 
 1254      20636861 
 1254      7200
 1255              	.LASF43:
 1256 0398 4359424C 		.ascii	"CYBLE_ERROR_FLASH_WRITE\000"
 1256      455F4552 
 1256      524F525F 
 1256      464C4153 
 1256      485F5752 
 1257              	.LASF60:
 1258 03b0 416E7942 		.ascii	"AnyBoard_GET_COLOR\000"
 1258      6F617264 
 1258      5F474554 
 1258      5F434F4C 
 1258      4F5200
 1259              	.LASF0:
 1260 03c3 7369676E 		.ascii	"signed char\000"
 1260      65642063 
 1260      68617200 
 1261              	.LASF7:
 1262 03cf 6C6F6E67 		.ascii	"long long unsigned int\000"
 1262      206C6F6E 
 1262      6720756E 
 1262      7369676E 
 1262      65642069 
 1263              	.LASF30:
 1264 03e6 4359424C 		.ascii	"CYBLE_ERROR_SEC_FAILED\000"
 1264      455F4552 
 1264      524F525F 
 1264      5345435F 
 1264      4641494C 
 1265              	.LASF27:
 1266 03fd 4359424C 		.ascii	"CYBLE_ERROR_GAP_ROLE\000"
 1266      455F4552 
 1266      524F525F 
 1266      4741505F 
 1266      524F4C45 
 1267              	.LASF8:
ARM GAS  C:\Users\Nakio\AppData\Local\Temp\cc8HMMC3.s 			page 27


 1268 0412 756E7369 		.ascii	"unsigned int\000"
 1268      676E6564 
 1268      20696E74 
 1268      00
 1269              	.LASF31:
 1270 041f 4359424C 		.ascii	"CYBLE_ERROR_L2CAP_PSM_WRONG_ENCODING\000"
 1270      455F4552 
 1270      524F525F 
 1270      4C324341 
 1270      505F5053 
 1271              	.LASF81:
 1272 0444 443A5C50 		.ascii	"D:\\Programmation\\JS\\AnyBoardJS\\firmware\\CyPawn"
 1272      726F6772 
 1272      616D6D61 
 1272      74696F6E 
 1272      5C4A535C 
 1273 0472 5C506177 		.ascii	"\\Pawn_PSoC4200\\Pawn_PSoC4200.cydsn\000"
 1273      6E5F5053 
 1273      6F433432 
 1273      30305C50 
 1273      61776E5F 
 1274              	.LASF48:
 1275 0495 4359424C 		.ascii	"CYBLE_ERROR_CHAR_IS_NOT_DISCOVERED\000"
 1275      455F4552 
 1275      524F525F 
 1275      43484152 
 1275      5F49535F 
 1276              	.LASF3:
 1277 04b8 73686F72 		.ascii	"short unsigned int\000"
 1277      7420756E 
 1277      7369676E 
 1277      65642069 
 1277      6E7400
 1278              	.LASF63:
 1279 04cb 50415241 		.ascii	"PARAM_GET_COLOR__B\000"
 1279      4D5F4745 
 1279      545F434F 
 1279      4C4F525F 
 1279      5F4200
 1280              	.LASF35:
 1281 04de 4359424C 		.ascii	"CYBLE_ERROR_L2CAP_CHANNEL_NOT_FOUND\000"
 1281      455F4552 
 1281      524F525F 
 1281      4C324341 
 1281      505F4348 
 1282              	.LASF16:
 1283 0502 63686172 		.ascii	"char\000"
 1283      00
 1284              	.LASF62:
 1285 0507 50415241 		.ascii	"PARAM_GET_COLOR__G\000"
 1285      4D5F4745 
 1285      545F434F 
 1285      4C4F525F 
 1285      5F4700
 1286              	.LASF71:
 1287 051a 5443535F 		.ascii	"TCS_ReadRawData\000"
 1287      52656164 
ARM GAS  C:\Users\Nakio\AppData\Local\Temp\cc8HMMC3.s 			page 28


 1287      52617744 
 1287      61746100 
 1288              	.LASF53:
 1289 052a 4359424C 		.ascii	"CYBLE_GATT_VALUE_T\000"
 1289      455F4741 
 1289      54545F56 
 1289      414C5545 
 1289      5F5400
 1290              	.LASF69:
 1291 053d 53657269 		.ascii	"SerialNotificationCCCDhandle\000"
 1291      616C4E6F 
 1291      74696669 
 1291      63617469 
 1291      6F6E4343 
 1292              	.LASF44:
 1293 055a 4359424C 		.ascii	"CYBLE_ERROR_CONTROLLER_BUSY\000"
 1293      455F4552 
 1293      524F525F 
 1293      434F4E54 
 1293      524F4C4C 
 1294              	.LASF77:
 1295 0576 53656E64 		.ascii	"SendDataOverSerialNotification\000"
 1295      44617461 
 1295      4F766572 
 1295      53657269 
 1295      616C4E6F 
 1296              	.LASF61:
 1297 0595 50415241 		.ascii	"PARAM_GET_COLOR__R\000"
 1297      4D5F4745 
 1297      545F434F 
 1297      4C4F525F 
 1297      5F5200
 1298              	.LASF67:
 1299 05a8 5443535F 		.ascii	"TCS_Green\000"
 1299      47726565 
 1299      6E00
 1300              	.LASF21:
 1301 05b2 4359424C 		.ascii	"CYBLE_ERROR_MEMORY_ALLOCATION_FAILED\000"
 1301      455F4552 
 1301      524F525F 
 1301      4D454D4F 
 1301      52595F41 
 1302              	.LASF42:
 1303 05d7 4359424C 		.ascii	"CYBLE_ERROR_UNSUPPORTED_FEATURE_OR_PARAMETER_VALUE\000"
 1303      455F4552 
 1303      524F525F 
 1303      554E5355 
 1303      50504F52 
 1304              	.LASF12:
 1305 060a 75696E74 		.ascii	"uint16\000"
 1305      313600
 1306              	.LASF83:
 1307 0611 4379426C 		.ascii	"CyBle_Start\000"
 1307      655F5374 
 1307      61727400 
 1308              	.LASF13:
 1309 061d 75696E74 		.ascii	"uint32\000"
ARM GAS  C:\Users\Nakio\AppData\Local\Temp\cc8HMMC3.s 			page 29


 1309      333200
 1310              	.LASF80:
 1311 0624 6D61696E 		.ascii	"main.c\000"
 1311      2E6300
 1312              	.LASF5:
 1313 062b 6C6F6E67 		.ascii	"long unsigned int\000"
 1313      20756E73 
 1313      69676E65 
 1313      6420696E 
 1313      7400
 1314              	.LASF55:
 1315 063d 61747472 		.ascii	"attrHandle\000"
 1315      48616E64 
 1315      6C6500
 1316              	.LASF15:
 1317 0648 646F7562 		.ascii	"double\000"
 1317      6C6500
 1318              	.LASF37:
 1319 064f 4359424C 		.ascii	"CYBLE_ERROR_GATT_DB_INVALID_ATTR_HANDLE\000"
 1319      455F4552 
 1319      524F525F 
 1319      47415454 
 1319      5F44425F 
 1320              	.LASF56:
 1321 0677 4359424C 		.ascii	"CYBLE_GATT_HANDLE_VALUE_PAIR_T\000"
 1321      455F4741 
 1321      54545F48 
 1321      414E444C 
 1321      455F5641 
 1322              	.LASF84:
 1323 0696 4379426C 		.ascii	"CyBle_ProcessEvents\000"
 1323      655F5072 
 1323      6F636573 
 1323      73457665 
 1323      6E747300 
 1324              	.LASF85:
 1325 06aa 50726F63 		.ascii	"ProcessingRequest\000"
 1325      65737369 
 1325      6E675265 
 1325      71756573 
 1325      7400
 1326              	.LASF73:
 1327 06bc 424C455F 		.ascii	"BLE_Buffer_Updated\000"
 1327      42756666 
 1327      65725F55 
 1327      70646174 
 1327      656400
 1328              	.LASF70:
 1329 06cf 5443535F 		.ascii	"TCS_Init\000"
 1329      496E6974 
 1329      00
 1330              	.LASF46:
 1331 06d8 4359424C 		.ascii	"CYBLE_ERROR_NTF_DISABLED\000"
 1331      455F4552 
 1331      524F525F 
 1331      4E54465F 
 1331      44495341 
ARM GAS  C:\Users\Nakio\AppData\Local\Temp\cc8HMMC3.s 			page 30


 1332              	.LASF38:
 1333 06f1 4359424C 		.ascii	"CYBLE_ERROR_DEVICE_ALREADY_EXISTS\000"
 1333      455F4552 
 1333      524F525F 
 1333      44455649 
 1333      43455F41 
 1334              	.LASF58:
 1335 0713 414E595F 		.ascii	"ANY_COMMAND\000"
 1335      434F4D4D 
 1335      414E4400 
 1336              	.LASF45:
 1337 071f 4359424C 		.ascii	"CYBLE_ERROR_MAX\000"
 1337      455F4552 
 1337      524F525F 
 1337      4D415800 
 1338              	.LASF49:
 1339 072f 4359424C 		.ascii	"CYBLE_ERROR_INVALID_STATE\000"
 1339      455F4552 
 1339      524F525F 
 1339      494E5641 
 1339      4C49445F 
 1340              	.LASF52:
 1341 0749 61637475 		.ascii	"actualLen\000"
 1341      616C4C65 
 1341      6E00
 1342              	.LASF74:
 1343 0753 4C45445F 		.ascii	"LED_R_Write\000"
 1343      525F5772 
 1343      69746500 
 1344              	.LASF34:
 1345 075f 4359424C 		.ascii	"CYBLE_ERROR_L2CAP_CONNECTION_ENTITY_NOT_FOUND\000"
 1345      455F4552 
 1345      524F525F 
 1345      4C324341 
 1345      505F434F 
 1346              	.LASF47:
 1347 078d 4359424C 		.ascii	"CYBLE_ERROR_IND_DISABLED\000"
 1347      455F4552 
 1347      524F525F 
 1347      494E445F 
 1347      44495341 
 1348              	.LASF75:
 1349 07a6 4C45445F 		.ascii	"LED_G_Write\000"
 1349      475F5772 
 1349      69746500 
 1350              		.ident	"GCC: (GNU Tools for ARM Embedded Processors) 4.9.3 20150303 (release) [ARM/embedded-4_9-br
